Worker-Robot Leads Inited...!<br>
2018-05-11 01:27:35amRobot2 initialized with robot_profile ricarba18<br>
<br>
<br>
<br>
 ---------->Leads extracted and save successfully from profile 1227195030 na tabela leads<br>
<br>
<br>
<br>
 ---------->Leads extracted and save successfully from profile 280951645 na tabela leads<br>
<br>
<br>
<br>
 ---------->Leads extracted and save successfully from profile 1362870770 na tabela leads<br>
<br>
<br>
<br>
 ---------->Leads extracted and save successfully from profile 214577138 na tabela leads<br>
<br>
<br>
<br>
 ---------->Leads extracted and save successfully from profile 1837429199 na tabela leads<br>
<br>
<br>
<br>
 ---------->Leads extracted and save successfully from profile 7532092866 na tabela leads<br>
<br>
<br>
<br>
 ---------->Leads extracted and save successfully from profile 5580782826 na tabela leads<br>
<br>
<br>
<br>
 ---------->Leads extracted and save successfully from profile 1457825981 na tabela leads<br>
<br>
<br>/n<br>/nINSERT INTO dumbu_emails_db.leads (reference_profile_id, username, ds_user_id, is_private, is_business, private_email, biography_email, public_email, public_phone_country_code, public_phone_number, contact_phone_number, phone_number, gender, category, extracted_date, address_street, biography, birthday, city_id, city_name, zip_code, coef_f_weight, country_code, external_url, fb_page_call_to_action_id, fb_u_id, follower_count, full_name, is_verified, media_count, get_show_insights_terms) VALUES ( '132', 'VlB2cFBTQmRORkROM3JWdnZ5OTE=', '1478332297', '', '1',  '', '', 'VlB2cFBTQmRORkROM3JWdnZ5OTFKUi85djcxZ0xsbWJHL2M9',  'QXFzPQ==', 'QmErMGEyc01iZ2FiaXc9PQ==', 'SEt1eWJtTUhiQTJVaHVnODVnPT0=', '',  '', 'Women's Clothing Store', '1526002634',  'WmV2bWZEWmJlM1hld3E5aXFqaHJlM082NCtVOFlqdVhIdnRkVDhHcGJvb3ZJdlhZRWs3Z3dQQnZ5WS95MUxPK1FQMmlpaWk0Wmc5M0NrN0FoRjg5U3ZYTA==', 'MVJJZGZBRlJQQnFNMHZwWXV5VnJkWCszOHV3d1lyUllCN3BNVzZuZEFSclIzYno1RWt6dGdia2d1OGV4bHUvMzdIMjF4V3FnYkdUNzlxV0pvbHMvRUxpSzZCTzlmUGZjWWVuWncwSjM=', '', 'QnErM2IyWUNZZ0daaGU4NDZtb20=', 'WmZmb2ZEWlJlMzdOM2I5aXJESXpOQTN6dmZ4dEoxZXlGZlFZQzVPUw==', '',  '', '', '', '', '', '2033',  'ZFB2cG4vTkdNbHZJMHBka3Vqdy9SamIxOHJoc1lqMlpHdjhVRUk0PQ==', '', '90', '' );<br>/n<br>/n<br>
<br>
ERROR: erro salvando a leads do perfil 1478332297 na tabela leads<br>
<br>
<br>
<br>
 ---------->Leads extracted and save successfully from profile 3251140318 na tabela leads<br>
<br>
<br>
<br>
 ---------->Leads extracted and save successfully from profile 185924006 na tabela leads<br>
<br>
<br>
<br>
 ---------->Leads extracted and save successfully from profile 7659137005 na tabela leads<br>
<br>
<br>
<br>
 ---------->Leads extracted and save successfully from profile 1367977886 na tabela leads<br>
<br>
<br>
<br>
 ---------->Leads extracted and save successfully from profile 4400966807 na tabela leads<br>
<br>
<br>
<br>
 ---------->Leads extracted and save successfully from profile 2371539983 na tabela leads<br>
<br>
<br>
<br>
 ---------->Leads extracted and save successfully from profile 5467164641 na tabela leads<br>
<br>
<br>
<br>
 ---------->Leads extracted and save successfully from profile 5390451974 na tabela leads<br>
<br>
 Client ---> pedropetti  Campaing --> 9  Profile --> oramainvestimentos:  proccess correctly<br><br>

<br>
<br>
 ---------->Leads extracted and save successfully from profile 7711731520 na tabela leads<br>
<br>
<br>
<br>
 ---------->Leads extracted and save successfully from profile 795734836 na tabela leads<br>
<br>
<br>
<br>
 ---------->Leads extracted and save successfully from profile 6037427700 na tabela leads<br>
<br>
<br>
<br>
 ---------->Leads extracted and save successfully from profile 5860795866 na tabela leads<br>
<br>
<br>
<br>
 ---------->Leads extracted and save successfully from profile 5793413338 na tabela leads<br>
<br>
<br>
<br>
 ---------->Leads extracted and save successfully from profile 783670381 na tabela leads<br>
<br>
<br>
<br>
 ---------->Leads extracted and save successfully from profile 7550399815 na tabela leads<br>
<br>
<br>
<br>
 ---------->Leads extracted and save successfully from profile 7715299935 na tabela leads<br>
<br>
<br>
<br>
 ---------->Leads extracted and save successfully from profile 26085841 na tabela leads<br>
<br>
<br>
<br>
 ---------->Leads extracted and save successfully from profile 3228296534 na tabela leads<br>
<br>
<br>
<br>
 ---------->Leads extracted and save successfully from profile 401389632 na tabela leads<br>
<br>
<br>
<br>
 ---------->Leads extracted and save successfully from profile 5676058631 na tabela leads<br>
<br>
<br>
<br>
 ---------->Leads extracted and save successfully from profile 3406152992 na tabela leads<br>
<br>
<br>
<br>
 ---------->Leads extracted and save successfully from profile 6103851625 na tabela leads<br>
<br>
<br>
<br>
 ---------->Leads extracted and save successfully from profile 268122174 na tabela leads<br>
<br>
<br>
<br>
 ---------->Leads extracted and save successfully from profile 54406037 na tabela leads<br>
<br>
<br>
<br>
 ---------->Leads extracted and save successfully from profile 4217156379 na tabela leads<br>
<br>
<br>
<br>
 ---------->Leads extracted and save successfully from profile 345907635 na tabela leads<br>
<br>
<br>
<br>
 ---------->Leads extracted and save successfully from profile 3426802095 na tabela leads<br>
<br>
<br>
<br>
 ---------->Leads extracted and save successfully from profile 7259156446 na tabela leads<br>
<br>
<br>
<br>
 ---------->Leads extracted and save successfully from profile 311576197 na tabela leads<br>
<br>
<br>
<br>
 ---------->Leads extracted and save successfully from profile 974570918 na tabela leads<br>
<br>
<br>
<br>
 ---------->Leads extracted and save successfully from profile 1569883749 na tabela leads<br>
<br>
<br>
<br>
 ---------->Leads extracted and save successfully from profile 1092812326 na tabela leads<br>
<br>
<br>
<br>
 ---------->Leads extracted and save successfully from profile 216829335 na tabela leads<br>
<br>
<br>
<br>
 ---------->Leads extracted and save successfully from profile 7438260349 na tabela leads<br>
<br>
<br>
<br>
 ---------->Leads extracted and save successfully from profile 7162187859 na tabela leads<br>
<br>
 Client ---> pedropetti  Campaing --> 10  Profile --> bancointer:  proccess correctly<br><br>

<br>
<br>
 ---------->Leads extracted and save successfully from profile 263998971 na tabela leads<br>
<br>
<br>
<br>
 ---------->Leads extracted and save successfully from profile 193487246 na tabela leads<br>
<br>
<br>
<br>
 ---------->Leads extracted and save successfully from profile 7389912244 na tabela leads<br>
<br>
<br>
<br>
 ---------->Leads extracted and save successfully from profile 288913779 na tabela leads<br>
<br>
<br>
<br>
 ---------->Leads extracted and save successfully from profile 7127016891 na tabela leads<br>
<br>
<br>
<br>
 ---------->Leads extracted and save successfully from profile 438789747 na tabela leads<br>
<br>
<br>
<br>
 ---------->Leads extracted and save successfully from profile 212805352 na tabela leads<br>
<br>
<br>
<br>
 ---------->Leads extracted and save successfully from profile 2291836991 na tabela leads<br>
<br>
<br>
<br>
 ---------->Leads extracted and save successfully from profile 1586038981 na tabela leads<br>
<br>
<br>
<br>
 ---------->Leads extracted and save successfully from profile 5525038929 na tabela leads<br>
<br>
<br>
<br>
 ---------->Leads extracted and save successfully from profile 185212365 na tabela leads<br>
<br>
 Client ---> pedropetti  Campaing --> 10  Profile --> bancodaycoval:  proccess correctly<br><br>

<br>
<br>
 ---------->Leads extracted and save successfully from profile 6692795104 na tabela leads<br>
<br>
<br>
<br>
 ---------->Leads extracted and save successfully from profile 1447095309 na tabela leads<br>
<br>
<br>
<br>
 ---------->Leads extracted and save successfully from profile 7362742432 na tabela leads<br>
<br>
<br>
<br>
 ---------->Leads extracted and save successfully from profile 7620257900 na tabela leads<br>
<br>
<br>
<br>
 ---------->Leads extracted and save successfully from profile 7615860646 na tabela leads<br>
<br>
<br>
<br>
 ---------->Leads extracted and save successfully from profile 7069552188 na tabela leads<br>
<br>
<br>
<br>
 ---------->Leads extracted and save successfully from profile 6037427700 na tabela leads<br>
<br>
<br>
<br>
 ---------->Leads extracted and save successfully from profile 264691708 na tabela leads<br>
<br>
<br>
<br>
 ---------->Leads extracted and save successfully from profile 596319183 na tabela leads<br>
<br>
 Client ---> pedropetti  Campaing --> 8  Profile --> nubankbrasil: Throttled by Instagram because of too many API requests.<br><br>

<br>
<br>
 ---------->Leads extracted and save successfully from profile 2031478894 na tabela leads<br>
<br>
<br>
<br>
 ---------->Leads extracted and save successfully from profile 355890473 na tabela leads<br>
<br>
<br>
<br>
 ---------->Leads extracted and save successfully from profile 517126797 na tabela leads<br>
<br>
<br>
<br>
 ---------->Leads extracted and save successfully from profile 275303421 na tabela leads<br>
<br>
<br>
<br>
 ---------->Leads extracted and save successfully from profile 7053536781 na tabela leads<br>
<br>
<br>
<br>
 ---------->Leads extracted and save successfully from profile 2954162012 na tabela leads<br>
<br>
<br>
<br>
 ---------->Leads extracted and save successfully from profile 448047123 na tabela leads<br>
<br>
<br>
<br>
 ---------->Leads extracted and save successfully from profile 559580761 na tabela leads<br>
<br>
<br>
<br>
 ---------->Leads extracted and save successfully from profile 5568228691 na tabela leads<br>
<br>
<br>
<br>
 ---------->Leads extracted and save successfully from profile 2951101270 na tabela leads<br>
<br>
<br>
<br>
 ---------->Leads extracted and save successfully from profile 315653880 na tabela leads<br>
<br>
<br>
<br>
 ---------->Leads extracted and save successfully from profile 4608445441 na tabela leads<br>
<br>
<br>
<br>
 ---------->Leads extracted and save successfully from profile 1453984294 na tabela leads<br>
<br>
<br>
<br>
 ---------->Leads extracted and save successfully from profile 204773042 na tabela leads<br>
<br>
<br>
<br>
 ---------->Leads extracted and save successfully from profile 3301495221 na tabela leads<br>
<br>
<br>
<br>
 ---------->Leads extracted and save successfully from profile 39803059 na tabela leads<br>
<br>
<br>
<br>
 ---------->Leads extracted and save successfully from profile 960192648 na tabela leads<br>
<br>
 Client ---> pedropetti  Campaing --> 7  Profile --> meudigio:  proccess correctly<br><br>

<br>
<br>
 ---------->Leads extracted and save successfully from profile 7469071329 na tabela leads<br>
<br>
<br>
<br>
 ---------->Leads extracted and save successfully from profile 1491003605 na tabela leads<br>
<br>
<br>
<br>
 ---------->Leads extracted and save successfully from profile 934860926 na tabela leads<br>
<br>
<br>
<br>
 ---------->Leads extracted and save successfully from profile 1834051911 na tabela leads<br>
<br>
<br>
<br>
 ---------->Leads extracted and save successfully from profile 1287391647 na tabela leads<br>
<br>
<br>
<br>
 ---------->Leads extracted and save successfully from profile 1698241816 na tabela leads<br>
<br>
 Client ---> pedropetti  Campaing --> 6  Profile --> bradesco: Throttled by Instagram because of too many API requests.<br><br>

<br />
<b>Notice</b>:  Undefined offset: 0 in <b>/opt/lampp/htdocs/leads/worker/class/Robot.php</b> on line <b>277</b><br />
array(0) {
}
curl 'https://www.instagram.com/graphql/query/?query_hash=ac38b90f0f3981c42092016a37c59bf7&variables=%7B%22id%22%3A%22481100643%22%2C%22first%22%3A50%2C%22after%22%3A%22%22%7D' -H 'Cookie: mid=WrseFgABAAHpI3WnYEA-_GmTL5ym; sessionid=IGSC3b4531647a02cf5460d95b0db8ffec6b7b9376d535997f192fb508820c920f9f%3AAfQ6O8I9mjysQmvQZmd23WuDWUYpNNOV%3A%7B%22_auth_user_id%22%3A7307005960%2C%22_auth_user_backend%22%3A%22accounts.backends.CaseInsensitiveModelBackend%22%2C%22_auth_user_hash%22%3A%22%22%2C%22_platform%22%3A1%2C%22_token_ver%22%3A2%2C%22_token%22%3A%227307005960%3AmL82N0gmYPTPO662G5XTCQ9QQGNAPfmW%3Af54a4d32d66d3a25817fb4ae73c104fa8e60b5c943cef13f283dd1bfc6c2a43a%22%2C%22last_refreshed%22%3A1524103395.8317873478%7D; s_network=; ig_pr=1; ig_vw=1855; csrftoken=b8ZIUh1kP3qdCpEBOu6BJJcyC4N3z9qM; ds_user_id=7307005960' -H 'X-CSRFToken: b8ZIUh1kP3qdCpEBOu6BJJcyC4N3z9qM' -H 'Origin: https://www.instagram.com' -H 'Accept-Encoding: gzip, deflate' -H 'Accept-Language: pt-BR,pt;q=0.8,en-US;q=0.6,en;q=0.4' -H 'User-Agent: Mozilla/5.0 (X11; Ubuntu; Linux x86_64; rv:49.0) Gecko/20100101 Firefox/49.0' -H 'X-Requested-with: XMLHttpRequest' -H 'content-type: application/x-www-form-urlencoded' -H 'Accept: */*' -H 'Referer: https://www.instagram.com/' -H 'Authority: www.instagram.com' --compressed <br>
 Untrated error in Geolocation!!! Client ---> josergm86  Campaing --> 2  Profile --> icarai:  proccess correctly<br><br>

<br />
<b>Notice</b>:  Undefined offset: 0 in <b>/opt/lampp/htdocs/leads/worker/class/Robot.php</b> on line <b>277</b><br />
array(0) {
}
curl 'https://www.instagram.com/graphql/query/?query_hash=ac38b90f0f3981c42092016a37c59bf7&variables=%7B%22id%22%3A%22213369624%22%2C%22first%22%3A50%2C%22after%22%3A%22%22%7D' -H 'Cookie: mid=WrseFgABAAHpI3WnYEA-_GmTL5ym; sessionid=IGSC3b4531647a02cf5460d95b0db8ffec6b7b9376d535997f192fb508820c920f9f%3AAfQ6O8I9mjysQmvQZmd23WuDWUYpNNOV%3A%7B%22_auth_user_id%22%3A7307005960%2C%22_auth_user_backend%22%3A%22accounts.backends.CaseInsensitiveModelBackend%22%2C%22_auth_user_hash%22%3A%22%22%2C%22_platform%22%3A1%2C%22_token_ver%22%3A2%2C%22_token%22%3A%227307005960%3AmL82N0gmYPTPO662G5XTCQ9QQGNAPfmW%3Af54a4d32d66d3a25817fb4ae73c104fa8e60b5c943cef13f283dd1bfc6c2a43a%22%2C%22last_refreshed%22%3A1524103395.8317873478%7D; s_network=; ig_pr=1; ig_vw=1855; csrftoken=b8ZIUh1kP3qdCpEBOu6BJJcyC4N3z9qM; ds_user_id=7307005960' -H 'X-CSRFToken: b8ZIUh1kP3qdCpEBOu6BJJcyC4N3z9qM' -H 'Origin: https://www.instagram.com' -H 'Accept-Encoding: gzip, deflate' -H 'Accept-Language: pt-BR,pt;q=0.8,en-US;q=0.6,en;q=0.4' -H 'User-Agent: Mozilla/5.0 (X11; Ubuntu; Linux x86_64; rv:49.0) Gecko/20100101 Firefox/49.0' -H 'X-Requested-with: XMLHttpRequest' -H 'content-type: application/x-www-form-urlencoded' -H 'Accept: */*' -H 'Referer: https://www.instagram.com/' -H 'Authority: www.instagram.com' --compressed <br>
 Untrated error in Geolocation!!! Client ---> josergm86  Campaing --> 2  Profile --> niteroi-rio-de-janeiro-brazil:  proccess correctly<br><br>

<br />
<b>Notice</b>:  Undefined offset: 0 in <b>/opt/lampp/htdocs/leads/worker/class/Robot.php</b> on line <b>393</b><br />
array(0) {
}
curl 'https://www.instagram.com/graphql/query/?query_hash=298b92c8d7cad703f7565aa892ede943&variables=%7B%22tag_name%22%3A%22amores%22%2C%22first%22%3A2%2C%22after%22%3A%22%22%7D' -H 'Cookie: mid=WrseFgABAAHpI3WnYEA-_GmTL5ym; sessionid=IGSC3b4531647a02cf5460d95b0db8ffec6b7b9376d535997f192fb508820c920f9f%3AAfQ6O8I9mjysQmvQZmd23WuDWUYpNNOV%3A%7B%22_auth_user_id%22%3A7307005960%2C%22_auth_user_backend%22%3A%22accounts.backends.CaseInsensitiveModelBackend%22%2C%22_auth_user_hash%22%3A%22%22%2C%22_platform%22%3A1%2C%22_token_ver%22%3A2%2C%22_token%22%3A%227307005960%3AmL82N0gmYPTPO662G5XTCQ9QQGNAPfmW%3Af54a4d32d66d3a25817fb4ae73c104fa8e60b5c943cef13f283dd1bfc6c2a43a%22%2C%22last_refreshed%22%3A1524103395.8317873478%7D; s_network=; ig_pr=1; ig_vw=1855; csrftoken=b8ZIUh1kP3qdCpEBOu6BJJcyC4N3z9qM; ds_user_id=7307005960' -H 'X-CSRFToken: b8ZIUh1kP3qdCpEBOu6BJJcyC4N3z9qM' -H 'Origin: https://www.instagram.com' -H 'Accept-Encoding: gzip, deflate' -H 'Accept-Language: pt-BR,pt;q=0.8,en-US;q=0.6,en;q=0.4' -H 'User-Agent: Mozilla/5.0 (X11; Ubuntu; Linux x86_64; rv:49.0) Gecko/20100101 Firefox/49.0' -H 'X-Requested-with: XMLHttpRequest' -H 'content-type: application/x-www-form-urlencoded' -H 'Accept: */*' -H 'Referer: https://www.instagram.com/' -H 'Authority: www.instagram.com' --compressed <br>n<br>
 Untrated error!!!<br>
<br>
 Client ---> josergm86  Campaing --> 3  Profile --> amores:  proccess correctly<br><br>

<br />
<b>Notice</b>:  Undefined offset: 0 in <b>/opt/lampp/htdocs/leads/worker/class/Robot.php</b> on line <b>393</b><br />
array(0) {
}
curl 'https://www.instagram.com/graphql/query/?query_hash=298b92c8d7cad703f7565aa892ede943&variables=%7B%22tag_name%22%3A%22vidaloca%22%2C%22first%22%3A2%2C%22after%22%3A%22%22%7D' -H 'Cookie: mid=WrseFgABAAHpI3WnYEA-_GmTL5ym; sessionid=IGSC3b4531647a02cf5460d95b0db8ffec6b7b9376d535997f192fb508820c920f9f%3AAfQ6O8I9mjysQmvQZmd23WuDWUYpNNOV%3A%7B%22_auth_user_id%22%3A7307005960%2C%22_auth_user_backend%22%3A%22accounts.backends.CaseInsensitiveModelBackend%22%2C%22_auth_user_hash%22%3A%22%22%2C%22_platform%22%3A1%2C%22_token_ver%22%3A2%2C%22_token%22%3A%227307005960%3AmL82N0gmYPTPO662G5XTCQ9QQGNAPfmW%3Af54a4d32d66d3a25817fb4ae73c104fa8e60b5c943cef13f283dd1bfc6c2a43a%22%2C%22last_refreshed%22%3A1524103395.8317873478%7D; s_network=; ig_pr=1; ig_vw=1855; csrftoken=b8ZIUh1kP3qdCpEBOu6BJJcyC4N3z9qM; ds_user_id=7307005960' -H 'X-CSRFToken: b8ZIUh1kP3qdCpEBOu6BJJcyC4N3z9qM' -H 'Origin: https://www.instagram.com' -H 'Accept-Encoding: gzip, deflate' -H 'Accept-Language: pt-BR,pt;q=0.8,en-US;q=0.6,en;q=0.4' -H 'User-Agent: Mozilla/5.0 (X11; Ubuntu; Linux x86_64; rv:49.0) Gecko/20100101 Firefox/49.0' -H 'X-Requested-with: XMLHttpRequest' -H 'content-type: application/x-www-form-urlencoded' -H 'Accept: */*' -H 'Referer: https://www.instagram.com/' -H 'Authority: www.instagram.com' --compressed <br>n<br>
 Untrated error!!!<br>
<br>
 Client ---> josergm86  Campaing --> 3  Profile --> vidaloca:  proccess correctly<br><br>

<br />
<b>Notice</b>:  Undefined offset: 0 in <b>/opt/lampp/htdocs/leads/worker/class/Robot.php</b> on line <b>393</b><br />
array(0) {
}
curl 'https://www.instagram.com/graphql/query/?query_hash=298b92c8d7cad703f7565aa892ede943&variables=%7B%22tag_name%22%3A%22santanderselect%22%2C%22first%22%3A2%2C%22after%22%3A%22%22%7D' -H 'Cookie: mid=WrseFgABAAHpI3WnYEA-_GmTL5ym; sessionid=IGSC3b4531647a02cf5460d95b0db8ffec6b7b9376d535997f192fb508820c920f9f%3AAfQ6O8I9mjysQmvQZmd23WuDWUYpNNOV%3A%7B%22_auth_user_id%22%3A7307005960%2C%22_auth_user_backend%22%3A%22accounts.backends.CaseInsensitiveModelBackend%22%2C%22_auth_user_hash%22%3A%22%22%2C%22_platform%22%3A1%2C%22_token_ver%22%3A2%2C%22_token%22%3A%227307005960%3AmL82N0gmYPTPO662G5XTCQ9QQGNAPfmW%3Af54a4d32d66d3a25817fb4ae73c104fa8e60b5c943cef13f283dd1bfc6c2a43a%22%2C%22last_refreshed%22%3A1524103395.8317873478%7D; s_network=; ig_pr=1; ig_vw=1855; csrftoken=b8ZIUh1kP3qdCpEBOu6BJJcyC4N3z9qM; ds_user_id=7307005960' -H 'X-CSRFToken: b8ZIUh1kP3qdCpEBOu6BJJcyC4N3z9qM' -H 'Origin: https://www.instagram.com' -H 'Accept-Encoding: gzip, deflate' -H 'Accept-Language: pt-BR,pt;q=0.8,en-US;q=0.6,en;q=0.4' -H 'User-Agent: Mozilla/5.0 (X11; Ubuntu; Linux x86_64; rv:49.0) Gecko/20100101 Firefox/49.0' -H 'X-Requested-with: XMLHttpRequest' -H 'content-type: application/x-www-form-urlencoded' -H 'Accept: */*' -H 'Referer: https://www.instagram.com/' -H 'Authority: www.instagram.com' --compressed <br>n<br>
 Untrated error!!!<br>
<br>
 Client ---> pedropetti  Campaing --> 4  Profile --> santanderselect:  proccess correctly<br><br>

<br>
<br>
 ---------->Leads extracted and save successfully from profile 4870427827 na tabela leads<br>
<br>
<br>
<br>
 ---------->Leads extracted and save successfully from profile 243891874 na tabela leads<br>
<br>
<br>
<br>
 ---------->Leads extracted and save successfully from profile 3947272444 na tabela leads<br>
<br>
<br>
<br>
 ---------->Leads extracted and save successfully from profile 176986256 na tabela leads<br>
<br>
<br>
<br>
 ---------->Leads extracted and save successfully from profile 7019299622 na tabela leads<br>
<br>
 Client ---> josergm86  Campaing --> 1  Profile --> nike: InstagramAPI\Response\UserInfoResponse: User not found.<br><br>

<br />
<b>Notice</b>:  Undefined offset: 0 in <b>/opt/lampp/htdocs/leads/worker/class/Robot.php</b> on line <b>393</b><br />
array(0) {
}
curl 'https://www.instagram.com/graphql/query/?query_hash=298b92c8d7cad703f7565aa892ede943&variables=%7B%22tag_name%22%3A%22santanderselect%22%2C%22first%22%3A2%2C%22after%22%3A%22%22%7D' -H 'Cookie: mid=WrseFgABAAHpI3WnYEA-_GmTL5ym; sessionid=IGSC3b4531647a02cf5460d95b0db8ffec6b7b9376d535997f192fb508820c920f9f%3AAfQ6O8I9mjysQmvQZmd23WuDWUYpNNOV%3A%7B%22_auth_user_id%22%3A7307005960%2C%22_auth_user_backend%22%3A%22accounts.backends.CaseInsensitiveModelBackend%22%2C%22_auth_user_hash%22%3A%22%22%2C%22_platform%22%3A1%2C%22_token_ver%22%3A2%2C%22_token%22%3A%227307005960%3AmL82N0gmYPTPO662G5XTCQ9QQGNAPfmW%3Af54a4d32d66d3a25817fb4ae73c104fa8e60b5c943cef13f283dd1bfc6c2a43a%22%2C%22last_refreshed%22%3A1524103395.8317873478%7D; s_network=; ig_pr=1; ig_vw=1855; csrftoken=b8ZIUh1kP3qdCpEBOu6BJJcyC4N3z9qM; ds_user_id=7307005960' -H 'X-CSRFToken: b8ZIUh1kP3qdCpEBOu6BJJcyC4N3z9qM' -H 'Origin: https://www.instagram.com' -H 'Accept-Encoding: gzip, deflate' -H 'Accept-Language: pt-BR,pt;q=0.8,en-US;q=0.6,en;q=0.4' -H 'User-Agent: Mozilla/5.0 (X11; Ubuntu; Linux x86_64; rv:49.0) Gecko/20100101 Firefox/49.0' -H 'X-Requested-with: XMLHttpRequest' -H 'content-type: application/x-www-form-urlencoded' -H 'Accept: */*' -H 'Referer: https://www.instagram.com/' -H 'Authority: www.instagram.com' --compressed <br>n<br>
 Untrated error!!!<br>
<br>
 Client ---> josergm86  Campaing --> 3  Profile --> santanderselect:  proccess correctly<br><br>

<br>
<br>
 ---------->Leads extracted and save successfully from profile 3245529385 na tabela leads<br>
<br>
<br>
<br>
 ---------->Leads extracted and save successfully from profile 6333039261 na tabela leads<br>
<br>
<br>
<br>
 ---------->Leads extracted and save successfully from profile 6028257104 na tabela leads<br>
<br>
<br>
<br>
 ---------->Leads extracted and save successfully from profile 6368448886 na tabela leads<br>
<br>
<br>
<br>
 ---------->Leads extracted and save successfully from profile 6424313183 na tabela leads<br>
<br>
<br>
<br>
 ---------->Leads extracted and save successfully from profile 6192438339 na tabela leads<br>
<br>
<br>
<br>
 ---------->Leads extracted and save successfully from profile 1675767801 na tabela leads<br>
<br>
<br>
<br>
 ---------->Leads extracted and save successfully from profile 1991454306 na tabela leads<br>
<br>
<br>
<br>
 ---------->Leads extracted and save successfully from profile 7574292372 na tabela leads<br>
<br>
<br>
<br>
 ---------->Leads extracted and save successfully from profile 6971527800 na tabela leads<br>
<br>
<br>
<br>
 ---------->Leads extracted and save successfully from profile 5894625027 na tabela leads<br>
<br>
<br>
<br>
 ---------->Leads extracted and save successfully from profile 3676494997 na tabela leads<br>
<br>
<br>
<br>
 ---------->Leads extracted and save successfully from profile 525585577 na tabela leads<br>
<br>
<br>
<br>
 ---------->Leads extracted and save successfully from profile 7581830444 na tabela leads<br>
<br>
<br>
<br>
 ---------->Leads extracted and save successfully from profile 2043322800 na tabela leads<br>
<br>
<br>
<br>
 ---------->Leads extracted and save successfully from profile 269215620 na tabela leads<br>
<br>
<br>
<br>
 ---------->Leads extracted and save successfully from profile 396334666 na tabela leads<br>
<br>
<br>
<br>
 ---------->Leads extracted and save successfully from profile 206874720 na tabela leads<br>
<br>
<br>
<br>
 ---------->Leads extracted and save successfully from profile 872357439 na tabela leads<br>
<br>
<br>
<br>
 ---------->Leads extracted and save successfully from profile 585312471 na tabela leads<br>
<br>
<br>
<br>
 ---------->Leads extracted and save successfully from profile 7096211 na tabela leads<br>
<br>
 Client ---> pedropetti  Campaing --> 9  Profile --> oramainvestimentos:  proccess correctly<br><br>

<br>
<br>
 ---------->Leads extracted and save successfully from profile 2300666393 na tabela leads<br>
<br>
<br>
<br>
 ---------->Leads extracted and save successfully from profile 1759560826 na tabela leads<br>
<br>
<br>
<br>
 ---------->Leads extracted and save successfully from profile 4001538887 na tabela leads<br>
<br>
<br>
<br>
 ---------->Leads extracted and save successfully from profile 4831279116 na tabela leads<br>
<br>
<br>
<br>
 ---------->Leads extracted and save successfully from profile 6256853955 na tabela leads<br>
<br>
<br>
<br>
 ---------->Leads extracted and save successfully from profile 202495032 na tabela leads<br>
<br>
<br>
<br>
 ---------->Leads extracted and save successfully from profile 42154138 na tabela leads<br>
<br>
<br>
<br>
 ---------->Leads extracted and save successfully from profile 3436465999 na tabela leads<br>
<br>
 Client ---> pedropetti  Campaing --> 10  Profile --> bancointer: Throttled by Instagram because of too many API requests.<br><br>

<br>
<br>
 ---------->Leads extracted and save successfully from profile 388022458 na tabela leads<br>
<br>
<br>
<br>
 ---------->Leads extracted and save successfully from profile 7543334389 na tabela leads<br>
<br>
<br>
<br>
 ---------->Leads extracted and save successfully from profile 346762428 na tabela leads<br>
<br>
<br>
<br>
 ---------->Leads extracted and save successfully from profile 28638628 na tabela leads<br>
<br>
<br>
<br>
 ---------->Leads extracted and save successfully from profile 7548905004 na tabela leads<br>
<br>
<br>
<br>
 ---------->Leads extracted and save successfully from profile 1213949141 na tabela leads<br>
<br>
<br>
<br>
 ---------->Leads extracted and save successfully from profile 2892491541 na tabela leads<br>
<br>
<br>
<br>
 ---------->Leads extracted and save successfully from profile 7180615153 na tabela leads<br>
<br>
<br>
<br>
 ---------->Leads extracted and save successfully from profile 6167105277 na tabela leads<br>
<br>
<br>
<br>
 ---------->Leads extracted and save successfully from profile 298135271 na tabela leads<br>
<br>
<br>
<br>
 ---------->Leads extracted and save successfully from profile 7541154113 na tabela leads<br>
<br>
<br>
<br>
 ---------->Leads extracted and save successfully from profile 27913065 na tabela leads<br>
<br>
<br>
<br>
 ---------->Leads extracted and save successfully from profile 3198239591 na tabela leads<br>
<br>
<br>
<br>
 ---------->Leads extracted and save successfully from profile 5447126497 na tabela leads<br>
<br>
 Client ---> pedropetti  Campaing --> 10  Profile --> bancodaycoval: Throttled by Instagram because of too many API requests.<br><br>

<br>
<br>
 ---------->Leads extracted and save successfully from profile 3609684739 na tabela leads<br>
<br>
<br>
<br>
 ---------->Leads extracted and save successfully from profile 1930074303 na tabela leads<br>
<br>
<br>
<br>
 ---------->Leads extracted and save successfully from profile 1317251498 na tabela leads<br>
<br>
<br>
<br>
 ---------->Leads extracted and save successfully from profile 6975122421 na tabela leads<br>
<br>
<br>
<br>
 ---------->Leads extracted and save successfully from profile 3049789598 na tabela leads<br>
<br>
<br>
<br>
 ---------->Leads extracted and save successfully from profile 1657904854 na tabela leads<br>
<br>
<br>
<br>
 ---------->Leads extracted and save successfully from profile 6913575472 na tabela leads<br>
<br>
<br>
<br>
 ---------->Leads extracted and save successfully from profile 22068456 na tabela leads<br>
<br>
<br>
<br>
 ---------->Leads extracted and save successfully from profile 2522306017 na tabela leads<br>
<br>
<br>
<br>
 ---------->Leads extracted and save successfully from profile 5736488384 na tabela leads<br>
<br>
<br>
<br>
 ---------->Leads extracted and save successfully from profile 5677187835 na tabela leads<br>
<br>
 Client ---> pedropetti  Campaing --> 9  Profile --> warrenbrasil: Throttled by Instagram because of too many API requests.<br><br>

<br>
<br>
 ---------->Leads extracted and save successfully from profile 274679812 na tabela leads<br>
<br>
<br>
<br>
 ---------->Leads extracted and save successfully from profile 6320761861 na tabela leads<br>
<br>
<br>
<br>
 ---------->Leads extracted and save successfully from profile 5355312528 na tabela leads<br>
<br>
<br>
<br>
 ---------->Leads extracted and save successfully from profile 2151447510 na tabela leads<br>
<br>
<br>
<br>
 ---------->Leads extracted and save successfully from profile 214198232 na tabela leads<br>
<br>
 Client ---> pedropetti  Campaing --> 7  Profile --> meudigio: Throttled by Instagram because of too many API requests.<br><br>

<br>
<br>
 ---------->Leads extracted and save successfully from profile 7469071329 na tabela leads<br>
<br>
<br>
<br>
 ---------->Leads extracted and save successfully from profile 1491003605 na tabela leads<br>
<br>
<br>
<br>
 ---------->Leads extracted and save successfully from profile 934860926 na tabela leads<br>
<br>
<br>
<br>
 ---------->Leads extracted and save successfully from profile 1834051911 na tabela leads<br>
<br>
<br>
<br>
 ---------->Leads extracted and save successfully from profile 1287391647 na tabela leads<br>
<br>
<br>
<br>
 ---------->Leads extracted and save successfully from profile 1698241816 na tabela leads<br>
<br>
<br>
<br>
 ---------->Leads extracted and save successfully from profile 7259156446 na tabela leads<br>
<br>
<br>
<br>
 ---------->Leads extracted and save successfully from profile 2349115154 na tabela leads<br>
<br>
 Client ---> pedropetti  Campaing --> 6  Profile --> bradesco: Throttled by Instagram because of too many API requests.<br><br>

<br>
<br>
 ---------->Leads extracted and save successfully from profile 6329939 na tabela leads<br>
<br>
<br>
<br>
 ---------->Leads extracted and save successfully from profile 246178112 na tabela leads<br>
<br>
<br>
<br>
 ---------->Leads extracted and save successfully from profile 243573229 na tabela leads<br>
<br>
<br>
<br>
 ---------->Leads extracted and save successfully from profile 293432280 na tabela leads<br>
<br>
 Client ---> pedropetti  Campaing --> 5  Profile --> itaupersonnalite: Throttled by Instagram because of too many API requests.<br><br>

<br />
<b>Notice</b>:  Undefined offset: 0 in <b>/opt/lampp/htdocs/leads/worker/class/Robot.php</b> on line <b>277</b><br />
array(0) {
}
curl 'https://www.instagram.com/graphql/query/?query_hash=ac38b90f0f3981c42092016a37c59bf7&variables=%7B%22id%22%3A%22481100643%22%2C%22first%22%3A50%2C%22after%22%3A%22%22%7D' -H 'Cookie: mid=WrseFgABAAHpI3WnYEA-_GmTL5ym; sessionid=IGSC3b4531647a02cf5460d95b0db8ffec6b7b9376d535997f192fb508820c920f9f%3AAfQ6O8I9mjysQmvQZmd23WuDWUYpNNOV%3A%7B%22_auth_user_id%22%3A7307005960%2C%22_auth_user_backend%22%3A%22accounts.backends.CaseInsensitiveModelBackend%22%2C%22_auth_user_hash%22%3A%22%22%2C%22_platform%22%3A1%2C%22_token_ver%22%3A2%2C%22_token%22%3A%227307005960%3AmL82N0gmYPTPO662G5XTCQ9QQGNAPfmW%3Af54a4d32d66d3a25817fb4ae73c104fa8e60b5c943cef13f283dd1bfc6c2a43a%22%2C%22last_refreshed%22%3A1524103395.8317873478%7D; s_network=; ig_pr=1; ig_vw=1855; csrftoken=b8ZIUh1kP3qdCpEBOu6BJJcyC4N3z9qM; ds_user_id=7307005960' -H 'X-CSRFToken: b8ZIUh1kP3qdCpEBOu6BJJcyC4N3z9qM' -H 'Origin: https://www.instagram.com' -H 'Accept-Encoding: gzip, deflate' -H 'Accept-Language: pt-BR,pt;q=0.8,en-US;q=0.6,en;q=0.4' -H 'User-Agent: Mozilla/5.0 (X11; Ubuntu; Linux x86_64; rv:49.0) Gecko/20100101 Firefox/49.0' -H 'X-Requested-with: XMLHttpRequest' -H 'content-type: application/x-www-form-urlencoded' -H 'Accept: */*' -H 'Referer: https://www.instagram.com/' -H 'Authority: www.instagram.com' --compressed <br>
 Untrated error in Geolocation!!! Client ---> josergm86  Campaing --> 2  Profile --> icarai:  proccess correctly<br><br>

<br />
<b>Notice</b>:  Undefined offset: 0 in <b>/opt/lampp/htdocs/leads/worker/class/Robot.php</b> on line <b>277</b><br />
array(0) {
}
curl 'https://www.instagram.com/graphql/query/?query_hash=ac38b90f0f3981c42092016a37c59bf7&variables=%7B%22id%22%3A%22213369624%22%2C%22first%22%3A50%2C%22after%22%3A%22%22%7D' -H 'Cookie: mid=WrseFgABAAHpI3WnYEA-_GmTL5ym; sessionid=IGSC3b4531647a02cf5460d95b0db8ffec6b7b9376d535997f192fb508820c920f9f%3AAfQ6O8I9mjysQmvQZmd23WuDWUYpNNOV%3A%7B%22_auth_user_id%22%3A7307005960%2C%22_auth_user_backend%22%3A%22accounts.backends.CaseInsensitiveModelBackend%22%2C%22_auth_user_hash%22%3A%22%22%2C%22_platform%22%3A1%2C%22_token_ver%22%3A2%2C%22_token%22%3A%227307005960%3AmL82N0gmYPTPO662G5XTCQ9QQGNAPfmW%3Af54a4d32d66d3a25817fb4ae73c104fa8e60b5c943cef13f283dd1bfc6c2a43a%22%2C%22last_refreshed%22%3A1524103395.8317873478%7D; s_network=; ig_pr=1; ig_vw=1855; csrftoken=b8ZIUh1kP3qdCpEBOu6BJJcyC4N3z9qM; ds_user_id=7307005960' -H 'X-CSRFToken: b8ZIUh1kP3qdCpEBOu6BJJcyC4N3z9qM' -H 'Origin: https://www.instagram.com' -H 'Accept-Encoding: gzip, deflate' -H 'Accept-Language: pt-BR,pt;q=0.8,en-US;q=0.6,en;q=0.4' -H 'User-Agent: Mozilla/5.0 (X11; Ubuntu; Linux x86_64; rv:49.0) Gecko/20100101 Firefox/49.0' -H 'X-Requested-with: XMLHttpRequest' -H 'content-type: application/x-www-form-urlencoded' -H 'Accept: */*' -H 'Referer: https://www.instagram.com/' -H 'Authority: www.instagram.com' --compressed <br>
 Untrated error in Geolocation!!! Client ---> josergm86  Campaing --> 2  Profile --> niteroi-rio-de-janeiro-brazil:  proccess correctly<br><br>

<br />
<b>Notice</b>:  Undefined offset: 0 in <b>/opt/lampp/htdocs/leads/worker/class/Robot.php</b> on line <b>393</b><br />
array(0) {
}
curl 'https://www.instagram.com/graphql/query/?query_hash=298b92c8d7cad703f7565aa892ede943&variables=%7B%22tag_name%22%3A%22amores%22%2C%22first%22%3A2%2C%22after%22%3A%22%22%7D' -H 'Cookie: mid=WrseFgABAAHpI3WnYEA-_GmTL5ym; sessionid=IGSC3b4531647a02cf5460d95b0db8ffec6b7b9376d535997f192fb508820c920f9f%3AAfQ6O8I9mjysQmvQZmd23WuDWUYpNNOV%3A%7B%22_auth_user_id%22%3A7307005960%2C%22_auth_user_backend%22%3A%22accounts.backends.CaseInsensitiveModelBackend%22%2C%22_auth_user_hash%22%3A%22%22%2C%22_platform%22%3A1%2C%22_token_ver%22%3A2%2C%22_token%22%3A%227307005960%3AmL82N0gmYPTPO662G5XTCQ9QQGNAPfmW%3Af54a4d32d66d3a25817fb4ae73c104fa8e60b5c943cef13f283dd1bfc6c2a43a%22%2C%22last_refreshed%22%3A1524103395.8317873478%7D; s_network=; ig_pr=1; ig_vw=1855; csrftoken=b8ZIUh1kP3qdCpEBOu6BJJcyC4N3z9qM; ds_user_id=7307005960' -H 'X-CSRFToken: b8ZIUh1kP3qdCpEBOu6BJJcyC4N3z9qM' -H 'Origin: https://www.instagram.com' -H 'Accept-Encoding: gzip, deflate' -H 'Accept-Language: pt-BR,pt;q=0.8,en-US;q=0.6,en;q=0.4' -H 'User-Agent: Mozilla/5.0 (X11; Ubuntu; Linux x86_64; rv:49.0) Gecko/20100101 Firefox/49.0' -H 'X-Requested-with: XMLHttpRequest' -H 'content-type: application/x-www-form-urlencoded' -H 'Accept: */*' -H 'Referer: https://www.instagram.com/' -H 'Authority: www.instagram.com' --compressed <br>n<br>
 Untrated error!!!<br>
<br>
 Client ---> josergm86  Campaing --> 3  Profile --> amores:  proccess correctly<br><br>

<br />
<b>Notice</b>:  Undefined offset: 0 in <b>/opt/lampp/htdocs/leads/worker/class/Robot.php</b> on line <b>393</b><br />
array(0) {
}
curl 'https://www.instagram.com/graphql/query/?query_hash=298b92c8d7cad703f7565aa892ede943&variables=%7B%22tag_name%22%3A%22vidaloca%22%2C%22first%22%3A2%2C%22after%22%3A%22%22%7D' -H 'Cookie: mid=WrseFgABAAHpI3WnYEA-_GmTL5ym; sessionid=IGSC3b4531647a02cf5460d95b0db8ffec6b7b9376d535997f192fb508820c920f9f%3AAfQ6O8I9mjysQmvQZmd23WuDWUYpNNOV%3A%7B%22_auth_user_id%22%3A7307005960%2C%22_auth_user_backend%22%3A%22accounts.backends.CaseInsensitiveModelBackend%22%2C%22_auth_user_hash%22%3A%22%22%2C%22_platform%22%3A1%2C%22_token_ver%22%3A2%2C%22_token%22%3A%227307005960%3AmL82N0gmYPTPO662G5XTCQ9QQGNAPfmW%3Af54a4d32d66d3a25817fb4ae73c104fa8e60b5c943cef13f283dd1bfc6c2a43a%22%2C%22last_refreshed%22%3A1524103395.8317873478%7D; s_network=; ig_pr=1; ig_vw=1855; csrftoken=b8ZIUh1kP3qdCpEBOu6BJJcyC4N3z9qM; ds_user_id=7307005960' -H 'X-CSRFToken: b8ZIUh1kP3qdCpEBOu6BJJcyC4N3z9qM' -H 'Origin: https://www.instagram.com' -H 'Accept-Encoding: gzip, deflate' -H 'Accept-Language: pt-BR,pt;q=0.8,en-US;q=0.6,en;q=0.4' -H 'User-Agent: Mozilla/5.0 (X11; Ubuntu; Linux x86_64; rv:49.0) Gecko/20100101 Firefox/49.0' -H 'X-Requested-with: XMLHttpRequest' -H 'content-type: application/x-www-form-urlencoded' -H 'Accept: */*' -H 'Referer: https://www.instagram.com/' -H 'Authority: www.instagram.com' --compressed <br>n<br>
 Untrated error!!!<br>
<br>
 Client ---> josergm86  Campaing --> 3  Profile --> vidaloca:  proccess correctly<br><br>

<br />
<b>Notice</b>:  Undefined offset: 0 in <b>/opt/lampp/htdocs/leads/worker/class/Robot.php</b> on line <b>393</b><br />
array(0) {
}
curl 'https://www.instagram.com/graphql/query/?query_hash=298b92c8d7cad703f7565aa892ede943&variables=%7B%22tag_name%22%3A%22santanderselect%22%2C%22first%22%3A2%2C%22after%22%3A%22%22%7D' -H 'Cookie: mid=WrseFgABAAHpI3WnYEA-_GmTL5ym; sessionid=IGSC3b4531647a02cf5460d95b0db8ffec6b7b9376d535997f192fb508820c920f9f%3AAfQ6O8I9mjysQmvQZmd23WuDWUYpNNOV%3A%7B%22_auth_user_id%22%3A7307005960%2C%22_auth_user_backend%22%3A%22accounts.backends.CaseInsensitiveModelBackend%22%2C%22_auth_user_hash%22%3A%22%22%2C%22_platform%22%3A1%2C%22_token_ver%22%3A2%2C%22_token%22%3A%227307005960%3AmL82N0gmYPTPO662G5XTCQ9QQGNAPfmW%3Af54a4d32d66d3a25817fb4ae73c104fa8e60b5c943cef13f283dd1bfc6c2a43a%22%2C%22last_refreshed%22%3A1524103395.8317873478%7D; s_network=; ig_pr=1; ig_vw=1855; csrftoken=b8ZIUh1kP3qdCpEBOu6BJJcyC4N3z9qM; ds_user_id=7307005960' -H 'X-CSRFToken: b8ZIUh1kP3qdCpEBOu6BJJcyC4N3z9qM' -H 'Origin: https://www.instagram.com' -H 'Accept-Encoding: gzip, deflate' -H 'Accept-Language: pt-BR,pt;q=0.8,en-US;q=0.6,en;q=0.4' -H 'User-Agent: Mozilla/5.0 (X11; Ubuntu; Linux x86_64; rv:49.0) Gecko/20100101 Firefox/49.0' -H 'X-Requested-with: XMLHttpRequest' -H 'content-type: application/x-www-form-urlencoded' -H 'Accept: */*' -H 'Referer: https://www.instagram.com/' -H 'Authority: www.instagram.com' --compressed <br>n<br>
 Untrated error!!!<br>
<br>
 Client ---> pedropetti  Campaing --> 4  Profile --> santanderselect:  proccess correctly<br><br>

<br>
<br>
 ---------->Leads extracted and save successfully from profile 195180669 na tabela leads<br>
<br>
<br>
<br>
 ---------->Leads extracted and save successfully from profile 7474112673 na tabela leads<br>
<br>
<br>
<br>
 ---------->Leads extracted and save successfully from profile 38656252 na tabela leads<br>
<br>
<br>
<br>
 ---------->Leads extracted and save successfully from profile 4558905944 na tabela leads<br>
<br>
<br>
<br>
 ---------->Leads extracted and save successfully from profile 6303170923 na tabela leads<br>
<br>
<br>
<br>
 ---------->Leads extracted and save successfully from profile 52682310 na tabela leads<br>
<br>
<br>
<br>
 ---------->Leads extracted and save successfully from profile 5387254993 na tabela leads<br>
<br>
<br>
<br>
 ---------->Leads extracted and save successfully from profile 50483809 na tabela leads<br>
<br>
 Client ---> pedropetti  Campaing --> 9  Profile --> oramainvestimentos: Throttled by Instagram because of too many API requests.<br><br>

<br />
<b>Notice</b>:  Undefined offset: 0 in <b>/opt/lampp/htdocs/leads/worker/class/Robot.php</b> on line <b>393</b><br />
array(0) {
}
curl 'https://www.instagram.com/graphql/query/?query_hash=298b92c8d7cad703f7565aa892ede943&variables=%7B%22tag_name%22%3A%22santanderselect%22%2C%22first%22%3A2%2C%22after%22%3A%22%22%7D' -H 'Cookie: mid=WrseFgABAAHpI3WnYEA-_GmTL5ym; sessionid=IGSC3b4531647a02cf5460d95b0db8ffec6b7b9376d535997f192fb508820c920f9f%3AAfQ6O8I9mjysQmvQZmd23WuDWUYpNNOV%3A%7B%22_auth_user_id%22%3A7307005960%2C%22_auth_user_backend%22%3A%22accounts.backends.CaseInsensitiveModelBackend%22%2C%22_auth_user_hash%22%3A%22%22%2C%22_platform%22%3A1%2C%22_token_ver%22%3A2%2C%22_token%22%3A%227307005960%3AmL82N0gmYPTPO662G5XTCQ9QQGNAPfmW%3Af54a4d32d66d3a25817fb4ae73c104fa8e60b5c943cef13f283dd1bfc6c2a43a%22%2C%22last_refreshed%22%3A1524103395.8317873478%7D; s_network=; ig_pr=1; ig_vw=1855; csrftoken=b8ZIUh1kP3qdCpEBOu6BJJcyC4N3z9qM; ds_user_id=7307005960' -H 'X-CSRFToken: b8ZIUh1kP3qdCpEBOu6BJJcyC4N3z9qM' -H 'Origin: https://www.instagram.com' -H 'Accept-Encoding: gzip, deflate' -H 'Accept-Language: pt-BR,pt;q=0.8,en-US;q=0.6,en;q=0.4' -H 'User-Agent: Mozilla/5.0 (X11; Ubuntu; Linux x86_64; rv:49.0) Gecko/20100101 Firefox/49.0' -H 'X-Requested-with: XMLHttpRequest' -H 'content-type: application/x-www-form-urlencoded' -H 'Accept: */*' -H 'Referer: https://www.instagram.com/' -H 'Authority: www.instagram.com' --compressed <br>n<br>
 Untrated error!!!<br>
<br>
 Client ---> josergm86  Campaing --> 3  Profile --> santanderselect:  proccess correctly<br><br>

<br>
<br>
 ---------->Leads extracted and save successfully from profile 5998026668 na tabela leads<br>
<br>
<br>
<br>
 ---------->Leads extracted and save successfully from profile 4414830363 na tabela leads<br>
<br>
<br>
<br>
 ---------->Leads extracted and save successfully from profile 238520101 na tabela leads<br>
<br>
<br>
<br>
 ---------->Leads extracted and save successfully from profile 1468049449 na tabela leads<br>
<br>
<br>
<br>
 ---------->Leads extracted and save successfully from profile 7413936697 na tabela leads<br>
<br>
 Client ---> pedropetti  Campaing --> 9  Profile --> btgpactualdigital:  proccess correctly<br><br>

<br />
<b>Notice</b>:  Undefined offset: 0 in <b>/opt/lampp/htdocs/leads/worker/class/Robot.php</b> on line <b>393</b><br />
array(0) {
}
curl 'https://www.instagram.com/graphql/query/?query_hash=298b92c8d7cad703f7565aa892ede943&variables=%7B%22tag_name%22%3A%22santandervangogh%22%2C%22first%22%3A2%2C%22after%22%3A%22%22%7D' -H 'Cookie: mid=WrseFgABAAHpI3WnYEA-_GmTL5ym; sessionid=IGSC3b4531647a02cf5460d95b0db8ffec6b7b9376d535997f192fb508820c920f9f%3AAfQ6O8I9mjysQmvQZmd23WuDWUYpNNOV%3A%7B%22_auth_user_id%22%3A7307005960%2C%22_auth_user_backend%22%3A%22accounts.backends.CaseInsensitiveModelBackend%22%2C%22_auth_user_hash%22%3A%22%22%2C%22_platform%22%3A1%2C%22_token_ver%22%3A2%2C%22_token%22%3A%227307005960%3AmL82N0gmYPTPO662G5XTCQ9QQGNAPfmW%3Af54a4d32d66d3a25817fb4ae73c104fa8e60b5c943cef13f283dd1bfc6c2a43a%22%2C%22last_refreshed%22%3A1524103395.8317873478%7D; s_network=; ig_pr=1; ig_vw=1855; csrftoken=b8ZIUh1kP3qdCpEBOu6BJJcyC4N3z9qM; ds_user_id=7307005960' -H 'X-CSRFToken: b8ZIUh1kP3qdCpEBOu6BJJcyC4N3z9qM' -H 'Origin: https://www.instagram.com' -H 'Accept-Encoding: gzip, deflate' -H 'Accept-Language: pt-BR,pt;q=0.8,en-US;q=0.6,en;q=0.4' -H 'User-Agent: Mozilla/5.0 (X11; Ubuntu; Linux x86_64; rv:49.0) Gecko/20100101 Firefox/49.0' -H 'X-Requested-with: XMLHttpRequest' -H 'content-type: application/x-www-form-urlencoded' -H 'Accept: */*' -H 'Referer: https://www.instagram.com/' -H 'Authority: www.instagram.com' --compressed <br>n<br>
 Untrated error!!!<br>
<br>
 Client ---> pedropetti  Campaing --> 4  Profile --> santandervangogh:  proccess correctly<br><br>

 Client ---> pedropetti  Campaing --> 10  Profile --> bancooriginal: Throttled by Instagram because of too many API requests.<br><br>

<br>
<br>
 ---------->Leads extracted and save successfully from profile 3609684739 na tabela leads<br>
<br>
 Client ---> pedropetti  Campaing --> 9  Profile --> warrenbrasil:  proccess correctly<br><br>

<br>
<br>
 ---------->Leads extracted and save successfully from profile 3578194577 na tabela leads<br>
<br>
<br>
<br>
 ---------->Leads extracted and save successfully from profile 528467218 na tabela leads<br>
<br>
<br>
<br>
 ---------->Leads extracted and save successfully from profile 1791480276 na tabela leads<br>
<br>
<br>
<br>
 ---------->Leads extracted and save successfully from profile 2256206566 na tabela leads<br>
<br>
<br>
<br>
 ---------->Leads extracted and save successfully from profile 722501548 na tabela leads<br>
<br>
<br>
<br>
 ---------->Leads extracted and save successfully from profile 452711901 na tabela leads<br>
<br>
<br>
<br>
 ---------->Leads extracted and save successfully from profile 2094268517 na tabela leads<br>
<br>
<br>
<br>
 ---------->Leads extracted and save successfully from profile 184317149 na tabela leads<br>
<br>
 Client ---> pedropetti  Campaing --> 8  Profile --> nubankbrasil: Throttled by Instagram because of too many API requests.<br><br>

<br>
<br>
 ---------->Leads extracted and save successfully from profile 2249955734 na tabela leads<br>
<br>
<br>
<br>
 ---------->Leads extracted and save successfully from profile 4201232666 na tabela leads<br>
<br>
<br>
<br>
 ---------->Leads extracted and save successfully from profile 2888856944 na tabela leads<br>
<br>
<br>
<br>
 ---------->Leads extracted and save successfully from profile 1109557322 na tabela leads<br>
<br>
 Client ---> pedropetti  Campaing --> 7  Profile --> trigg_br: Throttled by Instagram because of too many API requests.<br><br>

<br>
<br>
 ---------->Leads extracted and save successfully from profile 222245541 na tabela leads<br>
<br>
<br>
<br>
 ---------->Leads extracted and save successfully from profile 6038491161 na tabela leads<br>
<br>
<br>
<br>
 ---------->Leads extracted and save successfully from profile 1377312229 na tabela leads<br>
<br>
 Client ---> pedropetti  Campaing --> 6  Profile --> bradescoprime: Throttled by Instagram because of too many API requests.<br><br>

<br>
<br>
 ---------->Leads extracted and save successfully from profile 6329939 na tabela leads<br>
<br>
<br>
<br>
 ---------->Leads extracted and save successfully from profile 246178112 na tabela leads<br>
<br>
<br>
<br>
 ---------->Leads extracted and save successfully from profile 243573229 na tabela leads<br>
<br>
<br>
<br>
 ---------->Leads extracted and save successfully from profile 293432280 na tabela leads<br>
<br>
 Client ---> pedropetti  Campaing --> 5  Profile --> itaupersonnalite: Throttled by Instagram because of too many API requests.<br><br>

<br />
<b>Notice</b>:  Undefined offset: 0 in <b>/opt/lampp/htdocs/leads/worker/class/Robot.php</b> on line <b>277</b><br />
array(0) {
}
curl 'https://www.instagram.com/graphql/query/?query_hash=ac38b90f0f3981c42092016a37c59bf7&variables=%7B%22id%22%3A%22481100643%22%2C%22first%22%3A50%2C%22after%22%3A%22%22%7D' -H 'Cookie: mid=WrseFgABAAHpI3WnYEA-_GmTL5ym; sessionid=IGSC3b4531647a02cf5460d95b0db8ffec6b7b9376d535997f192fb508820c920f9f%3AAfQ6O8I9mjysQmvQZmd23WuDWUYpNNOV%3A%7B%22_auth_user_id%22%3A7307005960%2C%22_auth_user_backend%22%3A%22accounts.backends.CaseInsensitiveModelBackend%22%2C%22_auth_user_hash%22%3A%22%22%2C%22_platform%22%3A1%2C%22_token_ver%22%3A2%2C%22_token%22%3A%227307005960%3AmL82N0gmYPTPO662G5XTCQ9QQGNAPfmW%3Af54a4d32d66d3a25817fb4ae73c104fa8e60b5c943cef13f283dd1bfc6c2a43a%22%2C%22last_refreshed%22%3A1524103395.8317873478%7D; s_network=; ig_pr=1; ig_vw=1855; csrftoken=b8ZIUh1kP3qdCpEBOu6BJJcyC4N3z9qM; ds_user_id=7307005960' -H 'X-CSRFToken: b8ZIUh1kP3qdCpEBOu6BJJcyC4N3z9qM' -H 'Origin: https://www.instagram.com' -H 'Accept-Encoding: gzip, deflate' -H 'Accept-Language: pt-BR,pt;q=0.8,en-US;q=0.6,en;q=0.4' -H 'User-Agent: Mozilla/5.0 (X11; Ubuntu; Linux x86_64; rv:49.0) Gecko/20100101 Firefox/49.0' -H 'X-Requested-with: XMLHttpRequest' -H 'content-type: application/x-www-form-urlencoded' -H 'Accept: */*' -H 'Referer: https://www.instagram.com/' -H 'Authority: www.instagram.com' --compressed <br>
 Untrated error in Geolocation!!! Client ---> josergm86  Campaing --> 2  Profile --> icarai:  proccess correctly<br><br>

<br />
<b>Notice</b>:  Undefined offset: 0 in <b>/opt/lampp/htdocs/leads/worker/class/Robot.php</b> on line <b>277</b><br />
array(0) {
}
curl 'https://www.instagram.com/graphql/query/?query_hash=ac38b90f0f3981c42092016a37c59bf7&variables=%7B%22id%22%3A%22213369624%22%2C%22first%22%3A50%2C%22after%22%3A%22%22%7D' -H 'Cookie: mid=WrseFgABAAHpI3WnYEA-_GmTL5ym; sessionid=IGSC3b4531647a02cf5460d95b0db8ffec6b7b9376d535997f192fb508820c920f9f%3AAfQ6O8I9mjysQmvQZmd23WuDWUYpNNOV%3A%7B%22_auth_user_id%22%3A7307005960%2C%22_auth_user_backend%22%3A%22accounts.backends.CaseInsensitiveModelBackend%22%2C%22_auth_user_hash%22%3A%22%22%2C%22_platform%22%3A1%2C%22_token_ver%22%3A2%2C%22_token%22%3A%227307005960%3AmL82N0gmYPTPO662G5XTCQ9QQGNAPfmW%3Af54a4d32d66d3a25817fb4ae73c104fa8e60b5c943cef13f283dd1bfc6c2a43a%22%2C%22last_refreshed%22%3A1524103395.8317873478%7D; s_network=; ig_pr=1; ig_vw=1855; csrftoken=b8ZIUh1kP3qdCpEBOu6BJJcyC4N3z9qM; ds_user_id=7307005960' -H 'X-CSRFToken: b8ZIUh1kP3qdCpEBOu6BJJcyC4N3z9qM' -H 'Origin: https://www.instagram.com' -H 'Accept-Encoding: gzip, deflate' -H 'Accept-Language: pt-BR,pt;q=0.8,en-US;q=0.6,en;q=0.4' -H 'User-Agent: Mozilla/5.0 (X11; Ubuntu; Linux x86_64; rv:49.0) Gecko/20100101 Firefox/49.0' -H 'X-Requested-with: XMLHttpRequest' -H 'content-type: application/x-www-form-urlencoded' -H 'Accept: */*' -H 'Referer: https://www.instagram.com/' -H 'Authority: www.instagram.com' --compressed <br>
 Untrated error in Geolocation!!! Client ---> josergm86  Campaing --> 2  Profile --> niteroi-rio-de-janeiro-brazil:  proccess correctly<br><br>

<br />
<b>Notice</b>:  Undefined offset: 0 in <b>/opt/lampp/htdocs/leads/worker/class/Robot.php</b> on line <b>393</b><br />
array(0) {
}
curl 'https://www.instagram.com/graphql/query/?query_hash=298b92c8d7cad703f7565aa892ede943&variables=%7B%22tag_name%22%3A%22amores%22%2C%22first%22%3A2%2C%22after%22%3A%22%22%7D' -H 'Cookie: mid=WrseFgABAAHpI3WnYEA-_GmTL5ym; sessionid=IGSC3b4531647a02cf5460d95b0db8ffec6b7b9376d535997f192fb508820c920f9f%3AAfQ6O8I9mjysQmvQZmd23WuDWUYpNNOV%3A%7B%22_auth_user_id%22%3A7307005960%2C%22_auth_user_backend%22%3A%22accounts.backends.CaseInsensitiveModelBackend%22%2C%22_auth_user_hash%22%3A%22%22%2C%22_platform%22%3A1%2C%22_token_ver%22%3A2%2C%22_token%22%3A%227307005960%3AmL82N0gmYPTPO662G5XTCQ9QQGNAPfmW%3Af54a4d32d66d3a25817fb4ae73c104fa8e60b5c943cef13f283dd1bfc6c2a43a%22%2C%22last_refreshed%22%3A1524103395.8317873478%7D; s_network=; ig_pr=1; ig_vw=1855; csrftoken=b8ZIUh1kP3qdCpEBOu6BJJcyC4N3z9qM; ds_user_id=7307005960' -H 'X-CSRFToken: b8ZIUh1kP3qdCpEBOu6BJJcyC4N3z9qM' -H 'Origin: https://www.instagram.com' -H 'Accept-Encoding: gzip, deflate' -H 'Accept-Language: pt-BR,pt;q=0.8,en-US;q=0.6,en;q=0.4' -H 'User-Agent: Mozilla/5.0 (X11; Ubuntu; Linux x86_64; rv:49.0) Gecko/20100101 Firefox/49.0' -H 'X-Requested-with: XMLHttpRequest' -H 'content-type: application/x-www-form-urlencoded' -H 'Accept: */*' -H 'Referer: https://www.instagram.com/' -H 'Authority: www.instagram.com' --compressed <br>n<br>
 Untrated error!!!<br>
<br>
 Client ---> josergm86  Campaing --> 3  Profile --> amores:  proccess correctly<br><br>

<br />
<b>Notice</b>:  Undefined offset: 0 in <b>/opt/lampp/htdocs/leads/worker/class/Robot.php</b> on line <b>393</b><br />
array(0) {
}
curl 'https://www.instagram.com/graphql/query/?query_hash=298b92c8d7cad703f7565aa892ede943&variables=%7B%22tag_name%22%3A%22vidaloca%22%2C%22first%22%3A2%2C%22after%22%3A%22%22%7D' -H 'Cookie: mid=WrseFgABAAHpI3WnYEA-_GmTL5ym; sessionid=IGSC3b4531647a02cf5460d95b0db8ffec6b7b9376d535997f192fb508820c920f9f%3AAfQ6O8I9mjysQmvQZmd23WuDWUYpNNOV%3A%7B%22_auth_user_id%22%3A7307005960%2C%22_auth_user_backend%22%3A%22accounts.backends.CaseInsensitiveModelBackend%22%2C%22_auth_user_hash%22%3A%22%22%2C%22_platform%22%3A1%2C%22_token_ver%22%3A2%2C%22_token%22%3A%227307005960%3AmL82N0gmYPTPO662G5XTCQ9QQGNAPfmW%3Af54a4d32d66d3a25817fb4ae73c104fa8e60b5c943cef13f283dd1bfc6c2a43a%22%2C%22last_refreshed%22%3A1524103395.8317873478%7D; s_network=; ig_pr=1; ig_vw=1855; csrftoken=b8ZIUh1kP3qdCpEBOu6BJJcyC4N3z9qM; ds_user_id=7307005960' -H 'X-CSRFToken: b8ZIUh1kP3qdCpEBOu6BJJcyC4N3z9qM' -H 'Origin: https://www.instagram.com' -H 'Accept-Encoding: gzip, deflate' -H 'Accept-Language: pt-BR,pt;q=0.8,en-US;q=0.6,en;q=0.4' -H 'User-Agent: Mozilla/5.0 (X11; Ubuntu; Linux x86_64; rv:49.0) Gecko/20100101 Firefox/49.0' -H 'X-Requested-with: XMLHttpRequest' -H 'content-type: application/x-www-form-urlencoded' -H 'Accept: */*' -H 'Referer: https://www.instagram.com/' -H 'Authority: www.instagram.com' --compressed <br>n<br>
 Untrated error!!!<br>
<br>
 Client ---> josergm86  Campaing --> 3  Profile --> vidaloca:  proccess correctly<br><br>

<br />
<b>Notice</b>:  Undefined offset: 0 in <b>/opt/lampp/htdocs/leads/worker/class/Robot.php</b> on line <b>393</b><br />
array(0) {
}
curl 'https://www.instagram.com/graphql/query/?query_hash=298b92c8d7cad703f7565aa892ede943&variables=%7B%22tag_name%22%3A%22santanderselect%22%2C%22first%22%3A2%2C%22after%22%3A%22%22%7D' -H 'Cookie: mid=WrseFgABAAHpI3WnYEA-_GmTL5ym; sessionid=IGSC3b4531647a02cf5460d95b0db8ffec6b7b9376d535997f192fb508820c920f9f%3AAfQ6O8I9mjysQmvQZmd23WuDWUYpNNOV%3A%7B%22_auth_user_id%22%3A7307005960%2C%22_auth_user_backend%22%3A%22accounts.backends.CaseInsensitiveModelBackend%22%2C%22_auth_user_hash%22%3A%22%22%2C%22_platform%22%3A1%2C%22_token_ver%22%3A2%2C%22_token%22%3A%227307005960%3AmL82N0gmYPTPO662G5XTCQ9QQGNAPfmW%3Af54a4d32d66d3a25817fb4ae73c104fa8e60b5c943cef13f283dd1bfc6c2a43a%22%2C%22last_refreshed%22%3A1524103395.8317873478%7D; s_network=; ig_pr=1; ig_vw=1855; csrftoken=b8ZIUh1kP3qdCpEBOu6BJJcyC4N3z9qM; ds_user_id=7307005960' -H 'X-CSRFToken: b8ZIUh1kP3qdCpEBOu6BJJcyC4N3z9qM' -H 'Origin: https://www.instagram.com' -H 'Accept-Encoding: gzip, deflate' -H 'Accept-Language: pt-BR,pt;q=0.8,en-US;q=0.6,en;q=0.4' -H 'User-Agent: Mozilla/5.0 (X11; Ubuntu; Linux x86_64; rv:49.0) Gecko/20100101 Firefox/49.0' -H 'X-Requested-with: XMLHttpRequest' -H 'content-type: application/x-www-form-urlencoded' -H 'Accept: */*' -H 'Referer: https://www.instagram.com/' -H 'Authority: www.instagram.com' --compressed <br>n<br>
 Untrated error!!!<br>
<br>
 Client ---> pedropetti  Campaing --> 4  Profile --> santanderselect:  proccess correctly<br><br>

<br>
<br>
 ---------->Leads extracted and save successfully from profile 195180669 na tabela leads<br>
<br>
 Client ---> pedropetti  Campaing --> 9  Profile --> oramainvestimentos:  proccess correctly<br><br>

<br>
<br>
 ---------->Leads extracted and save successfully from profile 7547996284 na tabela leads<br>
<br>
 Client ---> pedropetti  Campaing --> 9  Profile --> btgpactualdigital:  proccess correctly<br><br>

<br />
<b>Notice</b>:  Undefined offset: 0 in <b>/opt/lampp/htdocs/leads/worker/class/Robot.php</b> on line <b>393</b><br />
array(0) {
}
curl 'https://www.instagram.com/graphql/query/?query_hash=298b92c8d7cad703f7565aa892ede943&variables=%7B%22tag_name%22%3A%22santanderselect%22%2C%22first%22%3A2%2C%22after%22%3A%22%22%7D' -H 'Cookie: mid=WrseFgABAAHpI3WnYEA-_GmTL5ym; sessionid=IGSC3b4531647a02cf5460d95b0db8ffec6b7b9376d535997f192fb508820c920f9f%3AAfQ6O8I9mjysQmvQZmd23WuDWUYpNNOV%3A%7B%22_auth_user_id%22%3A7307005960%2C%22_auth_user_backend%22%3A%22accounts.backends.CaseInsensitiveModelBackend%22%2C%22_auth_user_hash%22%3A%22%22%2C%22_platform%22%3A1%2C%22_token_ver%22%3A2%2C%22_token%22%3A%227307005960%3AmL82N0gmYPTPO662G5XTCQ9QQGNAPfmW%3Af54a4d32d66d3a25817fb4ae73c104fa8e60b5c943cef13f283dd1bfc6c2a43a%22%2C%22last_refreshed%22%3A1524103395.8317873478%7D; s_network=; ig_pr=1; ig_vw=1855; csrftoken=b8ZIUh1kP3qdCpEBOu6BJJcyC4N3z9qM; ds_user_id=7307005960' -H 'X-CSRFToken: b8ZIUh1kP3qdCpEBOu6BJJcyC4N3z9qM' -H 'Origin: https://www.instagram.com' -H 'Accept-Encoding: gzip, deflate' -H 'Accept-Language: pt-BR,pt;q=0.8,en-US;q=0.6,en;q=0.4' -H 'User-Agent: Mozilla/5.0 (X11; Ubuntu; Linux x86_64; rv:49.0) Gecko/20100101 Firefox/49.0' -H 'X-Requested-with: XMLHttpRequest' -H 'content-type: application/x-www-form-urlencoded' -H 'Accept: */*' -H 'Referer: https://www.instagram.com/' -H 'Authority: www.instagram.com' --compressed <br>n<br>
 Untrated error!!!<br>
<br>
 Client ---> josergm86  Campaing --> 3  Profile --> santanderselect:  proccess correctly<br><br>

<br>
<br>
 ---------->Leads extracted and save successfully from profile 2300666393 na tabela leads<br>
<br>
<br>
<br>
 ---------->Leads extracted and save successfully from profile 1759560826 na tabela leads<br>
<br>
<br>
<br>
 ---------->Leads extracted and save successfully from profile 4001538887 na tabela leads<br>
<br>
<br>
<br>
 ---------->Leads extracted and save successfully from profile 4831279116 na tabela leads<br>
<br>
 Client ---> pedropetti  Campaing --> 10  Profile --> bancointer: Throttled by Instagram because of too many API requests.<br><br>

<br>
<br>
 ---------->Leads extracted and save successfully from profile 388022458 na tabela leads<br>
<br>
<br>
<br>
 ---------->Leads extracted and save successfully from profile 7543334389 na tabela leads<br>
<br>
<br>
<br>
 ---------->Leads extracted and save successfully from profile 346762428 na tabela leads<br>
<br>
<br>
<br>
 ---------->Leads extracted and save successfully from profile 28638628 na tabela leads<br>
<br>
 Client ---> pedropetti  Campaing --> 10  Profile --> bancodaycoval: Throttled by Instagram because of too many API requests.<br><br>

<br>
<br>
 ---------->Leads extracted and save successfully from profile 7564135202 na tabela leads<br>
<br>
<br>
<br>
 ---------->Leads extracted and save successfully from profile 3578194577 na tabela leads<br>
<br>
<br>
<br>
 ---------->Leads extracted and save successfully from profile 528467218 na tabela leads<br>
<br>
<br>
<br>
 ---------->Leads extracted and save successfully from profile 1791480276 na tabela leads<br>
<br>
<br>
<br>
 ---------->Leads extracted and save successfully from profile 2256206566 na tabela leads<br>
<br>
<br>
<br>
 ---------->Leads extracted and save successfully from profile 722501548 na tabela leads<br>
<br>
<br>
<br>
 ---------->Leads extracted and save successfully from profile 452711901 na tabela leads<br>
<br>
<br>
<br>
 ---------->Leads extracted and save successfully from profile 2094268517 na tabela leads<br>
<br>
 Client ---> pedropetti  Campaing --> 8  Profile --> nubankbrasil: Throttled by Instagram because of too many API requests.<br><br>

<br>
<br>
 ---------->Leads extracted and save successfully from profile 222245541 na tabela leads<br>
<br>
<br>
<br>
 ---------->Leads extracted and save successfully from profile 6038491161 na tabela leads<br>
<br>
<br>
<br>
 ---------->Leads extracted and save successfully from profile 1377312229 na tabela leads<br>
<br>
 Client ---> pedropetti  Campaing --> 6  Profile --> bradescoprime: Throttled by Instagram because of too many API requests.<br><br>

<br>
<br>
 ---------->Leads extracted and save successfully from profile 6174324761 na tabela leads<br>
<br>
<br>
<br>
 ---------->Leads extracted and save successfully from profile 7469071329 na tabela leads<br>
<br>
<br>
<br>
 ---------->Leads extracted and save successfully from profile 1491003605 na tabela leads<br>
<br>
<br>
<br>
 ---------->Leads extracted and save successfully from profile 934860926 na tabela leads<br>
<br>
<br>
<br>
 ---------->Leads extracted and save successfully from profile 1834051911 na tabela leads<br>
<br>
<br>
<br>
 ---------->Leads extracted and save successfully from profile 1287391647 na tabela leads<br>
<br>
<br>
<br>
 ---------->Leads extracted and save successfully from profile 1698241816 na tabela leads<br>
<br>
<br>
<br>
 ---------->Leads extracted and save successfully from profile 7259156446 na tabela leads<br>
<br>
 Client ---> pedropetti  Campaing --> 6  Profile --> bradesco: Throttled by Instagram because of too many API requests.<br><br>

<br>
<br>
 ---------->Leads extracted and save successfully from profile 3721723259 na tabela leads<br>
<br>
<br>
<br>
 ---------->Leads extracted and save successfully from profile 3630303946 na tabela leads<br>
<br>
<br>
<br>
 ---------->Leads extracted and save successfully from profile 2099127626 na tabela leads<br>
<br>
<br>
<br>
 ---------->Leads extracted and save successfully from profile 520063308 na tabela leads<br>
<br>
<br>
<br>
 ---------->Leads extracted and save successfully from profile 7051348621 na tabela leads<br>
<br>
<br>
<br>
 ---------->Leads extracted and save successfully from profile 2244894865 na tabela leads<br>
<br>
<br>
<br>
 ---------->Leads extracted and save successfully from profile 5380758401 na tabela leads<br>
<br>
<br>
<br>
 ---------->Leads extracted and save successfully from profile 3680450698 na tabela leads<br>
<br>
<br>
<br>
 ---------->Leads extracted and save successfully from profile 5884716292 na tabela leads<br>
<br>
