Worker-Robot Leads Inited...!<br>
2018-05-20 05:29:15pmRobot1 initialized with robot_profile ricarba18<br>
<br>
<br />
<b>Notice</b>:  Undefined variable: login_data in <b>/opt/lampp/htdocs/leads/worker/class/Robot.php</b> on line <b>397</b><br />
<br />
<b>Notice</b>:  Undefined variable: login_data in <b>/opt/lampp/htdocs/leads/worker/class/Robot.php</b> on line <b>397</b><br />
<br>
<br>
 ---------->Leads extracted and save successfully from profile 4190275545 na tabela leads<br>
<br>
 Client ---> m0r3n0  Campaing --> 3  Profile --> festa:  proccess correctly<br><br>

<br />
<b>Notice</b>:  Undefined variable: login_data in <b>/opt/lampp/htdocs/leads/worker/class/Robot.php</b> on line <b>397</b><br />
<br />
<b>Notice</b>:  Undefined variable: login_data in <b>/opt/lampp/htdocs/leads/worker/class/Robot.php</b> on line <b>397</b><br />
<br />
<b>Notice</b>:  Undefined variable: login_data in <b>/opt/lampp/htdocs/leads/worker/class/Robot.php</b> on line <b>397</b><br />
<br />
<b>Notice</b>:  Undefined variable: login_data in <b>/opt/lampp/htdocs/leads/worker/class/Robot.php</b> on line <b>397</b><br />
<br>
<br>
 ---------->Leads extracted and save successfully from profile 2209327165 na tabela leads<br>
<br>
<br>
<br>
 ---------->Leads extracted and save successfully from profile 2013857618 na tabela leads<br>
<br>
 Client ---> m0r3n0  Campaing --> 3  Profile --> cerveija:  proccess correctly<br><br>

<br />
<b>Notice</b>:  Undefined variable: login_data in <b>/opt/lampp/htdocs/leads/worker/class/Robot.php</b> on line <b>272</b><br />
<br />
<b>Notice</b>:  Undefined variable: login_data in <b>/opt/lampp/htdocs/leads/worker/class/Robot.php</b> on line <b>272</b><br />
<br />
<b>Notice</b>:  Undefined variable: login_data in <b>/opt/lampp/htdocs/leads/worker/class/Robot.php</b> on line <b>272</b><br />
<br />
<b>Notice</b>:  Undefined variable: login_data in <b>/opt/lampp/htdocs/leads/worker/class/Robot.php</b> on line <b>272</b><br />
<br />
<b>Notice</b>:  Undefined variable: login_data in <b>/opt/lampp/htdocs/leads/worker/class/Robot.php</b> on line <b>272</b><br />
<br />
<b>Notice</b>:  Undefined variable: login_data in <b>/opt/lampp/htdocs/leads/worker/class/Robot.php</b> on line <b>272</b><br />
<br />
<b>Notice</b>:  Undefined variable: login_data in <b>/opt/lampp/htdocs/leads/worker/class/Robot.php</b> on line <b>272</b><br />
<br />
<b>Notice</b>:  Undefined variable: login_data in <b>/opt/lampp/htdocs/leads/worker/class/Robot.php</b> on line <b>272</b><br />
<br />
<b>Notice</b>:  Undefined variable: login_data in <b>/opt/lampp/htdocs/leads/worker/class/Robot.php</b> on line <b>272</b><br />
<br />
<b>Notice</b>:  Undefined variable: login_data in <b>/opt/lampp/htdocs/leads/worker/class/Robot.php</b> on line <b>272</b><br />
<br />
<b>Notice</b>:  Undefined variable: login_data in <b>/opt/lampp/htdocs/leads/worker/class/Robot.php</b> on line <b>272</b><br />
<br />
<b>Notice</b>:  Undefined variable: login_data in <b>/opt/lampp/htdocs/leads/worker/class/Robot.php</b> on line <b>272</b><br />
<br />
<b>Notice</b>:  Undefined variable: login_data in <b>/opt/lampp/htdocs/leads/worker/class/Robot.php</b> on line <b>272</b><br />
<br />
<b>Notice</b>:  Undefined variable: login_data in <b>/opt/lampp/htdocs/leads/worker/class/Robot.php</b> on line <b>272</b><br />
<br />
<b>Notice</b>:  Undefined variable: login_data in <b>/opt/lampp/htdocs/leads/worker/class/Robot.php</b> on line <b>272</b><br />
<br />
<b>Notice</b>:  Undefined variable: login_data in <b>/opt/lampp/htdocs/leads/worker/class/Robot.php</b> on line <b>272</b><br />
<br />
<b>Notice</b>:  Undefined variable: login_data in <b>/opt/lampp/htdocs/leads/worker/class/Robot.php</b> on line <b>272</b><br />
<br />
<b>Notice</b>:  Undefined variable: login_data in <b>/opt/lampp/htdocs/leads/worker/class/Robot.php</b> on line <b>272</b><br />
<br />
<b>Notice</b>:  Undefined variable: login_data in <b>/opt/lampp/htdocs/leads/worker/class/Robot.php</b> on line <b>272</b><br />
<br />
<b>Notice</b>:  Undefined variable: login_data in <b>/opt/lampp/htdocs/leads/worker/class/Robot.php</b> on line <b>272</b><br />
<br />
<b>Notice</b>:  Undefined variable: login_data in <b>/opt/lampp/htdocs/leads/worker/class/Robot.php</b> on line <b>272</b><br />
<br />
<b>Notice</b>:  Undefined variable: login_data in <b>/opt/lampp/htdocs/leads/worker/class/Robot.php</b> on line <b>272</b><br />
<br />
<b>Notice</b>:  Undefined variable: login_data in <b>/opt/lampp/htdocs/leads/worker/class/Robot.php</b> on line <b>272</b><br />
<br />
<b>Notice</b>:  Undefined variable: login_data in <b>/opt/lampp/htdocs/leads/worker/class/Robot.php</b> on line <b>272</b><br />
<br />
<b>Notice</b>:  Undefined variable: login_data in <b>/opt/lampp/htdocs/leads/worker/class/Robot.php</b> on line <b>272</b><br />
<br />
<b>Notice</b>:  Undefined variable: login_data in <b>/opt/lampp/htdocs/leads/worker/class/Robot.php</b> on line <b>272</b><br />
<br />
<b>Notice</b>:  Undefined variable: login_data in <b>/opt/lampp/htdocs/leads/worker/class/Robot.php</b> on line <b>272</b><br />
<br />
<b>Notice</b>:  Undefined variable: login_data in <b>/opt/lampp/htdocs/leads/worker/class/Robot.php</b> on line <b>272</b><br />
<br />
<b>Notice</b>:  Undefined variable: login_data in <b>/opt/lampp/htdocs/leads/worker/class/Robot.php</b> on line <b>272</b><br />
<br />
<b>Notice</b>:  Undefined variable: login_data in <b>/opt/lampp/htdocs/leads/worker/class/Robot.php</b> on line <b>272</b><br />
<br />
<b>Notice</b>:  Undefined variable: login_data in <b>/opt/lampp/htdocs/leads/worker/class/Robot.php</b> on line <b>272</b><br />
<br />
<b>Notice</b>:  Undefined variable: login_data in <b>/opt/lampp/htdocs/leads/worker/class/Robot.php</b> on line <b>272</b><br />
<br />
<b>Notice</b>:  Undefined variable: login_data in <b>/opt/lampp/htdocs/leads/worker/class/Robot.php</b> on line <b>272</b><br />
<br />
<b>Notice</b>:  Undefined variable: login_data in <b>/opt/lampp/htdocs/leads/worker/class/Robot.php</b> on line <b>272</b><br />
<br />
<b>Notice</b>:  Undefined variable: login_data in <b>/opt/lampp/htdocs/leads/worker/class/Robot.php</b> on line <b>272</b><br />
<br />
<b>Notice</b>:  Undefined variable: login_data in <b>/opt/lampp/htdocs/leads/worker/class/Robot.php</b> on line <b>272</b><br />
<br />
<b>Notice</b>:  Undefined variable: login_data in <b>/opt/lampp/htdocs/leads/worker/class/Robot.php</b> on line <b>272</b><br />
<br />
<b>Notice</b>:  Undefined variable: login_data in <b>/opt/lampp/htdocs/leads/worker/class/Robot.php</b> on line <b>272</b><br />
<br />
<b>Notice</b>:  Undefined variable: login_data in <b>/opt/lampp/htdocs/leads/worker/class/Robot.php</b> on line <b>272</b><br />
<br />
<b>Notice</b>:  Undefined variable: login_data in <b>/opt/lampp/htdocs/leads/worker/class/Robot.php</b> on line <b>272</b><br />
<br />
<b>Notice</b>:  Undefined variable: login_data in <b>/opt/lampp/htdocs/leads/worker/class/Robot.php</b> on line <b>272</b><br />
<br />
<b>Notice</b>:  Undefined variable: login_data in <b>/opt/lampp/htdocs/leads/worker/class/Robot.php</b> on line <b>272</b><br />
<br />
<b>Notice</b>:  Undefined variable: login_data in <b>/opt/lampp/htdocs/leads/worker/class/Robot.php</b> on line <b>272</b><br />
<br />
<b>Notice</b>:  Undefined variable: login_data in <b>/opt/lampp/htdocs/leads/worker/class/Robot.php</b> on line <b>272</b><br />
<br />
<b>Notice</b>:  Undefined variable: login_data in <b>/opt/lampp/htdocs/leads/worker/class/Robot.php</b> on line <b>272</b><br />
<br />
<b>Notice</b>:  Undefined variable: login_data in <b>/opt/lampp/htdocs/leads/worker/class/Robot.php</b> on line <b>272</b><br />
<br />
<b>Notice</b>:  Undefined variable: login_data in <b>/opt/lampp/htdocs/leads/worker/class/Robot.php</b> on line <b>272</b><br />
<br />
<b>Notice</b>:  Undefined variable: login_data in <b>/opt/lampp/htdocs/leads/worker/class/Robot.php</b> on line <b>272</b><br />
<br />
<b>Notice</b>:  Undefined variable: login_data in <b>/opt/lampp/htdocs/leads/worker/class/Robot.php</b> on line <b>272</b><br />
<br>
<br>
 ---------->Leads extracted and save successfully from profile 6276186012 na tabela leads<br>
<br>
<br>
<br>
 ---------->Leads extracted and save successfully from profile 4126220054 na tabela leads<br>
<br>
<br>
<br>
 ---------->Leads extracted and save successfully from profile 3009130496 na tabela leads<br>
<br>
<br>
<br>
 ---------->Leads extracted and save successfully from profile 4534025353 na tabela leads<br>
<br>
<br>
<br>
 ---------->Leads extracted and save successfully from profile 7131437853 na tabela leads<br>
<br>
<br>
<br>
 ---------->Leads extracted and save successfully from profile 978109246 na tabela leads<br>
<br>
<br>
<br>
 ---------->Leads extracted and save successfully from profile 7515824511 na tabela leads<br>
<br>
<br>
<br>
 ---------->Leads extracted and save successfully from profile 1043899933 na tabela leads<br>
<br>
 Client ---> m0r3n0  Campaing --> 2  Profile --> lima-peru:  proccess correctly<br><br>

<br>
<br>
 ---------->Leads extracted and save successfully from profile 7617396818 na tabela leads<br>
<br>
<br>
<br>
 ---------->Leads extracted and save successfully from profile 2103280936 na tabela leads<br>
<br>
<br>
<br>
 ---------->Leads extracted and save successfully from profile 7326702007 na tabela leads<br>
<br>
<br>
<br>
 ---------->Leads extracted and save successfully from profile 2606105140 na tabela leads<br>
<br>
<br>
<br>
 ---------->Leads extracted and save successfully from profile 2019023169 na tabela leads<br>
<br>
<br>
<br>
 ---------->Leads extracted and save successfully from profile 1920804844 na tabela leads<br>
<br>
<br>
<br>
 ---------->Leads extracted and save successfully from profile 2054611325 na tabela leads<br>
<br>
<br>
<br>
 ---------->Leads extracted and save successfully from profile 35936026 na tabela leads<br>
<br>
<br>
<br>
 ---------->Leads extracted and save successfully from profile 5970511645 na tabela leads<br>
<br>
<br>
<br>
 ---------->Leads extracted and save successfully from profile 5377910399 na tabela leads<br>
<br>
<br>
<br>
 ---------->Leads extracted and save successfully from profile 6265760162 na tabela leads<br>
<br>
<br>
<br>
 ---------->Leads extracted and save successfully from profile 3470899934 na tabela leads<br>
<br>
<br>
<br>
 ---------->Leads extracted and save successfully from profile 3117846939 na tabela leads<br>
<br>
 Client ---> m0r3n0  Campaing --> 1  Profile --> nike:  proccess correctly<br><br>

<br />
<b>Notice</b>:  Undefined variable: login_data in <b>/opt/lampp/htdocs/leads/worker/class/Robot.php</b> on line <b>397</b><br />
<br />
<b>Notice</b>:  Undefined variable: login_data in <b>/opt/lampp/htdocs/leads/worker/class/Robot.php</b> on line <b>397</b><br />
<br />
<b>Notice</b>:  Undefined variable: login_data in <b>/opt/lampp/htdocs/leads/worker/class/Robot.php</b> on line <b>397</b><br />
<br />
<b>Notice</b>:  Undefined variable: login_data in <b>/opt/lampp/htdocs/leads/worker/class/Robot.php</b> on line <b>397</b><br />
<br />
<b>Notice</b>:  Undefined variable: login_data in <b>/opt/lampp/htdocs/leads/worker/class/Robot.php</b> on line <b>397</b><br />
<br>
<br>
 ---------->Leads extracted and save successfully from profile 5600946408 na tabela leads<br>
<br>
<br>
<br>
 ---------->Leads extracted and save successfully from profile 514160681 na tabela leads<br>
<br>
<br>
<br>
 ---------->Leads extracted and save successfully from profile 615905922 na tabela leads<br>
<br>
<br>
<br>
 ---------->Leads extracted and save successfully from profile 3112907371 na tabela leads<br>
<br>
 Client ---> m0r3n0  Campaing --> 3  Profile --> festa:  proccess correctly<br><br>

<br />
<b>Notice</b>:  Undefined variable: login_data in <b>/opt/lampp/htdocs/leads/worker/class/Robot.php</b> on line <b>397</b><br />
<br />
<b>Notice</b>:  Undefined variable: login_data in <b>/opt/lampp/htdocs/leads/worker/class/Robot.php</b> on line <b>397</b><br />
<br />
<b>Notice</b>:  Undefined variable: login_data in <b>/opt/lampp/htdocs/leads/worker/class/Robot.php</b> on line <b>397</b><br />
<br />
<b>Notice</b>:  Undefined variable: login_data in <b>/opt/lampp/htdocs/leads/worker/class/Robot.php</b> on line <b>397</b><br />
<br />
<b>Notice</b>:  Undefined variable: login_data in <b>/opt/lampp/htdocs/leads/worker/class/Robot.php</b> on line <b>397</b><br />
<br />
<b>Notice</b>:  Undefined variable: login_data in <b>/opt/lampp/htdocs/leads/worker/class/Robot.php</b> on line <b>397</b><br />
<br>
<br>
 ---------->Leads extracted and save successfully from profile 1287432209 na tabela leads<br>
<br>
<br>
<br>
 ---------->Leads extracted and save successfully from profile 3301126962 na tabela leads<br>
<br>
<br>
<br>
 ---------->Leads extracted and save successfully from profile 3132910663 na tabela leads<br>
<br>
<br>
<br>
 ---------->Leads extracted and save successfully from profile 3526081392 na tabela leads<br>
<br>
<br>
<br>
 ---------->Leads extracted and save successfully from profile 7607483735 na tabela leads<br>
<br>
 Client ---> m0r3n0  Campaing --> 3  Profile --> cerveija:  proccess correctly<br><br>

<br />
<b>Notice</b>:  Undefined variable: login_data in <b>/opt/lampp/htdocs/leads/worker/class/Robot.php</b> on line <b>272</b><br />
<br />
<b>Notice</b>:  Undefined variable: login_data in <b>/opt/lampp/htdocs/leads/worker/class/Robot.php</b> on line <b>272</b><br />
<br />
<b>Notice</b>:  Undefined variable: login_data in <b>/opt/lampp/htdocs/leads/worker/class/Robot.php</b> on line <b>272</b><br />
<br />
<b>Notice</b>:  Undefined variable: login_data in <b>/opt/lampp/htdocs/leads/worker/class/Robot.php</b> on line <b>272</b><br />
<br />
<b>Notice</b>:  Undefined variable: login_data in <b>/opt/lampp/htdocs/leads/worker/class/Robot.php</b> on line <b>272</b><br />
<br />
<b>Notice</b>:  Undefined variable: login_data in <b>/opt/lampp/htdocs/leads/worker/class/Robot.php</b> on line <b>272</b><br />
<br />
<b>Notice</b>:  Undefined variable: login_data in <b>/opt/lampp/htdocs/leads/worker/class/Robot.php</b> on line <b>272</b><br />
<br />
<b>Notice</b>:  Undefined variable: login_data in <b>/opt/lampp/htdocs/leads/worker/class/Robot.php</b> on line <b>272</b><br />
<br />
<b>Notice</b>:  Undefined variable: login_data in <b>/opt/lampp/htdocs/leads/worker/class/Robot.php</b> on line <b>272</b><br />
<br />
<b>Notice</b>:  Undefined variable: login_data in <b>/opt/lampp/htdocs/leads/worker/class/Robot.php</b> on line <b>272</b><br />
<br />
<b>Notice</b>:  Undefined variable: login_data in <b>/opt/lampp/htdocs/leads/worker/class/Robot.php</b> on line <b>272</b><br />
<br />
<b>Notice</b>:  Undefined variable: login_data in <b>/opt/lampp/htdocs/leads/worker/class/Robot.php</b> on line <b>272</b><br />
<br />
<b>Notice</b>:  Undefined variable: login_data in <b>/opt/lampp/htdocs/leads/worker/class/Robot.php</b> on line <b>272</b><br />
<br />
<b>Notice</b>:  Undefined variable: login_data in <b>/opt/lampp/htdocs/leads/worker/class/Robot.php</b> on line <b>272</b><br />
<br />
<b>Notice</b>:  Undefined variable: login_data in <b>/opt/lampp/htdocs/leads/worker/class/Robot.php</b> on line <b>272</b><br />
<br />
<b>Notice</b>:  Undefined variable: login_data in <b>/opt/lampp/htdocs/leads/worker/class/Robot.php</b> on line <b>272</b><br />
<br />
<b>Notice</b>:  Undefined variable: login_data in <b>/opt/lampp/htdocs/leads/worker/class/Robot.php</b> on line <b>272</b><br />
<br />
<b>Notice</b>:  Undefined variable: login_data in <b>/opt/lampp/htdocs/leads/worker/class/Robot.php</b> on line <b>272</b><br />
<br />
<b>Notice</b>:  Undefined variable: login_data in <b>/opt/lampp/htdocs/leads/worker/class/Robot.php</b> on line <b>272</b><br />
<br />
<b>Notice</b>:  Undefined variable: login_data in <b>/opt/lampp/htdocs/leads/worker/class/Robot.php</b> on line <b>272</b><br />
<br />
<b>Notice</b>:  Undefined variable: login_data in <b>/opt/lampp/htdocs/leads/worker/class/Robot.php</b> on line <b>272</b><br />
<br />
<b>Notice</b>:  Undefined variable: login_data in <b>/opt/lampp/htdocs/leads/worker/class/Robot.php</b> on line <b>272</b><br />
<br />
<b>Notice</b>:  Undefined variable: login_data in <b>/opt/lampp/htdocs/leads/worker/class/Robot.php</b> on line <b>272</b><br />
<br />
<b>Notice</b>:  Undefined variable: login_data in <b>/opt/lampp/htdocs/leads/worker/class/Robot.php</b> on line <b>272</b><br />
<br />
<b>Notice</b>:  Undefined variable: login_data in <b>/opt/lampp/htdocs/leads/worker/class/Robot.php</b> on line <b>272</b><br />
<br />
<b>Notice</b>:  Undefined variable: login_data in <b>/opt/lampp/htdocs/leads/worker/class/Robot.php</b> on line <b>272</b><br />
<br />
<b>Notice</b>:  Undefined variable: login_data in <b>/opt/lampp/htdocs/leads/worker/class/Robot.php</b> on line <b>272</b><br />
<br />
<b>Notice</b>:  Undefined variable: login_data in <b>/opt/lampp/htdocs/leads/worker/class/Robot.php</b> on line <b>272</b><br />
<br />
<b>Notice</b>:  Undefined variable: login_data in <b>/opt/lampp/htdocs/leads/worker/class/Robot.php</b> on line <b>272</b><br />
<br />
<b>Notice</b>:  Undefined variable: login_data in <b>/opt/lampp/htdocs/leads/worker/class/Robot.php</b> on line <b>272</b><br />
<br />
<b>Notice</b>:  Undefined variable: login_data in <b>/opt/lampp/htdocs/leads/worker/class/Robot.php</b> on line <b>272</b><br />
<br />
<b>Notice</b>:  Undefined variable: login_data in <b>/opt/lampp/htdocs/leads/worker/class/Robot.php</b> on line <b>272</b><br />
<br />
<b>Notice</b>:  Undefined variable: login_data in <b>/opt/lampp/htdocs/leads/worker/class/Robot.php</b> on line <b>272</b><br />
<br />
<b>Notice</b>:  Undefined variable: login_data in <b>/opt/lampp/htdocs/leads/worker/class/Robot.php</b> on line <b>272</b><br />
<br />
<b>Notice</b>:  Undefined variable: login_data in <b>/opt/lampp/htdocs/leads/worker/class/Robot.php</b> on line <b>272</b><br />
<br />
<b>Notice</b>:  Undefined variable: login_data in <b>/opt/lampp/htdocs/leads/worker/class/Robot.php</b> on line <b>272</b><br />
<br />
<b>Notice</b>:  Undefined variable: login_data in <b>/opt/lampp/htdocs/leads/worker/class/Robot.php</b> on line <b>272</b><br />
<br />
<b>Notice</b>:  Undefined variable: login_data in <b>/opt/lampp/htdocs/leads/worker/class/Robot.php</b> on line <b>272</b><br />
<br />
<b>Notice</b>:  Undefined variable: login_data in <b>/opt/lampp/htdocs/leads/worker/class/Robot.php</b> on line <b>272</b><br />
<br />
<b>Notice</b>:  Undefined variable: login_data in <b>/opt/lampp/htdocs/leads/worker/class/Robot.php</b> on line <b>272</b><br />
<br />
<b>Notice</b>:  Undefined variable: login_data in <b>/opt/lampp/htdocs/leads/worker/class/Robot.php</b> on line <b>272</b><br />
<br />
<b>Notice</b>:  Undefined variable: login_data in <b>/opt/lampp/htdocs/leads/worker/class/Robot.php</b> on line <b>272</b><br />
<br />
<b>Notice</b>:  Undefined variable: login_data in <b>/opt/lampp/htdocs/leads/worker/class/Robot.php</b> on line <b>272</b><br />
<br />
<b>Notice</b>:  Undefined variable: login_data in <b>/opt/lampp/htdocs/leads/worker/class/Robot.php</b> on line <b>272</b><br />
<br />
<b>Notice</b>:  Undefined variable: login_data in <b>/opt/lampp/htdocs/leads/worker/class/Robot.php</b> on line <b>272</b><br />
<br />
<b>Notice</b>:  Undefined variable: login_data in <b>/opt/lampp/htdocs/leads/worker/class/Robot.php</b> on line <b>272</b><br />
<br>
<br>
 ---------->Leads extracted and save successfully from profile 6204584877 na tabela leads<br>
<br>
<br>
<br>
 ---------->Leads extracted and save successfully from profile 7217980002 na tabela leads<br>
<br>
<br>
<br>
 ---------->Leads extracted and save successfully from profile 55665453 na tabela leads<br>
<br>
<br>
<br>
 ---------->Leads extracted and save successfully from profile 1246020761 na tabela leads<br>
<br>
<br>
<br>
 ---------->Leads extracted and save successfully from profile 1367466129 na tabela leads<br>
<br>
<br>
<br>
 ---------->Leads extracted and save successfully from profile 27478866 na tabela leads<br>
<br>
<br>
<br>
 ---------->Leads extracted and save successfully from profile 523018358 na tabela leads<br>
<br>
<br>
<br>
 ---------->Leads extracted and save successfully from profile 5745794552 na tabela leads<br>
<br>
<br>
<br>
 ---------->Leads extracted and save successfully from profile 1226782839 na tabela leads<br>
<br>
<br>
<br>
 ---------->Leads extracted and save successfully from profile 5538939159 na tabela leads<br>
<br>
<br>
<br>
 ---------->Leads extracted and save successfully from profile 1642924206 na tabela leads<br>
<br>
<br>
<br>
 ---------->Leads extracted and save successfully from profile 175833721 na tabela leads<br>
<br>
<br>
<br>
 ---------->Leads extracted and save successfully from profile 523018358 na tabela leads<br>
<br>
<br>
<br>
 ---------->Leads extracted and save successfully from profile 31608072 na tabela leads<br>
<br>
 Client ---> m0r3n0  Campaing --> 2  Profile --> icarai-rio-de-janeiro-brazil:  proccess correctly<br><br>

<br>
<br>
 ---------->Leads extracted and save successfully from profile 7794035559 na tabela leads<br>
<br>
<br>
<br>
 ---------->Leads extracted and save successfully from profile 1188878512 na tabela leads<br>
<br>
<br>
<br>
 ---------->Leads extracted and save successfully from profile 4820165720 na tabela leads<br>
<br>
<br>
<br>
 ---------->Leads extracted and save successfully from profile 269828074 na tabela leads<br>
<br>
<br>
<br>
 ---------->Leads extracted and save successfully from profile 7551646974 na tabela leads<br>
<br>
<br>
<br>
 ---------->Leads extracted and save successfully from profile 6795213197 na tabela leads<br>
<br>
<br>
<br>
 ---------->Leads extracted and save successfully from profile 544240831 na tabela leads<br>
<br>
<br>
<br>
 ---------->Leads extracted and save successfully from profile 7398584099 na tabela leads<br>
<br>
<br>
<br>
 ---------->Leads extracted and save successfully from profile 4636544683 na tabela leads<br>
<br>
<br>
<br>
 ---------->Leads extracted and save successfully from profile 426469248 na tabela leads<br>
<br>
<br>
<br>
 ---------->Leads extracted and save successfully from profile 5907274386 na tabela leads<br>
<br>
<br>
<br>
 ---------->Leads extracted and save successfully from profile 3175774220 na tabela leads<br>
<br>
<br>
<br>
 ---------->Leads extracted and save successfully from profile 3142712830 na tabela leads<br>
<br>
<br>
<br>
 ---------->Leads extracted and save successfully from profile 7627429723 na tabela leads<br>
<br>
<br>
<br>
 ---------->Leads extracted and save successfully from profile 7794635356 na tabela leads<br>
<br>
<br>
<br>
 ---------->Leads extracted and save successfully from profile 1814174984 na tabela leads<br>
<br>
<br>
<br>
 ---------->Leads extracted and save successfully from profile 6831401150 na tabela leads<br>
<br>
<br>
<br>
 ---------->Leads extracted and save successfully from profile 5946303499 na tabela leads<br>
<br>
<br>
<br>
 ---------->Leads extracted and save successfully from profile 866883990 na tabela leads<br>
<br>
<br>
<br>
 ---------->Leads extracted and save successfully from profile 2511206502 na tabela leads<br>
<br>
 Client ---> m0r3n0  Campaing --> 1  Profile --> adidas:  proccess correctly<br><br>

<br />
<b>Notice</b>:  Undefined variable: login_data in <b>/opt/lampp/htdocs/leads/worker/class/Robot.php</b> on line <b>397</b><br />
<br />
<b>Notice</b>:  Undefined variable: login_data in <b>/opt/lampp/htdocs/leads/worker/class/Robot.php</b> on line <b>397</b><br />
<br />
<b>Notice</b>:  Undefined variable: login_data in <b>/opt/lampp/htdocs/leads/worker/class/Robot.php</b> on line <b>397</b><br />
<br />
<b>Notice</b>:  Undefined variable: login_data in <b>/opt/lampp/htdocs/leads/worker/class/Robot.php</b> on line <b>397</b><br />
<br />
<b>Notice</b>:  Undefined variable: login_data in <b>/opt/lampp/htdocs/leads/worker/class/Robot.php</b> on line <b>397</b><br />
<br>
<br>
 ---------->Leads extracted and save successfully from profile 2013857618 na tabela leads<br>
<br>
<br>
<br>
 ---------->Leads extracted and save successfully from profile 2215604372 na tabela leads<br>
<br>
 Client ---> m0r3n0  Campaing --> 3  Profile --> cerveija:  proccess correctly<br><br>

<br />
<b>Notice</b>:  Undefined variable: login_data in <b>/opt/lampp/htdocs/leads/worker/class/Robot.php</b> on line <b>272</b><br />
<br />
<b>Notice</b>:  Undefined variable: login_data in <b>/opt/lampp/htdocs/leads/worker/class/Robot.php</b> on line <b>272</b><br />
<br />
<b>Notice</b>:  Undefined variable: login_data in <b>/opt/lampp/htdocs/leads/worker/class/Robot.php</b> on line <b>272</b><br />
<br />
<b>Notice</b>:  Undefined variable: login_data in <b>/opt/lampp/htdocs/leads/worker/class/Robot.php</b> on line <b>272</b><br />
<br />
<b>Notice</b>:  Undefined variable: login_data in <b>/opt/lampp/htdocs/leads/worker/class/Robot.php</b> on line <b>272</b><br />
<br />
<b>Notice</b>:  Undefined variable: login_data in <b>/opt/lampp/htdocs/leads/worker/class/Robot.php</b> on line <b>272</b><br />
<br />
<b>Notice</b>:  Undefined variable: login_data in <b>/opt/lampp/htdocs/leads/worker/class/Robot.php</b> on line <b>272</b><br />
<br />
<b>Notice</b>:  Undefined variable: login_data in <b>/opt/lampp/htdocs/leads/worker/class/Robot.php</b> on line <b>272</b><br />
<br />
<b>Notice</b>:  Undefined variable: login_data in <b>/opt/lampp/htdocs/leads/worker/class/Robot.php</b> on line <b>272</b><br />
<br />
<b>Notice</b>:  Undefined variable: login_data in <b>/opt/lampp/htdocs/leads/worker/class/Robot.php</b> on line <b>272</b><br />
<br />
<b>Notice</b>:  Undefined variable: login_data in <b>/opt/lampp/htdocs/leads/worker/class/Robot.php</b> on line <b>272</b><br />
<br />
<b>Notice</b>:  Undefined variable: login_data in <b>/opt/lampp/htdocs/leads/worker/class/Robot.php</b> on line <b>272</b><br />
<br />
<b>Notice</b>:  Undefined variable: login_data in <b>/opt/lampp/htdocs/leads/worker/class/Robot.php</b> on line <b>272</b><br />
<br />
<b>Notice</b>:  Undefined variable: login_data in <b>/opt/lampp/htdocs/leads/worker/class/Robot.php</b> on line <b>272</b><br />
<br />
<b>Notice</b>:  Undefined variable: login_data in <b>/opt/lampp/htdocs/leads/worker/class/Robot.php</b> on line <b>272</b><br />
<br />
<b>Notice</b>:  Undefined variable: login_data in <b>/opt/lampp/htdocs/leads/worker/class/Robot.php</b> on line <b>272</b><br />
<br />
<b>Notice</b>:  Undefined variable: login_data in <b>/opt/lampp/htdocs/leads/worker/class/Robot.php</b> on line <b>272</b><br />
<br />
<b>Notice</b>:  Undefined variable: login_data in <b>/opt/lampp/htdocs/leads/worker/class/Robot.php</b> on line <b>272</b><br />
<br />
<b>Notice</b>:  Undefined variable: login_data in <b>/opt/lampp/htdocs/leads/worker/class/Robot.php</b> on line <b>272</b><br />
<br />
<b>Notice</b>:  Undefined variable: login_data in <b>/opt/lampp/htdocs/leads/worker/class/Robot.php</b> on line <b>272</b><br />
<br />
<b>Notice</b>:  Undefined variable: login_data in <b>/opt/lampp/htdocs/leads/worker/class/Robot.php</b> on line <b>272</b><br />
<br />
<b>Notice</b>:  Undefined variable: login_data in <b>/opt/lampp/htdocs/leads/worker/class/Robot.php</b> on line <b>272</b><br />
<br />
<b>Notice</b>:  Undefined variable: login_data in <b>/opt/lampp/htdocs/leads/worker/class/Robot.php</b> on line <b>272</b><br />
<br />
<b>Notice</b>:  Undefined variable: login_data in <b>/opt/lampp/htdocs/leads/worker/class/Robot.php</b> on line <b>272</b><br />
<br />
<b>Notice</b>:  Undefined variable: login_data in <b>/opt/lampp/htdocs/leads/worker/class/Robot.php</b> on line <b>272</b><br />
<br />
<b>Notice</b>:  Undefined variable: login_data in <b>/opt/lampp/htdocs/leads/worker/class/Robot.php</b> on line <b>272</b><br />
<br />
<b>Notice</b>:  Undefined variable: login_data in <b>/opt/lampp/htdocs/leads/worker/class/Robot.php</b> on line <b>272</b><br />
<br />
<b>Notice</b>:  Undefined variable: login_data in <b>/opt/lampp/htdocs/leads/worker/class/Robot.php</b> on line <b>272</b><br />
<br />
<b>Notice</b>:  Undefined variable: login_data in <b>/opt/lampp/htdocs/leads/worker/class/Robot.php</b> on line <b>272</b><br />
<br />
<b>Notice</b>:  Undefined variable: login_data in <b>/opt/lampp/htdocs/leads/worker/class/Robot.php</b> on line <b>272</b><br />
<br />
<b>Notice</b>:  Undefined variable: login_data in <b>/opt/lampp/htdocs/leads/worker/class/Robot.php</b> on line <b>272</b><br />
<br />
<b>Notice</b>:  Undefined variable: login_data in <b>/opt/lampp/htdocs/leads/worker/class/Robot.php</b> on line <b>272</b><br />
<br />
<b>Notice</b>:  Undefined variable: login_data in <b>/opt/lampp/htdocs/leads/worker/class/Robot.php</b> on line <b>272</b><br />
<br />
<b>Notice</b>:  Undefined variable: login_data in <b>/opt/lampp/htdocs/leads/worker/class/Robot.php</b> on line <b>272</b><br />
<br />
<b>Notice</b>:  Undefined variable: login_data in <b>/opt/lampp/htdocs/leads/worker/class/Robot.php</b> on line <b>272</b><br />
<br />
<b>Notice</b>:  Undefined variable: login_data in <b>/opt/lampp/htdocs/leads/worker/class/Robot.php</b> on line <b>272</b><br />
<br />
<b>Notice</b>:  Undefined variable: login_data in <b>/opt/lampp/htdocs/leads/worker/class/Robot.php</b> on line <b>272</b><br />
<br />
<b>Notice</b>:  Undefined variable: login_data in <b>/opt/lampp/htdocs/leads/worker/class/Robot.php</b> on line <b>272</b><br />
<br />
<b>Notice</b>:  Undefined variable: login_data in <b>/opt/lampp/htdocs/leads/worker/class/Robot.php</b> on line <b>272</b><br />
<br />
<b>Notice</b>:  Undefined variable: login_data in <b>/opt/lampp/htdocs/leads/worker/class/Robot.php</b> on line <b>272</b><br />
<br />
<b>Notice</b>:  Undefined variable: login_data in <b>/opt/lampp/htdocs/leads/worker/class/Robot.php</b> on line <b>272</b><br />
<br />
<b>Notice</b>:  Undefined variable: login_data in <b>/opt/lampp/htdocs/leads/worker/class/Robot.php</b> on line <b>272</b><br />
<br />
<b>Notice</b>:  Undefined variable: login_data in <b>/opt/lampp/htdocs/leads/worker/class/Robot.php</b> on line <b>272</b><br />
<br />
<b>Notice</b>:  Undefined variable: login_data in <b>/opt/lampp/htdocs/leads/worker/class/Robot.php</b> on line <b>272</b><br />
<br />
<b>Notice</b>:  Undefined variable: login_data in <b>/opt/lampp/htdocs/leads/worker/class/Robot.php</b> on line <b>272</b><br />
<br />
<b>Notice</b>:  Undefined variable: login_data in <b>/opt/lampp/htdocs/leads/worker/class/Robot.php</b> on line <b>272</b><br />
<br />
<b>Notice</b>:  Undefined variable: login_data in <b>/opt/lampp/htdocs/leads/worker/class/Robot.php</b> on line <b>272</b><br />
<br />
<b>Notice</b>:  Undefined variable: login_data in <b>/opt/lampp/htdocs/leads/worker/class/Robot.php</b> on line <b>272</b><br />
<br />
<b>Notice</b>:  Undefined variable: login_data in <b>/opt/lampp/htdocs/leads/worker/class/Robot.php</b> on line <b>272</b><br />
<br />
<b>Notice</b>:  Undefined variable: login_data in <b>/opt/lampp/htdocs/leads/worker/class/Robot.php</b> on line <b>272</b><br />
<br>
<br>
 ---------->Leads extracted and save successfully from profile 452920682 na tabela leads<br>
<br>
<br>
<br>
 ---------->Leads extracted and save successfully from profile 1553064031 na tabela leads<br>
<br>
<br>
<br>
 ---------->Leads extracted and save successfully from profile 983565105 na tabela leads<br>
<br>
<br>
<br>
 ---------->Leads extracted and save successfully from profile 3182527270 na tabela leads<br>
<br>
<br>
<br>
 ---------->Leads extracted and save successfully from profile 3046583628 na tabela leads<br>
<br>
<br>
<br>
 ---------->Leads extracted and save successfully from profile 5381137452 na tabela leads<br>
<br>
<br>
<br>
 ---------->Leads extracted and save successfully from profile 374115936 na tabela leads<br>
<br>
<br>
<br>
 ---------->Leads extracted and save successfully from profile 2301615326 na tabela leads<br>
<br>
<br>
<br>
 ---------->Leads extracted and save successfully from profile 27721229 na tabela leads<br>
<br>
<br>
<br>
 ---------->Leads extracted and save successfully from profile 633675688 na tabela leads<br>
<br>
 Client ---> m0r3n0  Campaing --> 2  Profile --> lima-peru:  proccess correctly<br><br>

<br />
<b>Notice</b>:  Undefined variable: login_data in <b>/opt/lampp/htdocs/leads/worker/class/Robot.php</b> on line <b>397</b><br />
<br />
<b>Notice</b>:  Undefined variable: login_data in <b>/opt/lampp/htdocs/leads/worker/class/Robot.php</b> on line <b>397</b><br />
<br />
<b>Notice</b>:  Undefined variable: login_data in <b>/opt/lampp/htdocs/leads/worker/class/Robot.php</b> on line <b>397</b><br />
<br />
<b>Notice</b>:  Undefined variable: login_data in <b>/opt/lampp/htdocs/leads/worker/class/Robot.php</b> on line <b>397</b><br />
<br />
<b>Notice</b>:  Undefined variable: login_data in <b>/opt/lampp/htdocs/leads/worker/class/Robot.php</b> on line <b>397</b><br />
<br>
<br>
 ---------->Leads extracted and save successfully from profile 3462994594 na tabela leads<br>
<br>
<br>
<br>
 ---------->Leads extracted and save successfully from profile 6783027074 na tabela leads<br>
<br>
<br>
<br>
 ---------->Leads extracted and save successfully from profile 5600946408 na tabela leads<br>
<br>
<br>
<br>
 ---------->Leads extracted and save successfully from profile 342807295 na tabela leads<br>
<br>
 Client ---> m0r3n0  Campaing --> 3  Profile --> festa:  proccess correctly<br><br>

<br />
<b>Notice</b>:  Undefined variable: login_data in <b>/opt/lampp/htdocs/leads/worker/class/Robot.php</b> on line <b>272</b><br />
<br />
<b>Notice</b>:  Undefined variable: login_data in <b>/opt/lampp/htdocs/leads/worker/class/Robot.php</b> on line <b>272</b><br />
<br />
<b>Notice</b>:  Undefined variable: login_data in <b>/opt/lampp/htdocs/leads/worker/class/Robot.php</b> on line <b>272</b><br />
<br />
<b>Notice</b>:  Undefined variable: login_data in <b>/opt/lampp/htdocs/leads/worker/class/Robot.php</b> on line <b>272</b><br />
<br />
<b>Notice</b>:  Undefined variable: login_data in <b>/opt/lampp/htdocs/leads/worker/class/Robot.php</b> on line <b>272</b><br />
<br />
<b>Notice</b>:  Undefined variable: login_data in <b>/opt/lampp/htdocs/leads/worker/class/Robot.php</b> on line <b>272</b><br />
<br />
<b>Notice</b>:  Undefined variable: login_data in <b>/opt/lampp/htdocs/leads/worker/class/Robot.php</b> on line <b>272</b><br />
<br />
<b>Notice</b>:  Undefined variable: login_data in <b>/opt/lampp/htdocs/leads/worker/class/Robot.php</b> on line <b>272</b><br />
<br />
<b>Notice</b>:  Undefined variable: login_data in <b>/opt/lampp/htdocs/leads/worker/class/Robot.php</b> on line <b>272</b><br />
<br />
<b>Notice</b>:  Undefined variable: login_data in <b>/opt/lampp/htdocs/leads/worker/class/Robot.php</b> on line <b>272</b><br />
<br />
<b>Notice</b>:  Undefined variable: login_data in <b>/opt/lampp/htdocs/leads/worker/class/Robot.php</b> on line <b>272</b><br />
<br />
<b>Notice</b>:  Undefined variable: login_data in <b>/opt/lampp/htdocs/leads/worker/class/Robot.php</b> on line <b>272</b><br />
<br />
<b>Notice</b>:  Undefined variable: login_data in <b>/opt/lampp/htdocs/leads/worker/class/Robot.php</b> on line <b>272</b><br />
<br />
<b>Notice</b>:  Undefined variable: login_data in <b>/opt/lampp/htdocs/leads/worker/class/Robot.php</b> on line <b>272</b><br />
<br />
<b>Notice</b>:  Undefined variable: login_data in <b>/opt/lampp/htdocs/leads/worker/class/Robot.php</b> on line <b>272</b><br />
<br />
<b>Notice</b>:  Undefined variable: login_data in <b>/opt/lampp/htdocs/leads/worker/class/Robot.php</b> on line <b>272</b><br />
<br />
<b>Notice</b>:  Undefined variable: login_data in <b>/opt/lampp/htdocs/leads/worker/class/Robot.php</b> on line <b>272</b><br />
<br />
<b>Notice</b>:  Undefined variable: login_data in <b>/opt/lampp/htdocs/leads/worker/class/Robot.php</b> on line <b>272</b><br />
<br />
<b>Notice</b>:  Undefined variable: login_data in <b>/opt/lampp/htdocs/leads/worker/class/Robot.php</b> on line <b>272</b><br />
<br />
<b>Notice</b>:  Undefined variable: login_data in <b>/opt/lampp/htdocs/leads/worker/class/Robot.php</b> on line <b>272</b><br />
<br />
<b>Notice</b>:  Undefined variable: login_data in <b>/opt/lampp/htdocs/leads/worker/class/Robot.php</b> on line <b>272</b><br />
<br />
<b>Notice</b>:  Undefined variable: login_data in <b>/opt/lampp/htdocs/leads/worker/class/Robot.php</b> on line <b>272</b><br />
<br />
<b>Notice</b>:  Undefined variable: login_data in <b>/opt/lampp/htdocs/leads/worker/class/Robot.php</b> on line <b>272</b><br />
<br />
<b>Notice</b>:  Undefined variable: login_data in <b>/opt/lampp/htdocs/leads/worker/class/Robot.php</b> on line <b>272</b><br />
<br />
<b>Notice</b>:  Undefined variable: login_data in <b>/opt/lampp/htdocs/leads/worker/class/Robot.php</b> on line <b>272</b><br />
<br />
<b>Notice</b>:  Undefined variable: login_data in <b>/opt/lampp/htdocs/leads/worker/class/Robot.php</b> on line <b>272</b><br />
<br />
<b>Notice</b>:  Undefined variable: login_data in <b>/opt/lampp/htdocs/leads/worker/class/Robot.php</b> on line <b>272</b><br />
<br />
<b>Notice</b>:  Undefined variable: login_data in <b>/opt/lampp/htdocs/leads/worker/class/Robot.php</b> on line <b>272</b><br />
<br />
<b>Notice</b>:  Undefined variable: login_data in <b>/opt/lampp/htdocs/leads/worker/class/Robot.php</b> on line <b>272</b><br />
<br />
<b>Notice</b>:  Undefined variable: login_data in <b>/opt/lampp/htdocs/leads/worker/class/Robot.php</b> on line <b>272</b><br />
<br />
<b>Notice</b>:  Undefined variable: login_data in <b>/opt/lampp/htdocs/leads/worker/class/Robot.php</b> on line <b>272</b><br />
<br />
<b>Notice</b>:  Undefined variable: login_data in <b>/opt/lampp/htdocs/leads/worker/class/Robot.php</b> on line <b>272</b><br />
<br />
<b>Notice</b>:  Undefined variable: login_data in <b>/opt/lampp/htdocs/leads/worker/class/Robot.php</b> on line <b>272</b><br />
<br />
<b>Notice</b>:  Undefined variable: login_data in <b>/opt/lampp/htdocs/leads/worker/class/Robot.php</b> on line <b>272</b><br />
<br />
<b>Notice</b>:  Undefined variable: login_data in <b>/opt/lampp/htdocs/leads/worker/class/Robot.php</b> on line <b>272</b><br />
<br />
<b>Notice</b>:  Undefined variable: login_data in <b>/opt/lampp/htdocs/leads/worker/class/Robot.php</b> on line <b>272</b><br />
<br />
<b>Notice</b>:  Undefined variable: login_data in <b>/opt/lampp/htdocs/leads/worker/class/Robot.php</b> on line <b>272</b><br />
<br />
<b>Notice</b>:  Undefined variable: login_data in <b>/opt/lampp/htdocs/leads/worker/class/Robot.php</b> on line <b>272</b><br />
<br />
<b>Notice</b>:  Undefined variable: login_data in <b>/opt/lampp/htdocs/leads/worker/class/Robot.php</b> on line <b>272</b><br />
<br />
<b>Notice</b>:  Undefined variable: login_data in <b>/opt/lampp/htdocs/leads/worker/class/Robot.php</b> on line <b>272</b><br />
<br />
<b>Notice</b>:  Undefined variable: login_data in <b>/opt/lampp/htdocs/leads/worker/class/Robot.php</b> on line <b>272</b><br />
<br />
<b>Notice</b>:  Undefined variable: login_data in <b>/opt/lampp/htdocs/leads/worker/class/Robot.php</b> on line <b>272</b><br />
<br />
<b>Notice</b>:  Undefined variable: login_data in <b>/opt/lampp/htdocs/leads/worker/class/Robot.php</b> on line <b>272</b><br />
<br />
<b>Notice</b>:  Undefined variable: login_data in <b>/opt/lampp/htdocs/leads/worker/class/Robot.php</b> on line <b>272</b><br />
<br />
<b>Notice</b>:  Undefined variable: login_data in <b>/opt/lampp/htdocs/leads/worker/class/Robot.php</b> on line <b>272</b><br />
<br />
<b>Notice</b>:  Undefined variable: login_data in <b>/opt/lampp/htdocs/leads/worker/class/Robot.php</b> on line <b>272</b><br />
<br />
<b>Notice</b>:  Undefined variable: login_data in <b>/opt/lampp/htdocs/leads/worker/class/Robot.php</b> on line <b>272</b><br />
<br />
<b>Notice</b>:  Undefined variable: login_data in <b>/opt/lampp/htdocs/leads/worker/class/Robot.php</b> on line <b>272</b><br />
<br />
<b>Notice</b>:  Undefined variable: login_data in <b>/opt/lampp/htdocs/leads/worker/class/Robot.php</b> on line <b>272</b><br />
<br />
<b>Notice</b>:  Undefined variable: login_data in <b>/opt/lampp/htdocs/leads/worker/class/Robot.php</b> on line <b>272</b><br />
<br>
<br>
 ---------->Leads extracted and save successfully from profile 462109099 na tabela leads<br>
<br>
<br>
<br>
 ---------->Leads extracted and save successfully from profile 4088699705 na tabela leads<br>
<br>
<br>
<br>
 ---------->Leads extracted and save successfully from profile 7116051127 na tabela leads<br>
<br>
<br>
<br>
 ---------->Leads extracted and save successfully from profile 4924852208 na tabela leads<br>
<br>
<br>
<br>
 ---------->Leads extracted and save successfully from profile 5386879562 na tabela leads<br>
<br>
<br>
<br>
 ---------->Leads extracted and save successfully from profile 6991048307 na tabela leads<br>
<br>
<br>
<br>
 ---------->Leads extracted and save successfully from profile 4102816459 na tabela leads<br>
<br>
<br>
<br>
 ---------->Leads extracted and save successfully from profile 5706530858 na tabela leads<br>
<br>
 Client ---> m0r3n0  Campaing --> 2  Profile --> icarai-rio-de-janeiro-brazil:  proccess correctly<br><br>

<br />
<b>Notice</b>:  Undefined variable: login_data in <b>/opt/lampp/htdocs/leads/worker/class/Robot.php</b> on line <b>397</b><br />
<br />
<b>Notice</b>:  Undefined variable: login_data in <b>/opt/lampp/htdocs/leads/worker/class/Robot.php</b> on line <b>397</b><br />
<br />
<b>Notice</b>:  Undefined variable: login_data in <b>/opt/lampp/htdocs/leads/worker/class/Robot.php</b> on line <b>397</b><br />
<br />
<b>Notice</b>:  Undefined variable: login_data in <b>/opt/lampp/htdocs/leads/worker/class/Robot.php</b> on line <b>397</b><br />
<br>
<br>
 ---------->Leads extracted and save successfully from profile 6301961393 na tabela leads<br>
<br>
<br>
<br>
 ---------->Leads extracted and save successfully from profile 3301126962 na tabela leads<br>
<br>
 Client ---> m0r3n0  Campaing --> 3  Profile --> cerveija:  proccess correctly<br><br>

<br />
<b>Notice</b>:  Undefined variable: login_data in <b>/opt/lampp/htdocs/leads/worker/class/Robot.php</b> on line <b>397</b><br />
<br />
<b>Notice</b>:  Undefined variable: login_data in <b>/opt/lampp/htdocs/leads/worker/class/Robot.php</b> on line <b>397</b><br />
<br />
<b>Notice</b>:  Undefined variable: login_data in <b>/opt/lampp/htdocs/leads/worker/class/Robot.php</b> on line <b>397</b><br />
<br />
<b>Notice</b>:  Undefined variable: login_data in <b>/opt/lampp/htdocs/leads/worker/class/Robot.php</b> on line <b>397</b><br />
<br>
<br>
 ---------->Leads extracted and save successfully from profile 7607483735 na tabela leads<br>
<br>
<br>
<br>
 ---------->Leads extracted and save successfully from profile 2013857618 na tabela leads<br>
<br>
<br>
<br>
 ---------->Leads extracted and save successfully from profile 1287432209 na tabela leads<br>
<br>
 Client ---> m0r3n0  Campaing --> 3  Profile --> cerveija:  proccess correctly<br><br>

<br />
<b>Notice</b>:  Undefined variable: login_data in <b>/opt/lampp/htdocs/leads/worker/class/Robot.php</b> on line <b>397</b><br />
<br />
<b>Notice</b>:  Undefined variable: login_data in <b>/opt/lampp/htdocs/leads/worker/class/Robot.php</b> on line <b>397</b><br />
<br />
<b>Notice</b>:  Undefined variable: login_data in <b>/opt/lampp/htdocs/leads/worker/class/Robot.php</b> on line <b>397</b><br />
<br />
<b>Notice</b>:  Undefined variable: login_data in <b>/opt/lampp/htdocs/leads/worker/class/Robot.php</b> on line <b>397</b><br />
<br />
<b>Notice</b>:  Undefined variable: login_data in <b>/opt/lampp/htdocs/leads/worker/class/Robot.php</b> on line <b>397</b><br />
<br>
<br>
 ---------->Leads extracted and save successfully from profile 709691325 na tabela leads<br>
<br>
<br>
<br>
 ---------->Leads extracted and save successfully from profile 6883543348 na tabela leads<br>
<br>
<br>
<br>
 ---------->Leads extracted and save successfully from profile 3112907371 na tabela leads<br>
<br>
 Client ---> m0r3n0  Campaing --> 3  Profile --> festa:  proccess correctly<br><br>

<br />
<b>Notice</b>:  Undefined variable: login_data in <b>/opt/lampp/htdocs/leads/worker/class/Robot.php</b> on line <b>397</b><br />
<br />
<b>Notice</b>:  Undefined variable: login_data in <b>/opt/lampp/htdocs/leads/worker/class/Robot.php</b> on line <b>397</b><br />
<br />
<b>Notice</b>:  Undefined variable: login_data in <b>/opt/lampp/htdocs/leads/worker/class/Robot.php</b> on line <b>397</b><br />
<br />
<b>Notice</b>:  Undefined variable: login_data in <b>/opt/lampp/htdocs/leads/worker/class/Robot.php</b> on line <b>397</b><br />
<br>
<br>
 ---------->Leads extracted and save successfully from profile 3301126962 na tabela leads<br>
<br>
<br>
<br>
 ---------->Leads extracted and save successfully from profile 2209327165 na tabela leads<br>
<br>
<br>
<br>
 ---------->Leads extracted and save successfully from profile 1603701001 na tabela leads<br>
<br>
<br>
<br>
 ---------->Leads extracted and save successfully from profile 3132910663 na tabela leads<br>
<br>
 Client ---> m0r3n0  Campaing --> 3  Profile --> cerveija:  proccess correctly<br><br>

<br />
<b>Notice</b>:  Undefined variable: login_data in <b>/opt/lampp/htdocs/leads/worker/class/Robot.php</b> on line <b>397</b><br />
<br />
<b>Notice</b>:  Undefined variable: login_data in <b>/opt/lampp/htdocs/leads/worker/class/Robot.php</b> on line <b>397</b><br />
<br />
<b>Notice</b>:  Undefined variable: login_data in <b>/opt/lampp/htdocs/leads/worker/class/Robot.php</b> on line <b>397</b><br />
<br />
<b>Notice</b>:  Undefined variable: login_data in <b>/opt/lampp/htdocs/leads/worker/class/Robot.php</b> on line <b>397</b><br />
<br />
<b>Notice</b>:  Undefined variable: login_data in <b>/opt/lampp/htdocs/leads/worker/class/Robot.php</b> on line <b>397</b><br />
<br>
<br>
 ---------->Leads extracted and save successfully from profile 3112907371 na tabela leads<br>
<br>
 Client ---> m0r3n0  Campaing --> 3  Profile --> festa:  proccess correctly<br><br>

<br />
<b>Notice</b>:  Undefined variable: login_data in <b>/opt/lampp/htdocs/leads/worker/class/Robot.php</b> on line <b>397</b><br />
<br />
<b>Notice</b>:  Undefined variable: login_data in <b>/opt/lampp/htdocs/leads/worker/class/Robot.php</b> on line <b>397</b><br />
<br />
<b>Notice</b>:  Undefined variable: login_data in <b>/opt/lampp/htdocs/leads/worker/class/Robot.php</b> on line <b>397</b><br />
<br />
<b>Notice</b>:  Undefined variable: login_data in <b>/opt/lampp/htdocs/leads/worker/class/Robot.php</b> on line <b>397</b><br />
<br>
<br>
 ---------->Leads extracted and save successfully from profile 2013857618 na tabela leads<br>
<br>
<br>
<br>
 ---------->Leads extracted and save successfully from profile 3684121130 na tabela leads<br>
<br>
 Client ---> m0r3n0  Campaing --> 3  Profile --> cerveija:  proccess correctly<br><br>

<br />
<b>Notice</b>:  Undefined variable: login_data in <b>/opt/lampp/htdocs/leads/worker/class/Robot.php</b> on line <b>397</b><br />
<br />
<b>Notice</b>:  Undefined variable: login_data in <b>/opt/lampp/htdocs/leads/worker/class/Robot.php</b> on line <b>397</b><br />
<br />
<b>Notice</b>:  Undefined variable: login_data in <b>/opt/lampp/htdocs/leads/worker/class/Robot.php</b> on line <b>397</b><br />
<br />
<b>Notice</b>:  Undefined variable: login_data in <b>/opt/lampp/htdocs/leads/worker/class/Robot.php</b> on line <b>397</b><br />
<br>
<br>
 ---------->Leads extracted and save successfully from profile 4147373585 na tabela leads<br>
<br>
<br>
<br>
 ---------->Leads extracted and save successfully from profile 6883543348 na tabela leads<br>
<br>
 Client ---> m0r3n0  Campaing --> 3  Profile --> festa:  proccess correctly<br><br>

<br />
<b>Notice</b>:  Undefined variable: login_data in <b>/opt/lampp/htdocs/leads/worker/class/Robot.php</b> on line <b>397</b><br />
<br />
<b>Notice</b>:  Undefined variable: login_data in <b>/opt/lampp/htdocs/leads/worker/class/Robot.php</b> on line <b>397</b><br />
<br />
<b>Notice</b>:  Undefined variable: login_data in <b>/opt/lampp/htdocs/leads/worker/class/Robot.php</b> on line <b>397</b><br />
<br />
<b>Notice</b>:  Undefined variable: login_data in <b>/opt/lampp/htdocs/leads/worker/class/Robot.php</b> on line <b>397</b><br />
<br />
<b>Notice</b>:  Undefined variable: login_data in <b>/opt/lampp/htdocs/leads/worker/class/Robot.php</b> on line <b>397</b><br />
<br />
<b>Notice</b>:  Undefined variable: login_data in <b>/opt/lampp/htdocs/leads/worker/class/Robot.php</b> on line <b>397</b><br />
<br>
<br>
 ---------->Leads extracted and save successfully from profile 7607483735 na tabela leads<br>
<br>
<br>
<br>
 ---------->Leads extracted and save successfully from profile 6979908138 na tabela leads<br>
<br>
<br>
<br>
 ---------->Leads extracted and save successfully from profile 3301126962 na tabela leads<br>
<br>
 Client ---> m0r3n0  Campaing --> 3  Profile --> cerveija:  proccess correctly<br><br>

<br />
<b>Notice</b>:  Undefined variable: login_data in <b>/opt/lampp/htdocs/leads/worker/class/Robot.php</b> on line <b>397</b><br />
<br />
<b>Notice</b>:  Undefined variable: login_data in <b>/opt/lampp/htdocs/leads/worker/class/Robot.php</b> on line <b>397</b><br />
<br />
<b>Notice</b>:  Undefined variable: login_data in <b>/opt/lampp/htdocs/leads/worker/class/Robot.php</b> on line <b>397</b><br />
<br />
<b>Notice</b>:  Undefined variable: login_data in <b>/opt/lampp/htdocs/leads/worker/class/Robot.php</b> on line <b>397</b><br />
<br>
<br>
 ---------->Leads extracted and save successfully from profile 5508216801 na tabela leads<br>
<br>
<br>
<br>
 ---------->Leads extracted and save successfully from profile 3110192855 na tabela leads<br>
<br>
 Client ---> m0r3n0  Campaing --> 3  Profile --> festa:  proccess correctly<br><br>

<br />
<b>Notice</b>:  Undefined variable: login_data in <b>/opt/lampp/htdocs/leads/worker/class/Robot.php</b> on line <b>397</b><br />
<br />
<b>Notice</b>:  Undefined variable: login_data in <b>/opt/lampp/htdocs/leads/worker/class/Robot.php</b> on line <b>397</b><br />
<br />
<b>Notice</b>:  Undefined variable: login_data in <b>/opt/lampp/htdocs/leads/worker/class/Robot.php</b> on line <b>397</b><br />
<br />
<b>Notice</b>:  Undefined variable: login_data in <b>/opt/lampp/htdocs/leads/worker/class/Robot.php</b> on line <b>397</b><br />
<br>
<br>
 ---------->Leads extracted and save successfully from profile 5601000659 na tabela leads<br>
<br>
<br>
<br>
 ---------->Leads extracted and save successfully from profile 5926790055 na tabela leads<br>
<br>
 Client ---> m0r3n0  Campaing --> 3  Profile --> cerveija:  proccess correctly<br><br>

<br />
<b>Notice</b>:  Undefined variable: login_data in <b>/opt/lampp/htdocs/leads/worker/class/Robot.php</b> on line <b>397</b><br />
<br />
<b>Notice</b>:  Undefined variable: login_data in <b>/opt/lampp/htdocs/leads/worker/class/Robot.php</b> on line <b>397</b><br />
<br />
<b>Notice</b>:  Undefined variable: login_data in <b>/opt/lampp/htdocs/leads/worker/class/Robot.php</b> on line <b>397</b><br />
<br />
<b>Notice</b>:  Undefined variable: login_data in <b>/opt/lampp/htdocs/leads/worker/class/Robot.php</b> on line <b>397</b><br />
<br />
<b>Notice</b>:  Undefined variable: login_data in <b>/opt/lampp/htdocs/leads/worker/class/Robot.php</b> on line <b>397</b><br />
<br>
<br>
 ---------->Leads extracted and save successfully from profile 2290820547 na tabela leads<br>
<br>
<br>
<br>
 ---------->Leads extracted and save successfully from profile 3604203668 na tabela leads<br>
<br>
 Client ---> m0r3n0  Campaing --> 3  Profile --> festa:  proccess correctly<br><br>

<br />
<b>Notice</b>:  Undefined variable: login_data in <b>/opt/lampp/htdocs/leads/worker/class/Robot.php</b> on line <b>397</b><br />
<br />
<b>Notice</b>:  Undefined variable: login_data in <b>/opt/lampp/htdocs/leads/worker/class/Robot.php</b> on line <b>397</b><br />
<br />
<b>Notice</b>:  Undefined variable: login_data in <b>/opt/lampp/htdocs/leads/worker/class/Robot.php</b> on line <b>397</b><br />
<br />
<b>Notice</b>:  Undefined variable: login_data in <b>/opt/lampp/htdocs/leads/worker/class/Robot.php</b> on line <b>397</b><br />
<br />
<b>Notice</b>:  Undefined variable: login_data in <b>/opt/lampp/htdocs/leads/worker/class/Robot.php</b> on line <b>397</b><br />
<br />
<b>Notice</b>:  Undefined variable: login_data in <b>/opt/lampp/htdocs/leads/worker/class/Robot.php</b> on line <b>397</b><br />
<br>
<br>
 ---------->Leads extracted and save successfully from profile 2013857618 na tabela leads<br>
<br>
 Client ---> m0r3n0  Campaing --> 3  Profile --> cerveija:  proccess correctly<br><br>

<br />
<b>Notice</b>:  Undefined variable: login_data in <b>/opt/lampp/htdocs/leads/worker/class/Robot.php</b> on line <b>397</b><br />
<br />
<b>Notice</b>:  Undefined variable: login_data in <b>/opt/lampp/htdocs/leads/worker/class/Robot.php</b> on line <b>397</b><br />
<br />
<b>Notice</b>:  Undefined variable: login_data in <b>/opt/lampp/htdocs/leads/worker/class/Robot.php</b> on line <b>397</b><br />
<br />
<b>Notice</b>:  Undefined variable: login_data in <b>/opt/lampp/htdocs/leads/worker/class/Robot.php</b> on line <b>397</b><br />
<br />
<b>Notice</b>:  Undefined variable: login_data in <b>/opt/lampp/htdocs/leads/worker/class/Robot.php</b> on line <b>397</b><br />
<br>
<br>
 ---------->Leads extracted and save successfully from profile 6883543348 na tabela leads<br>
<br>
<br>
<br>
 ---------->Leads extracted and save successfully from profile 3112907371 na tabela leads<br>
<br>
<br>
<br>
 ---------->Leads extracted and save successfully from profile 3112907371 na tabela leads<br>
<br>
 Client ---> m0r3n0  Campaing --> 3  Profile --> festa:  proccess correctly<br><br>

<br />
<b>Notice</b>:  Undefined variable: login_data in <b>/opt/lampp/htdocs/leads/worker/class/Robot.php</b> on line <b>397</b><br />
<br />
<b>Notice</b>:  Undefined variable: login_data in <b>/opt/lampp/htdocs/leads/worker/class/Robot.php</b> on line <b>397</b><br />
<br />
<b>Notice</b>:  Undefined variable: login_data in <b>/opt/lampp/htdocs/leads/worker/class/Robot.php</b> on line <b>397</b><br />
<br />
<b>Notice</b>:  Undefined variable: login_data in <b>/opt/lampp/htdocs/leads/worker/class/Robot.php</b> on line <b>397</b><br />
<br />
<b>Notice</b>:  Undefined variable: login_data in <b>/opt/lampp/htdocs/leads/worker/class/Robot.php</b> on line <b>397</b><br />
<br />
<b>Notice</b>:  Undefined variable: login_data in <b>/opt/lampp/htdocs/leads/worker/class/Robot.php</b> on line <b>397</b><br />
<br>
<br>
 ---------->Leads extracted and save successfully from profile 315863523 na tabela leads<br>
<br>
<br>
<br>
 ---------->Leads extracted and save successfully from profile 3301126962 na tabela leads<br>
<br>
 Client ---> m0r3n0  Campaing --> 3  Profile --> cerveija:  proccess correctly<br><br>

<br />
<b>Notice</b>:  Undefined variable: login_data in <b>/opt/lampp/htdocs/leads/worker/class/Robot.php</b> on line <b>397</b><br />
<br />
<b>Notice</b>:  Undefined variable: login_data in <b>/opt/lampp/htdocs/leads/worker/class/Robot.php</b> on line <b>397</b><br />
<br />
<b>Notice</b>:  Undefined variable: login_data in <b>/opt/lampp/htdocs/leads/worker/class/Robot.php</b> on line <b>397</b><br />
<br />
<b>Notice</b>:  Undefined variable: login_data in <b>/opt/lampp/htdocs/leads/worker/class/Robot.php</b> on line <b>397</b><br />
<br />
<b>Notice</b>:  Undefined variable: login_data in <b>/opt/lampp/htdocs/leads/worker/class/Robot.php</b> on line <b>397</b><br />
<br>
<br>
 ---------->Leads extracted and save successfully from profile 4259155001 na tabela leads<br>
<br>
<br>
<br>
 ---------->Leads extracted and save successfully from profile 287636099 na tabela leads<br>
<br>
<br>
<br>
 ---------->Leads extracted and save successfully from profile 1427119433 na tabela leads<br>
<br>
<br>
<br>
 ---------->Leads extracted and save successfully from profile 791221593 na tabela leads<br>
<br>
 Client ---> m0r3n0  Campaing --> 3  Profile --> festa:  proccess correctly<br><br>

<br />
<b>Notice</b>:  Undefined variable: login_data in <b>/opt/lampp/htdocs/leads/worker/class/Robot.php</b> on line <b>397</b><br />
<br />
<b>Notice</b>:  Undefined variable: login_data in <b>/opt/lampp/htdocs/leads/worker/class/Robot.php</b> on line <b>397</b><br />
<br />
<b>Notice</b>:  Undefined variable: login_data in <b>/opt/lampp/htdocs/leads/worker/class/Robot.php</b> on line <b>397</b><br />
<br />
<b>Notice</b>:  Undefined variable: login_data in <b>/opt/lampp/htdocs/leads/worker/class/Robot.php</b> on line <b>397</b><br />
<br />
<b>Notice</b>:  Undefined variable: login_data in <b>/opt/lampp/htdocs/leads/worker/class/Robot.php</b> on line <b>397</b><br />
<br />
<b>Notice</b>:  Undefined variable: login_data in <b>/opt/lampp/htdocs/leads/worker/class/Robot.php</b> on line <b>397</b><br />
<br>
<br>
 ---------->Leads extracted and save successfully from profile 2031823343 na tabela leads<br>
<br>
<br>
<br>
 ---------->Leads extracted and save successfully from profile 5926790055 na tabela leads<br>
<br>
 Client ---> m0r3n0  Campaing --> 3  Profile --> cerveija:  proccess correctly<br><br>

<br />
<b>Notice</b>:  Undefined variable: login_data in <b>/opt/lampp/htdocs/leads/worker/class/Robot.php</b> on line <b>397</b><br />
<br />
<b>Notice</b>:  Undefined variable: login_data in <b>/opt/lampp/htdocs/leads/worker/class/Robot.php</b> on line <b>397</b><br />
<br />
<b>Notice</b>:  Undefined variable: login_data in <b>/opt/lampp/htdocs/leads/worker/class/Robot.php</b> on line <b>397</b><br />
<br />
<b>Notice</b>:  Undefined variable: login_data in <b>/opt/lampp/htdocs/leads/worker/class/Robot.php</b> on line <b>397</b><br />
<br />
<b>Notice</b>:  Undefined variable: login_data in <b>/opt/lampp/htdocs/leads/worker/class/Robot.php</b> on line <b>397</b><br />
<br />
<b>Notice</b>:  Undefined variable: login_data in <b>/opt/lampp/htdocs/leads/worker/class/Robot.php</b> on line <b>397</b><br />
<br>
<br>
 ---------->Leads extracted and save successfully from profile 5600946408 na tabela leads<br>
<br>
<br>
<br>
 ---------->Leads extracted and save successfully from profile 3968447851 na tabela leads<br>
<br>
<br>
<br>
 ---------->Leads extracted and save successfully from profile 3968447851 na tabela leads<br>
<br>
<br>
<br>
 ---------->Leads extracted and save successfully from profile 253192787 na tabela leads<br>
<br>
 Client ---> m0r3n0  Campaing --> 3  Profile --> festa:  proccess correctly<br><br>

<br />
<b>Notice</b>:  Undefined variable: login_data in <b>/opt/lampp/htdocs/leads/worker/class/Robot.php</b> on line <b>397</b><br />
<br />
<b>Notice</b>:  Undefined variable: login_data in <b>/opt/lampp/htdocs/leads/worker/class/Robot.php</b> on line <b>397</b><br />
<br />
<b>Notice</b>:  Undefined variable: login_data in <b>/opt/lampp/htdocs/leads/worker/class/Robot.php</b> on line <b>397</b><br />
<br />
<b>Notice</b>:  Undefined variable: login_data in <b>/opt/lampp/htdocs/leads/worker/class/Robot.php</b> on line <b>397</b><br />
<br />
<b>Notice</b>:  Undefined variable: login_data in <b>/opt/lampp/htdocs/leads/worker/class/Robot.php</b> on line <b>397</b><br />
 Client ---> m0r3n0  Campaing --> 3  Profile --> cerveija:  proccess correctly<br><br>

array(1) {
  [0]=>
  string(45) "{"message": "rate limited", "status": "fail"}"
}
curl 'https://www.instagram.com/graphql/query/?query_hash=298b92c8d7cad703f7565aa892ede943&variables=%7B%22tag_name%22%3A%22festa%22%2C%22first%22%3A2%2C%22after%22%3A%22AQDHSmvZaLrsG3oCkRt1327S2q-_fsdPpbiq5dPwFAABE5zgGCeOJ0BHcAVrz4Irn6iUQJArh65oBYZRnFad608NO0VwQwl2fcHTdNdXYTDVUg%22%7D' -H 'Cookie: mid=WvuJYwABAAEaL6_gYtNalRLn4bLT; sessionid=IGSCf49706aef11f535c2e58c0210827bb60b7664af585e70f7ee046bfea784d75c1%3APP1Pi0ODnuqLFw549sI6ZtNIlcdQB4aw%3A%7B%22_auth_user_id%22%3A7307005960%2C%22_auth_user_backend%22%3A%22accounts.backends.CaseInsensitiveModelBackend%22%2C%22_auth_user_hash%22%3A%22%22%2C%22_platform%22%3A1%2C%22_token_ver%22%3A2%2C%22_token%22%3A%227307005960%3AhlcT0YgBupKtCEvQHBbJHf76pH4trZCD%3A8d65d7cf8535e95031e0b567859c6b481cfe60bbba7b2cf5c4c46f85309843cb%22%2C%22last_refreshed%22%3A1526785914.9625713825%7D; s_network=; ig_pr=1; ig_vw=1855; csrftoken=iiUFQ1gL1TP9EXLGj4owLJcMG7H1NIOI; ds_user_id=7307005960' -H 'X-CSRFToken: iiUFQ1gL1TP9EXLGj4owLJcMG7H1NIOI' -H 'Origin: https://www.instagram.com' -H 'Accept-Encoding: gzip, deflate' -H 'Accept-Language: pt-BR,pt;q=0.8,en-US;q=0.6,en;q=0.4' -H 'User-Agent: Mozilla/5.0 (X11; Ubuntu; Linux x86_64; rv:49.0) Gecko/20100101 Firefox/49.0' -H 'X-Requested-with: XMLHttpRequest' -H 'content-type: application/x-www-form-urlencoded' -H 'Accept: */*' -H 'Referer: https://www.instagram.com/' -H 'Authority: www.instagram.com' --compressed <br>n<br>
 Untrated error!!!<br>
<br>
<br />
<b>Fatal error</b>:  Uncaught Error: Class 'leads\cls\Exception' not found in /opt/lampp/htdocs/leads/worker/class/Robot.php:445
Stack trace:
#0 /opt/lampp/htdocs/leads/worker/class/Robot.php(391): leads\cls\Robot-&gt;get_insta_tagmedia(Object(stdClass), 'festa', 50, 'AQDHSmvZaLrsG3o...')
#1 /opt/lampp/htdocs/leads/worker/class/Robot.php(104): leads\cls\Robot-&gt;get_profiles_from_hastag('festa', Object(stdClass), 50, 'AQDHSmvZaLrsG3o...')
#2 /opt/lampp/htdocs/leads/worker/class/Worker.php(101): leads\cls\Robot-&gt;do_robot_extract_leads(Object(InstagramAPI\Instagram), Object(stdClass), 'false')
#3 /opt/lampp/htdocs/leads/worker/scripts/all/index-do.php(18): leads\cls\Worker-&gt;do_work()
#4 {main}
  thrown in <b>/opt/lampp/htdocs/leads/worker/class/Robot.php</b> on line <b>445</b><br />
