Worker-Robot Leads Inited...!<br>
2018-05-20 05:29:23pmRobot2 initialized with robot_profile bertoernesto6505<br>
<br>
<br />
<b>Notice</b>:  Undefined variable: login_data in <b>/opt/lampp/htdocs/leads/worker/class/Robot.php</b> on line <b>272</b><br />
<br />
<b>Notice</b>:  Undefined variable: login_data in <b>/opt/lampp/htdocs/leads/worker/class/Robot.php</b> on line <b>272</b><br />
<br />
<b>Notice</b>:  Undefined variable: login_data in <b>/opt/lampp/htdocs/leads/worker/class/Robot.php</b> on line <b>272</b><br />
<br />
<b>Notice</b>:  Undefined variable: login_data in <b>/opt/lampp/htdocs/leads/worker/class/Robot.php</b> on line <b>272</b><br />
<br />
<b>Notice</b>:  Undefined variable: login_data in <b>/opt/lampp/htdocs/leads/worker/class/Robot.php</b> on line <b>272</b><br />
<br />
<b>Notice</b>:  Undefined variable: login_data in <b>/opt/lampp/htdocs/leads/worker/class/Robot.php</b> on line <b>272</b><br />
<br />
<b>Notice</b>:  Undefined variable: login_data in <b>/opt/lampp/htdocs/leads/worker/class/Robot.php</b> on line <b>272</b><br />
<br />
<b>Notice</b>:  Undefined variable: login_data in <b>/opt/lampp/htdocs/leads/worker/class/Robot.php</b> on line <b>272</b><br />
<br />
<b>Notice</b>:  Undefined variable: login_data in <b>/opt/lampp/htdocs/leads/worker/class/Robot.php</b> on line <b>272</b><br />
<br />
<b>Notice</b>:  Undefined variable: login_data in <b>/opt/lampp/htdocs/leads/worker/class/Robot.php</b> on line <b>272</b><br />
<br />
<b>Notice</b>:  Undefined variable: login_data in <b>/opt/lampp/htdocs/leads/worker/class/Robot.php</b> on line <b>272</b><br />
<br />
<b>Notice</b>:  Undefined variable: login_data in <b>/opt/lampp/htdocs/leads/worker/class/Robot.php</b> on line <b>272</b><br />
<br />
<b>Notice</b>:  Undefined variable: login_data in <b>/opt/lampp/htdocs/leads/worker/class/Robot.php</b> on line <b>272</b><br />
<br />
<b>Notice</b>:  Undefined variable: login_data in <b>/opt/lampp/htdocs/leads/worker/class/Robot.php</b> on line <b>272</b><br />
<br />
<b>Notice</b>:  Undefined variable: login_data in <b>/opt/lampp/htdocs/leads/worker/class/Robot.php</b> on line <b>272</b><br />
<br />
<b>Notice</b>:  Undefined variable: login_data in <b>/opt/lampp/htdocs/leads/worker/class/Robot.php</b> on line <b>272</b><br />
<br />
<b>Notice</b>:  Undefined variable: login_data in <b>/opt/lampp/htdocs/leads/worker/class/Robot.php</b> on line <b>272</b><br />
<br />
<b>Notice</b>:  Undefined variable: login_data in <b>/opt/lampp/htdocs/leads/worker/class/Robot.php</b> on line <b>272</b><br />
<br />
<b>Notice</b>:  Undefined variable: login_data in <b>/opt/lampp/htdocs/leads/worker/class/Robot.php</b> on line <b>272</b><br />
<br />
<b>Notice</b>:  Undefined variable: login_data in <b>/opt/lampp/htdocs/leads/worker/class/Robot.php</b> on line <b>272</b><br />
<br />
<b>Notice</b>:  Undefined variable: login_data in <b>/opt/lampp/htdocs/leads/worker/class/Robot.php</b> on line <b>272</b><br />
<br />
<b>Notice</b>:  Undefined variable: login_data in <b>/opt/lampp/htdocs/leads/worker/class/Robot.php</b> on line <b>272</b><br />
<br />
<b>Notice</b>:  Undefined variable: login_data in <b>/opt/lampp/htdocs/leads/worker/class/Robot.php</b> on line <b>272</b><br />
<br />
<b>Notice</b>:  Undefined variable: login_data in <b>/opt/lampp/htdocs/leads/worker/class/Robot.php</b> on line <b>272</b><br />
<br />
<b>Notice</b>:  Undefined variable: login_data in <b>/opt/lampp/htdocs/leads/worker/class/Robot.php</b> on line <b>272</b><br />
<br />
<b>Notice</b>:  Undefined variable: login_data in <b>/opt/lampp/htdocs/leads/worker/class/Robot.php</b> on line <b>272</b><br />
<br />
<b>Notice</b>:  Undefined variable: login_data in <b>/opt/lampp/htdocs/leads/worker/class/Robot.php</b> on line <b>272</b><br />
<br />
<b>Notice</b>:  Undefined variable: login_data in <b>/opt/lampp/htdocs/leads/worker/class/Robot.php</b> on line <b>272</b><br />
<br />
<b>Notice</b>:  Undefined variable: login_data in <b>/opt/lampp/htdocs/leads/worker/class/Robot.php</b> on line <b>272</b><br />
<br />
<b>Notice</b>:  Undefined variable: login_data in <b>/opt/lampp/htdocs/leads/worker/class/Robot.php</b> on line <b>272</b><br />
<br />
<b>Notice</b>:  Undefined variable: login_data in <b>/opt/lampp/htdocs/leads/worker/class/Robot.php</b> on line <b>272</b><br />
<br />
<b>Notice</b>:  Undefined variable: login_data in <b>/opt/lampp/htdocs/leads/worker/class/Robot.php</b> on line <b>272</b><br />
<br />
<b>Notice</b>:  Undefined variable: login_data in <b>/opt/lampp/htdocs/leads/worker/class/Robot.php</b> on line <b>272</b><br />
<br />
<b>Notice</b>:  Undefined variable: login_data in <b>/opt/lampp/htdocs/leads/worker/class/Robot.php</b> on line <b>272</b><br />
<br />
<b>Notice</b>:  Undefined variable: login_data in <b>/opt/lampp/htdocs/leads/worker/class/Robot.php</b> on line <b>272</b><br />
<br />
<b>Notice</b>:  Undefined variable: login_data in <b>/opt/lampp/htdocs/leads/worker/class/Robot.php</b> on line <b>272</b><br />
<br />
<b>Notice</b>:  Undefined variable: login_data in <b>/opt/lampp/htdocs/leads/worker/class/Robot.php</b> on line <b>272</b><br />
<br />
<b>Notice</b>:  Undefined variable: login_data in <b>/opt/lampp/htdocs/leads/worker/class/Robot.php</b> on line <b>272</b><br />
<br />
<b>Notice</b>:  Undefined variable: login_data in <b>/opt/lampp/htdocs/leads/worker/class/Robot.php</b> on line <b>272</b><br />
<br />
<b>Notice</b>:  Undefined variable: login_data in <b>/opt/lampp/htdocs/leads/worker/class/Robot.php</b> on line <b>272</b><br />
<br />
<b>Notice</b>:  Undefined variable: login_data in <b>/opt/lampp/htdocs/leads/worker/class/Robot.php</b> on line <b>272</b><br />
<br />
<b>Notice</b>:  Undefined variable: login_data in <b>/opt/lampp/htdocs/leads/worker/class/Robot.php</b> on line <b>272</b><br />
<br />
<b>Notice</b>:  Undefined variable: login_data in <b>/opt/lampp/htdocs/leads/worker/class/Robot.php</b> on line <b>272</b><br />
<br />
<b>Notice</b>:  Undefined variable: login_data in <b>/opt/lampp/htdocs/leads/worker/class/Robot.php</b> on line <b>272</b><br />
<br />
<b>Notice</b>:  Undefined variable: login_data in <b>/opt/lampp/htdocs/leads/worker/class/Robot.php</b> on line <b>272</b><br />
<br />
<b>Notice</b>:  Undefined variable: login_data in <b>/opt/lampp/htdocs/leads/worker/class/Robot.php</b> on line <b>272</b><br />
<br />
<b>Notice</b>:  Undefined variable: login_data in <b>/opt/lampp/htdocs/leads/worker/class/Robot.php</b> on line <b>272</b><br />
<br />
<b>Notice</b>:  Undefined variable: login_data in <b>/opt/lampp/htdocs/leads/worker/class/Robot.php</b> on line <b>272</b><br />
<br />
<b>Notice</b>:  Undefined variable: login_data in <b>/opt/lampp/htdocs/leads/worker/class/Robot.php</b> on line <b>272</b><br />
<br />
<b>Notice</b>:  Undefined variable: login_data in <b>/opt/lampp/htdocs/leads/worker/class/Robot.php</b> on line <b>272</b><br />
<br>
<br>
 ---------->Leads extracted and save successfully from profile 201201362 na tabela leads<br>
<br>
<br>
<br>
 ---------->Leads extracted and save successfully from profile 3079669437 na tabela leads<br>
<br>
<br>
<br>
 ---------->Leads extracted and save successfully from profile 5906989433 na tabela leads<br>
<br>
<br>
<br>
 ---------->Leads extracted and save successfully from profile 5499659363 na tabela leads<br>
<br>
<br>
<br>
 ---------->Leads extracted and save successfully from profile 2263657953 na tabela leads<br>
<br>
<br>
<br>
 ---------->Leads extracted and save successfully from profile 588327790 na tabela leads<br>
<br>
<br>
<br>
 ---------->Leads extracted and save successfully from profile 4477330923 na tabela leads<br>
<br>
<br>
<br>
 ---------->Leads extracted and save successfully from profile 1433261024 na tabela leads<br>
<br>
<br>
<br>
 ---------->Leads extracted and save successfully from profile 5408447543 na tabela leads<br>
<br>
<br>
<br>
 ---------->Leads extracted and save successfully from profile 2877570370 na tabela leads<br>
<br>
<br>
<br>
 ---------->Leads extracted and save successfully from profile 1922864418 na tabela leads<br>
<br>
<br>
<br>
 ---------->Leads extracted and save successfully from profile 6057916655 na tabela leads<br>
<br>
<br>
<br>
 ---------->Leads extracted and save successfully from profile 1316246596 na tabela leads<br>
<br>
<br>
<br>
 ---------->Leads extracted and save successfully from profile 5426149673 na tabela leads<br>
<br>
<br>
<br>
 ---------->Leads extracted and save successfully from profile 5426149673 na tabela leads<br>
<br>
<br>
<br>
 ---------->Leads extracted and save successfully from profile 5426149673 na tabela leads<br>
<br>
<br>
<br>
 ---------->Leads extracted and save successfully from profile 1226782839 na tabela leads<br>
<br>
<br>
<br>
 ---------->Leads extracted and save successfully from profile 1701304810 na tabela leads<br>
<br>
<br>
<br>
 ---------->Leads extracted and save successfully from profile 7189016776 na tabela leads<br>
<br>
 Client ---> m0r3n0  Campaing --> 2  Profile --> icarai-rio-de-janeiro-brazil:  proccess correctly<br><br>

<br>
<br>
 ---------->Leads extracted and save successfully from profile 3478995925 na tabela leads<br>
<br>
<br>
<br>
 ---------->Leads extracted and save successfully from profile 3950175296 na tabela leads<br>
<br>
<br>
<br>
 ---------->Leads extracted and save successfully from profile 1956844916 na tabela leads<br>
<br>
<br>
<br>
 ---------->Leads extracted and save successfully from profile 5370544328 na tabela leads<br>
<br>
<br>
<br>
 ---------->Leads extracted and save successfully from profile 2281535532 na tabela leads<br>
<br>
<br>
<br>
 ---------->Leads extracted and save successfully from profile 3631758171 na tabela leads<br>
<br>
<br>
<br>
 ---------->Leads extracted and save successfully from profile 4477084183 na tabela leads<br>
<br>
<br>
<br>
 ---------->Leads extracted and save successfully from profile 3537078263 na tabela leads<br>
<br>
<br>
<br>
 ---------->Leads extracted and save successfully from profile 3305426905 na tabela leads<br>
<br>
<br>
<br>
 ---------->Leads extracted and save successfully from profile 4154249521 na tabela leads<br>
<br>
<br>
<br>
 ---------->Leads extracted and save successfully from profile 620073139 na tabela leads<br>
<br>
<br>
<br>
 ---------->Leads extracted and save successfully from profile 2048070437 na tabela leads<br>
<br>
<br>
<br>
 ---------->Leads extracted and save successfully from profile 7572167637 na tabela leads<br>
<br>
<br>
<br>
 ---------->Leads extracted and save successfully from profile 38361547 na tabela leads<br>
<br>
<br>
<br>
 ---------->Leads extracted and save successfully from profile 3860584611 na tabela leads<br>
<br>
<br>
<br>
 ---------->Leads extracted and save successfully from profile 6027365896 na tabela leads<br>
<br>
<br>
<br>
 ---------->Leads extracted and save successfully from profile 4537027465 na tabela leads<br>
<br>
<br>
<br>
 ---------->Leads extracted and save successfully from profile 1835577260 na tabela leads<br>
<br>
<br>
<br>
 ---------->Leads extracted and save successfully from profile 7778342551 na tabela leads<br>
<br>
<br>
<br>
 ---------->Leads extracted and save successfully from profile 3545943959 na tabela leads<br>
<br>
<br>
<br>
 ---------->Leads extracted and save successfully from profile 4276916891 na tabela leads<br>
<br>
<br>
<br>
 ---------->Leads extracted and save successfully from profile 1999947841 na tabela leads<br>
<br>
<br>
<br>
 ---------->Leads extracted and save successfully from profile 5323866710 na tabela leads<br>
<br>
<br>
<br>
 ---------->Leads extracted and save successfully from profile 245160119 na tabela leads<br>
<br>
 Client ---> m0r3n0  Campaing --> 1  Profile --> adidas:  proccess correctly<br><br>

<br />
<b>Notice</b>:  Undefined variable: login_data in <b>/opt/lampp/htdocs/leads/worker/class/Robot.php</b> on line <b>272</b><br />
<br />
<b>Notice</b>:  Undefined variable: login_data in <b>/opt/lampp/htdocs/leads/worker/class/Robot.php</b> on line <b>272</b><br />
<br />
<b>Notice</b>:  Undefined variable: login_data in <b>/opt/lampp/htdocs/leads/worker/class/Robot.php</b> on line <b>272</b><br />
<br />
<b>Notice</b>:  Undefined variable: login_data in <b>/opt/lampp/htdocs/leads/worker/class/Robot.php</b> on line <b>272</b><br />
<br />
<b>Notice</b>:  Undefined variable: login_data in <b>/opt/lampp/htdocs/leads/worker/class/Robot.php</b> on line <b>272</b><br />
<br />
<b>Notice</b>:  Undefined variable: login_data in <b>/opt/lampp/htdocs/leads/worker/class/Robot.php</b> on line <b>272</b><br />
<br />
<b>Notice</b>:  Undefined variable: login_data in <b>/opt/lampp/htdocs/leads/worker/class/Robot.php</b> on line <b>272</b><br />
<br />
<b>Notice</b>:  Undefined variable: login_data in <b>/opt/lampp/htdocs/leads/worker/class/Robot.php</b> on line <b>272</b><br />
<br />
<b>Notice</b>:  Undefined variable: login_data in <b>/opt/lampp/htdocs/leads/worker/class/Robot.php</b> on line <b>272</b><br />
<br />
<b>Notice</b>:  Undefined variable: login_data in <b>/opt/lampp/htdocs/leads/worker/class/Robot.php</b> on line <b>272</b><br />
<br />
<b>Notice</b>:  Undefined variable: login_data in <b>/opt/lampp/htdocs/leads/worker/class/Robot.php</b> on line <b>272</b><br />
<br />
<b>Notice</b>:  Undefined variable: login_data in <b>/opt/lampp/htdocs/leads/worker/class/Robot.php</b> on line <b>272</b><br />
<br />
<b>Notice</b>:  Undefined variable: login_data in <b>/opt/lampp/htdocs/leads/worker/class/Robot.php</b> on line <b>272</b><br />
<br />
<b>Notice</b>:  Undefined variable: login_data in <b>/opt/lampp/htdocs/leads/worker/class/Robot.php</b> on line <b>272</b><br />
<br />
<b>Notice</b>:  Undefined variable: login_data in <b>/opt/lampp/htdocs/leads/worker/class/Robot.php</b> on line <b>272</b><br />
<br />
<b>Notice</b>:  Undefined variable: login_data in <b>/opt/lampp/htdocs/leads/worker/class/Robot.php</b> on line <b>272</b><br />
<br />
<b>Notice</b>:  Undefined variable: login_data in <b>/opt/lampp/htdocs/leads/worker/class/Robot.php</b> on line <b>272</b><br />
<br />
<b>Notice</b>:  Undefined variable: login_data in <b>/opt/lampp/htdocs/leads/worker/class/Robot.php</b> on line <b>272</b><br />
<br />
<b>Notice</b>:  Undefined variable: login_data in <b>/opt/lampp/htdocs/leads/worker/class/Robot.php</b> on line <b>272</b><br />
<br />
<b>Notice</b>:  Undefined variable: login_data in <b>/opt/lampp/htdocs/leads/worker/class/Robot.php</b> on line <b>272</b><br />
<br />
<b>Notice</b>:  Undefined variable: login_data in <b>/opt/lampp/htdocs/leads/worker/class/Robot.php</b> on line <b>272</b><br />
<br />
<b>Notice</b>:  Undefined variable: login_data in <b>/opt/lampp/htdocs/leads/worker/class/Robot.php</b> on line <b>272</b><br />
<br />
<b>Notice</b>:  Undefined variable: login_data in <b>/opt/lampp/htdocs/leads/worker/class/Robot.php</b> on line <b>272</b><br />
<br />
<b>Notice</b>:  Undefined variable: login_data in <b>/opt/lampp/htdocs/leads/worker/class/Robot.php</b> on line <b>272</b><br />
<br />
<b>Notice</b>:  Undefined variable: login_data in <b>/opt/lampp/htdocs/leads/worker/class/Robot.php</b> on line <b>272</b><br />
<br />
<b>Notice</b>:  Undefined variable: login_data in <b>/opt/lampp/htdocs/leads/worker/class/Robot.php</b> on line <b>272</b><br />
<br />
<b>Notice</b>:  Undefined variable: login_data in <b>/opt/lampp/htdocs/leads/worker/class/Robot.php</b> on line <b>272</b><br />
<br />
<b>Notice</b>:  Undefined variable: login_data in <b>/opt/lampp/htdocs/leads/worker/class/Robot.php</b> on line <b>272</b><br />
<br />
<b>Notice</b>:  Undefined variable: login_data in <b>/opt/lampp/htdocs/leads/worker/class/Robot.php</b> on line <b>272</b><br />
<br />
<b>Notice</b>:  Undefined variable: login_data in <b>/opt/lampp/htdocs/leads/worker/class/Robot.php</b> on line <b>272</b><br />
<br />
<b>Notice</b>:  Undefined variable: login_data in <b>/opt/lampp/htdocs/leads/worker/class/Robot.php</b> on line <b>272</b><br />
<br />
<b>Notice</b>:  Undefined variable: login_data in <b>/opt/lampp/htdocs/leads/worker/class/Robot.php</b> on line <b>272</b><br />
<br />
<b>Notice</b>:  Undefined variable: login_data in <b>/opt/lampp/htdocs/leads/worker/class/Robot.php</b> on line <b>272</b><br />
<br />
<b>Notice</b>:  Undefined variable: login_data in <b>/opt/lampp/htdocs/leads/worker/class/Robot.php</b> on line <b>272</b><br />
<br />
<b>Notice</b>:  Undefined variable: login_data in <b>/opt/lampp/htdocs/leads/worker/class/Robot.php</b> on line <b>272</b><br />
<br />
<b>Notice</b>:  Undefined variable: login_data in <b>/opt/lampp/htdocs/leads/worker/class/Robot.php</b> on line <b>272</b><br />
<br />
<b>Notice</b>:  Undefined variable: login_data in <b>/opt/lampp/htdocs/leads/worker/class/Robot.php</b> on line <b>272</b><br />
<br />
<b>Notice</b>:  Undefined variable: login_data in <b>/opt/lampp/htdocs/leads/worker/class/Robot.php</b> on line <b>272</b><br />
<br />
<b>Notice</b>:  Undefined variable: login_data in <b>/opt/lampp/htdocs/leads/worker/class/Robot.php</b> on line <b>272</b><br />
<br />
<b>Notice</b>:  Undefined variable: login_data in <b>/opt/lampp/htdocs/leads/worker/class/Robot.php</b> on line <b>272</b><br />
<br />
<b>Notice</b>:  Undefined variable: login_data in <b>/opt/lampp/htdocs/leads/worker/class/Robot.php</b> on line <b>272</b><br />
<br />
<b>Notice</b>:  Undefined variable: login_data in <b>/opt/lampp/htdocs/leads/worker/class/Robot.php</b> on line <b>272</b><br />
<br />
<b>Notice</b>:  Undefined variable: login_data in <b>/opt/lampp/htdocs/leads/worker/class/Robot.php</b> on line <b>272</b><br />
<br />
<b>Notice</b>:  Undefined variable: login_data in <b>/opt/lampp/htdocs/leads/worker/class/Robot.php</b> on line <b>272</b><br />
<br />
<b>Notice</b>:  Undefined variable: login_data in <b>/opt/lampp/htdocs/leads/worker/class/Robot.php</b> on line <b>272</b><br />
<br />
<b>Notice</b>:  Undefined variable: login_data in <b>/opt/lampp/htdocs/leads/worker/class/Robot.php</b> on line <b>272</b><br />
<br />
<b>Notice</b>:  Undefined variable: login_data in <b>/opt/lampp/htdocs/leads/worker/class/Robot.php</b> on line <b>272</b><br />
<br>
<br>
 ---------->Leads extracted and save successfully from profile 2105649661 na tabela leads<br>
<br>
<br>
<br>
 ---------->Leads extracted and save successfully from profile 1715397710 na tabela leads<br>
<br>
<br>
<br>
 ---------->Leads extracted and save successfully from profile 40047319 na tabela leads<br>
<br>
<br>
<br>
 ---------->Leads extracted and save successfully from profile 278041385 na tabela leads<br>
<br>
<br>
<br>
 ---------->Leads extracted and save successfully from profile 5732507692 na tabela leads<br>
<br>
<br>
<br>
 ---------->Leads extracted and save successfully from profile 5632277930 na tabela leads<br>
<br>
<br>
<br>
 ---------->Leads extracted and save successfully from profile 1270549341 na tabela leads<br>
<br>
<br>
<br>
 ---------->Leads extracted and save successfully from profile 519436959 na tabela leads<br>
<br>
<br>
<br>
 ---------->Leads extracted and save successfully from profile 7000204429 na tabela leads<br>
<br>
<br>
<br>
 ---------->Leads extracted and save successfully from profile 4459904893 na tabela leads<br>
<br>
<br>
<br>
 ---------->Leads extracted and save successfully from profile 1716848091 na tabela leads<br>
<br>
<br>
<br>
 ---------->Leads extracted and save successfully from profile 7107036217 na tabela leads<br>
<br>
 Client ---> m0r3n0  Campaing --> 2  Profile --> lima-peru:  proccess correctly<br><br>

<br>
<br>
 ---------->Leads extracted and save successfully from profile 772410488 na tabela leads<br>
<br>
<br>
<br>
 ---------->Leads extracted and save successfully from profile 7705581392 na tabela leads<br>
<br>
<br>
<br>
 ---------->Leads extracted and save successfully from profile 5888880670 na tabela leads<br>
<br>
<br>
<br>
 ---------->Leads extracted and save successfully from profile 7783236690 na tabela leads<br>
<br>
<br>
<br>
 ---------->Leads extracted and save successfully from profile 6792474786 na tabela leads<br>
<br>
<br>
<br>
 ---------->Leads extracted and save successfully from profile 3580326527 na tabela leads<br>
<br>
<br>
<br>
 ---------->Leads extracted and save successfully from profile 4445510995 na tabela leads<br>
<br>
<br>
<br>
 ---------->Leads extracted and save successfully from profile 6729023463 na tabela leads<br>
<br>
<br>
<br>
 ---------->Leads extracted and save successfully from profile 1915211271 na tabela leads<br>
<br>
<br>
<br>
 ---------->Leads extracted and save successfully from profile 6161238144 na tabela leads<br>
<br>
<br>
<br>
 ---------->Leads extracted and save successfully from profile 7116927328 na tabela leads<br>
<br>
<br>
<br>
 ---------->Leads extracted and save successfully from profile 7584877029 na tabela leads<br>
<br>
<br>
<br>
 ---------->Leads extracted and save successfully from profile 3519602987 na tabela leads<br>
<br>
<br>
<br>
 ---------->Leads extracted and save successfully from profile 4080561598 na tabela leads<br>
<br>
<br>
<br>
 ---------->Leads extracted and save successfully from profile 7218064201 na tabela leads<br>
<br>
<br>
<br>
 ---------->Leads extracted and save successfully from profile 6658479493 na tabela leads<br>
<br>
<br>
<br>
 ---------->Leads extracted and save successfully from profile 1144104960 na tabela leads<br>
<br>
<br>
<br>
 ---------->Leads extracted and save successfully from profile 5354776863 na tabela leads<br>
<br>
<br>
<br>
 ---------->Leads extracted and save successfully from profile 16574890 na tabela leads<br>
<br>
 Client ---> m0r3n0  Campaing --> 1  Profile --> nike:  proccess correctly<br><br>

<br />
<b>Notice</b>:  Undefined variable: login_data in <b>/opt/lampp/htdocs/leads/worker/class/Robot.php</b> on line <b>397</b><br />
<br />
<b>Notice</b>:  Undefined variable: login_data in <b>/opt/lampp/htdocs/leads/worker/class/Robot.php</b> on line <b>397</b><br />
<br />
<b>Notice</b>:  Undefined variable: login_data in <b>/opt/lampp/htdocs/leads/worker/class/Robot.php</b> on line <b>397</b><br />
<br />
<b>Notice</b>:  Undefined variable: login_data in <b>/opt/lampp/htdocs/leads/worker/class/Robot.php</b> on line <b>397</b><br />
<br />
<b>Notice</b>:  Undefined variable: login_data in <b>/opt/lampp/htdocs/leads/worker/class/Robot.php</b> on line <b>397</b><br />
<br>
<br>
 ---------->Leads extracted and save successfully from profile 5508216801 na tabela leads<br>
<br>
<br>
<br>
 ---------->Leads extracted and save successfully from profile 6883543348 na tabela leads<br>
<br>
<br>
<br>
 ---------->Leads extracted and save successfully from profile 1786600545 na tabela leads<br>
<br>
<br>
<br>
 ---------->Leads extracted and save successfully from profile 342807295 na tabela leads<br>
<br>
 Client ---> m0r3n0  Campaing --> 3  Profile --> festa:  proccess correctly<br><br>

<br />
<b>Notice</b>:  Undefined variable: login_data in <b>/opt/lampp/htdocs/leads/worker/class/Robot.php</b> on line <b>272</b><br />
<br />
<b>Notice</b>:  Undefined variable: login_data in <b>/opt/lampp/htdocs/leads/worker/class/Robot.php</b> on line <b>272</b><br />
<br />
<b>Notice</b>:  Undefined variable: login_data in <b>/opt/lampp/htdocs/leads/worker/class/Robot.php</b> on line <b>272</b><br />
<br />
<b>Notice</b>:  Undefined variable: login_data in <b>/opt/lampp/htdocs/leads/worker/class/Robot.php</b> on line <b>272</b><br />
<br />
<b>Notice</b>:  Undefined variable: login_data in <b>/opt/lampp/htdocs/leads/worker/class/Robot.php</b> on line <b>272</b><br />
<br />
<b>Notice</b>:  Undefined variable: login_data in <b>/opt/lampp/htdocs/leads/worker/class/Robot.php</b> on line <b>272</b><br />
<br />
<b>Notice</b>:  Undefined variable: login_data in <b>/opt/lampp/htdocs/leads/worker/class/Robot.php</b> on line <b>272</b><br />
<br />
<b>Notice</b>:  Undefined variable: login_data in <b>/opt/lampp/htdocs/leads/worker/class/Robot.php</b> on line <b>272</b><br />
<br />
<b>Notice</b>:  Undefined variable: login_data in <b>/opt/lampp/htdocs/leads/worker/class/Robot.php</b> on line <b>272</b><br />
<br />
<b>Notice</b>:  Undefined variable: login_data in <b>/opt/lampp/htdocs/leads/worker/class/Robot.php</b> on line <b>272</b><br />
<br />
<b>Notice</b>:  Undefined variable: login_data in <b>/opt/lampp/htdocs/leads/worker/class/Robot.php</b> on line <b>272</b><br />
<br />
<b>Notice</b>:  Undefined variable: login_data in <b>/opt/lampp/htdocs/leads/worker/class/Robot.php</b> on line <b>272</b><br />
<br />
<b>Notice</b>:  Undefined variable: login_data in <b>/opt/lampp/htdocs/leads/worker/class/Robot.php</b> on line <b>272</b><br />
<br />
<b>Notice</b>:  Undefined variable: login_data in <b>/opt/lampp/htdocs/leads/worker/class/Robot.php</b> on line <b>272</b><br />
<br />
<b>Notice</b>:  Undefined variable: login_data in <b>/opt/lampp/htdocs/leads/worker/class/Robot.php</b> on line <b>272</b><br />
<br />
<b>Notice</b>:  Undefined variable: login_data in <b>/opt/lampp/htdocs/leads/worker/class/Robot.php</b> on line <b>272</b><br />
<br />
<b>Notice</b>:  Undefined variable: login_data in <b>/opt/lampp/htdocs/leads/worker/class/Robot.php</b> on line <b>272</b><br />
<br />
<b>Notice</b>:  Undefined variable: login_data in <b>/opt/lampp/htdocs/leads/worker/class/Robot.php</b> on line <b>272</b><br />
<br />
<b>Notice</b>:  Undefined variable: login_data in <b>/opt/lampp/htdocs/leads/worker/class/Robot.php</b> on line <b>272</b><br />
<br />
<b>Notice</b>:  Undefined variable: login_data in <b>/opt/lampp/htdocs/leads/worker/class/Robot.php</b> on line <b>272</b><br />
<br />
<b>Notice</b>:  Undefined variable: login_data in <b>/opt/lampp/htdocs/leads/worker/class/Robot.php</b> on line <b>272</b><br />
<br />
<b>Notice</b>:  Undefined variable: login_data in <b>/opt/lampp/htdocs/leads/worker/class/Robot.php</b> on line <b>272</b><br />
<br />
<b>Notice</b>:  Undefined variable: login_data in <b>/opt/lampp/htdocs/leads/worker/class/Robot.php</b> on line <b>272</b><br />
<br />
<b>Notice</b>:  Undefined variable: login_data in <b>/opt/lampp/htdocs/leads/worker/class/Robot.php</b> on line <b>272</b><br />
<br />
<b>Notice</b>:  Undefined variable: login_data in <b>/opt/lampp/htdocs/leads/worker/class/Robot.php</b> on line <b>272</b><br />
<br />
<b>Notice</b>:  Undefined variable: login_data in <b>/opt/lampp/htdocs/leads/worker/class/Robot.php</b> on line <b>272</b><br />
<br />
<b>Notice</b>:  Undefined variable: login_data in <b>/opt/lampp/htdocs/leads/worker/class/Robot.php</b> on line <b>272</b><br />
<br />
<b>Notice</b>:  Undefined variable: login_data in <b>/opt/lampp/htdocs/leads/worker/class/Robot.php</b> on line <b>272</b><br />
<br />
<b>Notice</b>:  Undefined variable: login_data in <b>/opt/lampp/htdocs/leads/worker/class/Robot.php</b> on line <b>272</b><br />
<br />
<b>Notice</b>:  Undefined variable: login_data in <b>/opt/lampp/htdocs/leads/worker/class/Robot.php</b> on line <b>272</b><br />
<br />
<b>Notice</b>:  Undefined variable: login_data in <b>/opt/lampp/htdocs/leads/worker/class/Robot.php</b> on line <b>272</b><br />
<br />
<b>Notice</b>:  Undefined variable: login_data in <b>/opt/lampp/htdocs/leads/worker/class/Robot.php</b> on line <b>272</b><br />
<br />
<b>Notice</b>:  Undefined variable: login_data in <b>/opt/lampp/htdocs/leads/worker/class/Robot.php</b> on line <b>272</b><br />
<br />
<b>Notice</b>:  Undefined variable: login_data in <b>/opt/lampp/htdocs/leads/worker/class/Robot.php</b> on line <b>272</b><br />
<br />
<b>Notice</b>:  Undefined variable: login_data in <b>/opt/lampp/htdocs/leads/worker/class/Robot.php</b> on line <b>272</b><br />
<br />
<b>Notice</b>:  Undefined variable: login_data in <b>/opt/lampp/htdocs/leads/worker/class/Robot.php</b> on line <b>272</b><br />
<br />
<b>Notice</b>:  Undefined variable: login_data in <b>/opt/lampp/htdocs/leads/worker/class/Robot.php</b> on line <b>272</b><br />
<br />
<b>Notice</b>:  Undefined variable: login_data in <b>/opt/lampp/htdocs/leads/worker/class/Robot.php</b> on line <b>272</b><br />
<br />
<b>Notice</b>:  Undefined variable: login_data in <b>/opt/lampp/htdocs/leads/worker/class/Robot.php</b> on line <b>272</b><br />
<br />
<b>Notice</b>:  Undefined variable: login_data in <b>/opt/lampp/htdocs/leads/worker/class/Robot.php</b> on line <b>272</b><br />
<br />
<b>Notice</b>:  Undefined variable: login_data in <b>/opt/lampp/htdocs/leads/worker/class/Robot.php</b> on line <b>272</b><br />
<br />
<b>Notice</b>:  Undefined variable: login_data in <b>/opt/lampp/htdocs/leads/worker/class/Robot.php</b> on line <b>272</b><br />
<br />
<b>Notice</b>:  Undefined variable: login_data in <b>/opt/lampp/htdocs/leads/worker/class/Robot.php</b> on line <b>272</b><br />
<br />
<b>Notice</b>:  Undefined variable: login_data in <b>/opt/lampp/htdocs/leads/worker/class/Robot.php</b> on line <b>272</b><br />
<br />
<b>Notice</b>:  Undefined variable: login_data in <b>/opt/lampp/htdocs/leads/worker/class/Robot.php</b> on line <b>272</b><br />
<br />
<b>Notice</b>:  Undefined variable: login_data in <b>/opt/lampp/htdocs/leads/worker/class/Robot.php</b> on line <b>272</b><br />
<br />
<b>Notice</b>:  Undefined variable: login_data in <b>/opt/lampp/htdocs/leads/worker/class/Robot.php</b> on line <b>272</b><br />
<br />
<b>Notice</b>:  Undefined variable: login_data in <b>/opt/lampp/htdocs/leads/worker/class/Robot.php</b> on line <b>272</b><br />
<br />
<b>Notice</b>:  Undefined variable: login_data in <b>/opt/lampp/htdocs/leads/worker/class/Robot.php</b> on line <b>272</b><br />
<br />
<b>Notice</b>:  Undefined variable: login_data in <b>/opt/lampp/htdocs/leads/worker/class/Robot.php</b> on line <b>272</b><br />
<br>
<br>
 ---------->Leads extracted and save successfully from profile 1433261024 na tabela leads<br>
<br>
<br>
<br>
 ---------->Leads extracted and save successfully from profile 6307546 na tabela leads<br>
<br>
<br>
<br>
 ---------->Leads extracted and save successfully from profile 256152163 na tabela leads<br>
<br>
<br>
<br>
 ---------->Leads extracted and save successfully from profile 359889319 na tabela leads<br>
<br>
<br>
<br>
 ---------->Leads extracted and save successfully from profile 3753718555 na tabela leads<br>
<br>
<br>
<br>
 ---------->Leads extracted and save successfully from profile 5312306798 na tabela leads<br>
<br>
<br>
<br>
 ---------->Leads extracted and save successfully from profile 5745794552 na tabela leads<br>
<br>
<br>
<br>
 ---------->Leads extracted and save successfully from profile 7558249579 na tabela leads<br>
<br>
<br>
<br>
 ---------->Leads extracted and save successfully from profile 5745794552 na tabela leads<br>
<br>
<br>
<br>
 ---------->Leads extracted and save successfully from profile 3079669437 na tabela leads<br>
<br>
<br>
<br>
 ---------->Leads extracted and save successfully from profile 3156014484 na tabela leads<br>
<br>
<br>
<br>
 ---------->Leads extracted and save successfully from profile 1561280887 na tabela leads<br>
<br>
<br>
<br>
 ---------->Leads extracted and save successfully from profile 28030416 na tabela leads<br>
<br>
<br>
<br>
 ---------->Leads extracted and save successfully from profile 5706530858 na tabela leads<br>
<br>
<br>
<br>
 ---------->Leads extracted and save successfully from profile 6021588650 na tabela leads<br>
<br>
<br>
<br>
 ---------->Leads extracted and save successfully from profile 145446399 na tabela leads<br>
<br>
<br>
<br>
 ---------->Leads extracted and save successfully from profile 1561280887 na tabela leads<br>
<br>
<br>
<br>
 ---------->Leads extracted and save successfully from profile 6220664412 na tabela leads<br>
<br>
 Client ---> m0r3n0  Campaing --> 2  Profile --> icarai-rio-de-janeiro-brazil:  proccess correctly<br><br>

<br />
<b>Notice</b>:  Undefined variable: login_data in <b>/opt/lampp/htdocs/leads/worker/class/Robot.php</b> on line <b>397</b><br />
<br />
<b>Notice</b>:  Undefined variable: login_data in <b>/opt/lampp/htdocs/leads/worker/class/Robot.php</b> on line <b>397</b><br />
<br />
<b>Notice</b>:  Undefined variable: login_data in <b>/opt/lampp/htdocs/leads/worker/class/Robot.php</b> on line <b>397</b><br />
<br />
<b>Notice</b>:  Undefined variable: login_data in <b>/opt/lampp/htdocs/leads/worker/class/Robot.php</b> on line <b>397</b><br />
<br />
<b>Notice</b>:  Undefined variable: login_data in <b>/opt/lampp/htdocs/leads/worker/class/Robot.php</b> on line <b>397</b><br />
<br>
<br>
 ---------->Leads extracted and save successfully from profile 2013857618 na tabela leads<br>
<br>
<br>
<br>
 ---------->Leads extracted and save successfully from profile 2013857618 na tabela leads<br>
<br>
<br>
<br>
 ---------->Leads extracted and save successfully from profile 3301126962 na tabela leads<br>
<br>
 Client ---> m0r3n0  Campaing --> 3  Profile --> cerveija:  proccess correctly<br><br>

<br />
<b>Notice</b>:  Undefined variable: login_data in <b>/opt/lampp/htdocs/leads/worker/class/Robot.php</b> on line <b>272</b><br />
<br />
<b>Notice</b>:  Undefined variable: login_data in <b>/opt/lampp/htdocs/leads/worker/class/Robot.php</b> on line <b>272</b><br />
<br />
<b>Notice</b>:  Undefined variable: login_data in <b>/opt/lampp/htdocs/leads/worker/class/Robot.php</b> on line <b>272</b><br />
<br />
<b>Notice</b>:  Undefined variable: login_data in <b>/opt/lampp/htdocs/leads/worker/class/Robot.php</b> on line <b>272</b><br />
<br />
<b>Notice</b>:  Undefined variable: login_data in <b>/opt/lampp/htdocs/leads/worker/class/Robot.php</b> on line <b>272</b><br />
<br />
<b>Notice</b>:  Undefined variable: login_data in <b>/opt/lampp/htdocs/leads/worker/class/Robot.php</b> on line <b>272</b><br />
<br />
<b>Notice</b>:  Undefined variable: login_data in <b>/opt/lampp/htdocs/leads/worker/class/Robot.php</b> on line <b>272</b><br />
<br />
<b>Notice</b>:  Undefined variable: login_data in <b>/opt/lampp/htdocs/leads/worker/class/Robot.php</b> on line <b>272</b><br />
<br />
<b>Notice</b>:  Undefined variable: login_data in <b>/opt/lampp/htdocs/leads/worker/class/Robot.php</b> on line <b>272</b><br />
<br />
<b>Notice</b>:  Undefined variable: login_data in <b>/opt/lampp/htdocs/leads/worker/class/Robot.php</b> on line <b>272</b><br />
<br />
<b>Notice</b>:  Undefined variable: login_data in <b>/opt/lampp/htdocs/leads/worker/class/Robot.php</b> on line <b>272</b><br />
<br />
<b>Notice</b>:  Undefined variable: login_data in <b>/opt/lampp/htdocs/leads/worker/class/Robot.php</b> on line <b>272</b><br />
<br />
<b>Notice</b>:  Undefined variable: login_data in <b>/opt/lampp/htdocs/leads/worker/class/Robot.php</b> on line <b>272</b><br />
<br />
<b>Notice</b>:  Undefined variable: login_data in <b>/opt/lampp/htdocs/leads/worker/class/Robot.php</b> on line <b>272</b><br />
<br />
<b>Notice</b>:  Undefined variable: login_data in <b>/opt/lampp/htdocs/leads/worker/class/Robot.php</b> on line <b>272</b><br />
<br />
<b>Notice</b>:  Undefined variable: login_data in <b>/opt/lampp/htdocs/leads/worker/class/Robot.php</b> on line <b>272</b><br />
<br />
<b>Notice</b>:  Undefined variable: login_data in <b>/opt/lampp/htdocs/leads/worker/class/Robot.php</b> on line <b>272</b><br />
<br />
<b>Notice</b>:  Undefined variable: login_data in <b>/opt/lampp/htdocs/leads/worker/class/Robot.php</b> on line <b>272</b><br />
<br />
<b>Notice</b>:  Undefined variable: login_data in <b>/opt/lampp/htdocs/leads/worker/class/Robot.php</b> on line <b>272</b><br />
<br />
<b>Notice</b>:  Undefined variable: login_data in <b>/opt/lampp/htdocs/leads/worker/class/Robot.php</b> on line <b>272</b><br />
<br />
<b>Notice</b>:  Undefined variable: login_data in <b>/opt/lampp/htdocs/leads/worker/class/Robot.php</b> on line <b>272</b><br />
<br />
<b>Notice</b>:  Undefined variable: login_data in <b>/opt/lampp/htdocs/leads/worker/class/Robot.php</b> on line <b>272</b><br />
<br />
<b>Notice</b>:  Undefined variable: login_data in <b>/opt/lampp/htdocs/leads/worker/class/Robot.php</b> on line <b>272</b><br />
<br />
<b>Notice</b>:  Undefined variable: login_data in <b>/opt/lampp/htdocs/leads/worker/class/Robot.php</b> on line <b>272</b><br />
<br />
<b>Notice</b>:  Undefined variable: login_data in <b>/opt/lampp/htdocs/leads/worker/class/Robot.php</b> on line <b>272</b><br />
<br />
<b>Notice</b>:  Undefined variable: login_data in <b>/opt/lampp/htdocs/leads/worker/class/Robot.php</b> on line <b>272</b><br />
<br />
<b>Notice</b>:  Undefined variable: login_data in <b>/opt/lampp/htdocs/leads/worker/class/Robot.php</b> on line <b>272</b><br />
<br />
<b>Notice</b>:  Undefined variable: login_data in <b>/opt/lampp/htdocs/leads/worker/class/Robot.php</b> on line <b>272</b><br />
<br />
<b>Notice</b>:  Undefined variable: login_data in <b>/opt/lampp/htdocs/leads/worker/class/Robot.php</b> on line <b>272</b><br />
<br />
<b>Notice</b>:  Undefined variable: login_data in <b>/opt/lampp/htdocs/leads/worker/class/Robot.php</b> on line <b>272</b><br />
<br />
<b>Notice</b>:  Undefined variable: login_data in <b>/opt/lampp/htdocs/leads/worker/class/Robot.php</b> on line <b>272</b><br />
<br />
<b>Notice</b>:  Undefined variable: login_data in <b>/opt/lampp/htdocs/leads/worker/class/Robot.php</b> on line <b>272</b><br />
<br />
<b>Notice</b>:  Undefined variable: login_data in <b>/opt/lampp/htdocs/leads/worker/class/Robot.php</b> on line <b>272</b><br />
<br />
<b>Notice</b>:  Undefined variable: login_data in <b>/opt/lampp/htdocs/leads/worker/class/Robot.php</b> on line <b>272</b><br />
<br />
<b>Notice</b>:  Undefined variable: login_data in <b>/opt/lampp/htdocs/leads/worker/class/Robot.php</b> on line <b>272</b><br />
<br />
<b>Notice</b>:  Undefined variable: login_data in <b>/opt/lampp/htdocs/leads/worker/class/Robot.php</b> on line <b>272</b><br />
<br />
<b>Notice</b>:  Undefined variable: login_data in <b>/opt/lampp/htdocs/leads/worker/class/Robot.php</b> on line <b>272</b><br />
<br />
<b>Notice</b>:  Undefined variable: login_data in <b>/opt/lampp/htdocs/leads/worker/class/Robot.php</b> on line <b>272</b><br />
<br />
<b>Notice</b>:  Undefined variable: login_data in <b>/opt/lampp/htdocs/leads/worker/class/Robot.php</b> on line <b>272</b><br />
<br />
<b>Notice</b>:  Undefined variable: login_data in <b>/opt/lampp/htdocs/leads/worker/class/Robot.php</b> on line <b>272</b><br />
<br />
<b>Notice</b>:  Undefined variable: login_data in <b>/opt/lampp/htdocs/leads/worker/class/Robot.php</b> on line <b>272</b><br />
<br />
<b>Notice</b>:  Undefined variable: login_data in <b>/opt/lampp/htdocs/leads/worker/class/Robot.php</b> on line <b>272</b><br />
<br />
<b>Notice</b>:  Undefined variable: login_data in <b>/opt/lampp/htdocs/leads/worker/class/Robot.php</b> on line <b>272</b><br />
<br>
<br>
 ---------->Leads extracted and save successfully from profile 7750919433 na tabela leads<br>
<br>
<br>
<br>
 ---------->Leads extracted and save successfully from profile 19816983 na tabela leads<br>
<br>
<br>
<br>
 ---------->Leads extracted and save successfully from profile 376027261 na tabela leads<br>
<br>
<br>
<br>
 ---------->Leads extracted and save successfully from profile 1988562076 na tabela leads<br>
<br>
<br>
<br>
 ---------->Leads extracted and save successfully from profile 2151439337 na tabela leads<br>
<br>
<br>
<br>
 ---------->Leads extracted and save successfully from profile 943575519 na tabela leads<br>
<br>
<br>
<br>
 ---------->Leads extracted and save successfully from profile 1497015979 na tabela leads<br>
<br>
<br>
<br>
 ---------->Leads extracted and save successfully from profile 531391401 na tabela leads<br>
<br>
 Client ---> m0r3n0  Campaing --> 2  Profile --> lima-peru:  proccess correctly<br><br>

<br />
<b>Notice</b>:  Undefined variable: login_data in <b>/opt/lampp/htdocs/leads/worker/class/Robot.php</b> on line <b>397</b><br />
<br />
<b>Notice</b>:  Undefined variable: login_data in <b>/opt/lampp/htdocs/leads/worker/class/Robot.php</b> on line <b>397</b><br />
<br />
<b>Notice</b>:  Undefined variable: login_data in <b>/opt/lampp/htdocs/leads/worker/class/Robot.php</b> on line <b>397</b><br />
<br />
<b>Notice</b>:  Undefined variable: login_data in <b>/opt/lampp/htdocs/leads/worker/class/Robot.php</b> on line <b>397</b><br />
<br />
<b>Notice</b>:  Undefined variable: login_data in <b>/opt/lampp/htdocs/leads/worker/class/Robot.php</b> on line <b>397</b><br />
 Client ---> m0r3n0  Campaing --> 3  Profile --> festa:  proccess correctly<br><br>

<br />
<b>Notice</b>:  Undefined variable: login_data in <b>/opt/lampp/htdocs/leads/worker/class/Robot.php</b> on line <b>397</b><br />
<br />
<b>Notice</b>:  Undefined variable: login_data in <b>/opt/lampp/htdocs/leads/worker/class/Robot.php</b> on line <b>397</b><br />
<br />
<b>Notice</b>:  Undefined variable: login_data in <b>/opt/lampp/htdocs/leads/worker/class/Robot.php</b> on line <b>397</b><br />
<br />
<b>Notice</b>:  Undefined variable: login_data in <b>/opt/lampp/htdocs/leads/worker/class/Robot.php</b> on line <b>397</b><br />
<br />
<b>Notice</b>:  Undefined variable: login_data in <b>/opt/lampp/htdocs/leads/worker/class/Robot.php</b> on line <b>397</b><br />
<br>
<br>
 ---------->Leads extracted and save successfully from profile 709691325 na tabela leads<br>
<br>
 Client ---> m0r3n0  Campaing --> 3  Profile --> festa: Throttled by Instagram because of too many API requests.<br><br>

<br />
<b>Notice</b>:  Undefined variable: login_data in <b>/opt/lampp/htdocs/leads/worker/class/Robot.php</b> on line <b>397</b><br />
<br />
<b>Notice</b>:  Undefined variable: login_data in <b>/opt/lampp/htdocs/leads/worker/class/Robot.php</b> on line <b>397</b><br />
<br />
<b>Notice</b>:  Undefined variable: login_data in <b>/opt/lampp/htdocs/leads/worker/class/Robot.php</b> on line <b>397</b><br />
<br />
<b>Notice</b>:  Undefined variable: login_data in <b>/opt/lampp/htdocs/leads/worker/class/Robot.php</b> on line <b>397</b><br />
<br />
<b>Notice</b>:  Undefined variable: login_data in <b>/opt/lampp/htdocs/leads/worker/class/Robot.php</b> on line <b>397</b><br />
<br />
<b>Notice</b>:  Undefined variable: login_data in <b>/opt/lampp/htdocs/leads/worker/class/Robot.php</b> on line <b>397</b><br />
<br>
<br>
 ---------->Leads extracted and save successfully from profile 2013857618 na tabela leads<br>
<br>
<br>
<br>
 ---------->Leads extracted and save successfully from profile 2237030626 na tabela leads<br>
<br>
<br>
<br>
 ---------->Leads extracted and save successfully from profile 3301126962 na tabela leads<br>
<br>
<br>
<br>
 ---------->Leads extracted and save successfully from profile 3577614686 na tabela leads<br>
<br>
<br>
<br>
 ---------->Leads extracted and save successfully from profile 3132910663 na tabela leads<br>
<br>
 Client ---> m0r3n0  Campaing --> 3  Profile --> cerveija:  proccess correctly<br><br>

<br />
<b>Notice</b>:  Undefined variable: login_data in <b>/opt/lampp/htdocs/leads/worker/class/Robot.php</b> on line <b>397</b><br />
<br />
<b>Notice</b>:  Undefined variable: login_data in <b>/opt/lampp/htdocs/leads/worker/class/Robot.php</b> on line <b>397</b><br />
<br />
<b>Notice</b>:  Undefined variable: login_data in <b>/opt/lampp/htdocs/leads/worker/class/Robot.php</b> on line <b>397</b><br />
<br />
<b>Notice</b>:  Undefined variable: login_data in <b>/opt/lampp/htdocs/leads/worker/class/Robot.php</b> on line <b>397</b><br />
<br />
<b>Notice</b>:  Undefined variable: login_data in <b>/opt/lampp/htdocs/leads/worker/class/Robot.php</b> on line <b>397</b><br />
<br />
<b>Notice</b>:  Undefined variable: login_data in <b>/opt/lampp/htdocs/leads/worker/class/Robot.php</b> on line <b>397</b><br />
<br>
<br>
 ---------->Leads extracted and save successfully from profile 6063270557 na tabela leads<br>
<br>
<br>
<br>
 ---------->Leads extracted and save successfully from profile 2243119008 na tabela leads<br>
<br>
<br>
<br>
 ---------->Leads extracted and save successfully from profile 505352890 na tabela leads<br>
<br>
<br>
<br>
 ---------->Leads extracted and save successfully from profile 3112907371 na tabela leads<br>
<br>
<br>
<br>
 ---------->Leads extracted and save successfully from profile 47296291 na tabela leads<br>
<br>
 Client ---> m0r3n0  Campaing --> 3  Profile --> festa:  proccess correctly<br><br>

<br />
<b>Notice</b>:  Undefined variable: login_data in <b>/opt/lampp/htdocs/leads/worker/class/Robot.php</b> on line <b>397</b><br />
<br />
<b>Notice</b>:  Undefined variable: login_data in <b>/opt/lampp/htdocs/leads/worker/class/Robot.php</b> on line <b>397</b><br />
<br />
<b>Notice</b>:  Undefined variable: login_data in <b>/opt/lampp/htdocs/leads/worker/class/Robot.php</b> on line <b>397</b><br />
<br />
<b>Notice</b>:  Undefined variable: login_data in <b>/opt/lampp/htdocs/leads/worker/class/Robot.php</b> on line <b>397</b><br />
<br />
<b>Notice</b>:  Undefined variable: login_data in <b>/opt/lampp/htdocs/leads/worker/class/Robot.php</b> on line <b>397</b><br />
<br />
<b>Notice</b>:  Undefined variable: login_data in <b>/opt/lampp/htdocs/leads/worker/class/Robot.php</b> on line <b>397</b><br />
<br>
<br>
 ---------->Leads extracted and save successfully from profile 3301126962 na tabela leads<br>
<br>
<br>
<br>
 ---------->Leads extracted and save successfully from profile 7554966885 na tabela leads<br>
<br>
<br>
<br>
 ---------->Leads extracted and save successfully from profile 2013857618 na tabela leads<br>
<br>
 Client ---> m0r3n0  Campaing --> 3  Profile --> cerveija:  proccess correctly<br><br>

<br />
<b>Notice</b>:  Undefined variable: login_data in <b>/opt/lampp/htdocs/leads/worker/class/Robot.php</b> on line <b>397</b><br />
<br />
<b>Notice</b>:  Undefined variable: login_data in <b>/opt/lampp/htdocs/leads/worker/class/Robot.php</b> on line <b>397</b><br />
<br />
<b>Notice</b>:  Undefined variable: login_data in <b>/opt/lampp/htdocs/leads/worker/class/Robot.php</b> on line <b>397</b><br />
<br />
<b>Notice</b>:  Undefined variable: login_data in <b>/opt/lampp/htdocs/leads/worker/class/Robot.php</b> on line <b>397</b><br />
<br />
<b>Notice</b>:  Undefined variable: login_data in <b>/opt/lampp/htdocs/leads/worker/class/Robot.php</b> on line <b>397</b><br />
<br />
<b>Notice</b>:  Undefined variable: login_data in <b>/opt/lampp/htdocs/leads/worker/class/Robot.php</b> on line <b>397</b><br />
<br>
<br>
 ---------->Leads extracted and save successfully from profile 4190275545 na tabela leads<br>
<br>
 Client ---> m0r3n0  Campaing --> 3  Profile --> festa:  proccess correctly<br><br>

<br />
<b>Notice</b>:  Undefined variable: login_data in <b>/opt/lampp/htdocs/leads/worker/class/Robot.php</b> on line <b>397</b><br />
<br />
<b>Notice</b>:  Undefined variable: login_data in <b>/opt/lampp/htdocs/leads/worker/class/Robot.php</b> on line <b>397</b><br />
<br />
<b>Notice</b>:  Undefined variable: login_data in <b>/opt/lampp/htdocs/leads/worker/class/Robot.php</b> on line <b>397</b><br />
<br />
<b>Notice</b>:  Undefined variable: login_data in <b>/opt/lampp/htdocs/leads/worker/class/Robot.php</b> on line <b>397</b><br />
<br />
<b>Notice</b>:  Undefined variable: login_data in <b>/opt/lampp/htdocs/leads/worker/class/Robot.php</b> on line <b>397</b><br />
<br />
<b>Notice</b>:  Undefined variable: login_data in <b>/opt/lampp/htdocs/leads/worker/class/Robot.php</b> on line <b>397</b><br />
<br>
<br>
 ---------->Leads extracted and save successfully from profile 472349672 na tabela leads<br>
<br>
<br>
<br>
 ---------->Leads extracted and save successfully from profile 3301126962 na tabela leads<br>
<br>
<br>
<br>
 ---------->Leads extracted and save successfully from profile 2013857618 na tabela leads<br>
<br>
 Client ---> m0r3n0  Campaing --> 3  Profile --> cerveija:  proccess correctly<br><br>

<br />
<b>Notice</b>:  Undefined variable: login_data in <b>/opt/lampp/htdocs/leads/worker/class/Robot.php</b> on line <b>397</b><br />
<br />
<b>Notice</b>:  Undefined variable: login_data in <b>/opt/lampp/htdocs/leads/worker/class/Robot.php</b> on line <b>397</b><br />
<br />
<b>Notice</b>:  Undefined variable: login_data in <b>/opt/lampp/htdocs/leads/worker/class/Robot.php</b> on line <b>397</b><br />
<br />
<b>Notice</b>:  Undefined variable: login_data in <b>/opt/lampp/htdocs/leads/worker/class/Robot.php</b> on line <b>397</b><br />
<br />
<b>Notice</b>:  Undefined variable: login_data in <b>/opt/lampp/htdocs/leads/worker/class/Robot.php</b> on line <b>397</b><br />
<br>
<br>
 ---------->Leads extracted and save successfully from profile 790724271 na tabela leads<br>
<br>
<br>
<br>
 ---------->Leads extracted and save successfully from profile 251913260 na tabela leads<br>
<br>
<br>
<br>
 ---------->Leads extracted and save successfully from profile 3112907371 na tabela leads<br>
<br>
<br>
<br>
 ---------->Leads extracted and save successfully from profile 6003284513 na tabela leads<br>
<br>
<br>
<br>
 ---------->Leads extracted and save successfully from profile 274148522 na tabela leads<br>
<br>
 Client ---> m0r3n0  Campaing --> 3  Profile --> festa:  proccess correctly<br><br>

<br />
<b>Notice</b>:  Undefined variable: login_data in <b>/opt/lampp/htdocs/leads/worker/class/Robot.php</b> on line <b>397</b><br />
<br />
<b>Notice</b>:  Undefined variable: login_data in <b>/opt/lampp/htdocs/leads/worker/class/Robot.php</b> on line <b>397</b><br />
<br />
<b>Notice</b>:  Undefined variable: login_data in <b>/opt/lampp/htdocs/leads/worker/class/Robot.php</b> on line <b>397</b><br />
<br />
<b>Notice</b>:  Undefined variable: login_data in <b>/opt/lampp/htdocs/leads/worker/class/Robot.php</b> on line <b>397</b><br />
<br />
<b>Notice</b>:  Undefined variable: login_data in <b>/opt/lampp/htdocs/leads/worker/class/Robot.php</b> on line <b>397</b><br />
<br />
<b>Notice</b>:  Undefined variable: login_data in <b>/opt/lampp/htdocs/leads/worker/class/Robot.php</b> on line <b>397</b><br />
<br>
<br>
 ---------->Leads extracted and save successfully from profile 5926790055 na tabela leads<br>
<br>
<br>
<br>
 ---------->Leads extracted and save successfully from profile 3132910663 na tabela leads<br>
<br>
<br>
<br>
 ---------->Leads extracted and save successfully from profile 2013857618 na tabela leads<br>
<br>
<br>
<br>
 ---------->Leads extracted and save successfully from profile 3301126962 na tabela leads<br>
<br>
<br>
<br>
 ---------->Leads extracted and save successfully from profile 5926790055 na tabela leads<br>
<br>
 Client ---> m0r3n0  Campaing --> 3  Profile --> cerveija:  proccess correctly<br><br>

<br />
<b>Notice</b>:  Undefined variable: login_data in <b>/opt/lampp/htdocs/leads/worker/class/Robot.php</b> on line <b>397</b><br />
<br />
<b>Notice</b>:  Undefined variable: login_data in <b>/opt/lampp/htdocs/leads/worker/class/Robot.php</b> on line <b>397</b><br />
<br />
<b>Notice</b>:  Undefined variable: login_data in <b>/opt/lampp/htdocs/leads/worker/class/Robot.php</b> on line <b>397</b><br />
<br />
<b>Notice</b>:  Undefined variable: login_data in <b>/opt/lampp/htdocs/leads/worker/class/Robot.php</b> on line <b>397</b><br />
<br />
<b>Notice</b>:  Undefined variable: login_data in <b>/opt/lampp/htdocs/leads/worker/class/Robot.php</b> on line <b>397</b><br />
<br />
<b>Notice</b>:  Undefined variable: login_data in <b>/opt/lampp/htdocs/leads/worker/class/Robot.php</b> on line <b>397</b><br />
<br>
<br>
 ---------->Leads extracted and save successfully from profile 3968447851 na tabela leads<br>
<br>
 Client ---> m0r3n0  Campaing --> 3  Profile --> festa:  proccess correctly<br><br>

<br />
<b>Notice</b>:  Undefined variable: login_data in <b>/opt/lampp/htdocs/leads/worker/class/Robot.php</b> on line <b>397</b><br />
<br />
<b>Notice</b>:  Undefined variable: login_data in <b>/opt/lampp/htdocs/leads/worker/class/Robot.php</b> on line <b>397</b><br />
<br />
<b>Notice</b>:  Undefined variable: login_data in <b>/opt/lampp/htdocs/leads/worker/class/Robot.php</b> on line <b>397</b><br />
<br />
<b>Notice</b>:  Undefined variable: login_data in <b>/opt/lampp/htdocs/leads/worker/class/Robot.php</b> on line <b>397</b><br />
<br />
<b>Notice</b>:  Undefined variable: login_data in <b>/opt/lampp/htdocs/leads/worker/class/Robot.php</b> on line <b>397</b><br />
<br>
<br>
 ---------->Leads extracted and save successfully from profile 2013857618 na tabela leads<br>
<br>
<br>
<br>
 ---------->Leads extracted and save successfully from profile 3301126962 na tabela leads<br>
<br>
<br>
<br>
 ---------->Leads extracted and save successfully from profile 3526081392 na tabela leads<br>
<br>
<br>
<br>
 ---------->Leads extracted and save successfully from profile 5334031430 na tabela leads<br>
<br>
 Client ---> m0r3n0  Campaing --> 3  Profile --> cerveija:  proccess correctly<br><br>

<br />
<b>Notice</b>:  Undefined variable: login_data in <b>/opt/lampp/htdocs/leads/worker/class/Robot.php</b> on line <b>397</b><br />
<br />
<b>Notice</b>:  Undefined variable: login_data in <b>/opt/lampp/htdocs/leads/worker/class/Robot.php</b> on line <b>397</b><br />
<br />
<b>Notice</b>:  Undefined variable: login_data in <b>/opt/lampp/htdocs/leads/worker/class/Robot.php</b> on line <b>397</b><br />
<br />
<b>Notice</b>:  Undefined variable: login_data in <b>/opt/lampp/htdocs/leads/worker/class/Robot.php</b> on line <b>397</b><br />
<br>
<br>
 ---------->Leads extracted and save successfully from profile 3112907371 na tabela leads<br>
<br>
<br>
<br>
 ---------->Leads extracted and save successfully from profile 6626693411 na tabela leads<br>
<br>
 Client ---> m0r3n0  Campaing --> 3  Profile --> festa:  proccess correctly<br><br>

<br />
<b>Notice</b>:  Undefined variable: login_data in <b>/opt/lampp/htdocs/leads/worker/class/Robot.php</b> on line <b>397</b><br />
<br />
<b>Notice</b>:  Undefined variable: login_data in <b>/opt/lampp/htdocs/leads/worker/class/Robot.php</b> on line <b>397</b><br />
<br />
<b>Notice</b>:  Undefined variable: login_data in <b>/opt/lampp/htdocs/leads/worker/class/Robot.php</b> on line <b>397</b><br />
<br />
<b>Notice</b>:  Undefined variable: login_data in <b>/opt/lampp/htdocs/leads/worker/class/Robot.php</b> on line <b>397</b><br />
<br />
<b>Notice</b>:  Undefined variable: login_data in <b>/opt/lampp/htdocs/leads/worker/class/Robot.php</b> on line <b>397</b><br />
<br>
<br>
 ---------->Leads extracted and save successfully from profile 2013857618 na tabela leads<br>
<br>
 Client ---> m0r3n0  Campaing --> 3  Profile --> cerveija:  proccess correctly<br><br>

<br />
<b>Notice</b>:  Undefined variable: login_data in <b>/opt/lampp/htdocs/leads/worker/class/Robot.php</b> on line <b>397</b><br />
<br />
<b>Notice</b>:  Undefined variable: login_data in <b>/opt/lampp/htdocs/leads/worker/class/Robot.php</b> on line <b>397</b><br />
<br />
<b>Notice</b>:  Undefined variable: login_data in <b>/opt/lampp/htdocs/leads/worker/class/Robot.php</b> on line <b>397</b><br />
<br />
<b>Notice</b>:  Undefined variable: login_data in <b>/opt/lampp/htdocs/leads/worker/class/Robot.php</b> on line <b>397</b><br />
<br>
<br>
 ---------->Leads extracted and save successfully from profile 217222163 na tabela leads<br>
<br>
<br>
<br>
 ---------->Leads extracted and save successfully from profile 6013989900 na tabela leads<br>
<br>
 Client ---> m0r3n0  Campaing --> 3  Profile --> festa:  proccess correctly<br><br>

<br />
<b>Notice</b>:  Undefined variable: login_data in <b>/opt/lampp/htdocs/leads/worker/class/Robot.php</b> on line <b>397</b><br />
<br />
<b>Notice</b>:  Undefined variable: login_data in <b>/opt/lampp/htdocs/leads/worker/class/Robot.php</b> on line <b>397</b><br />
<br />
<b>Notice</b>:  Undefined variable: login_data in <b>/opt/lampp/htdocs/leads/worker/class/Robot.php</b> on line <b>397</b><br />
<br />
<b>Notice</b>:  Undefined variable: login_data in <b>/opt/lampp/htdocs/leads/worker/class/Robot.php</b> on line <b>397</b><br />
<br />
<b>Notice</b>:  Undefined variable: login_data in <b>/opt/lampp/htdocs/leads/worker/class/Robot.php</b> on line <b>397</b><br />
 Client ---> m0r3n0  Campaing --> 3  Profile --> cerveija:  proccess correctly<br><br>

<br />
<b>Notice</b>:  Undefined variable: login_data in <b>/opt/lampp/htdocs/leads/worker/class/Robot.php</b> on line <b>397</b><br />
<br />
<b>Notice</b>:  Undefined variable: login_data in <b>/opt/lampp/htdocs/leads/worker/class/Robot.php</b> on line <b>397</b><br />
<br />
<b>Notice</b>:  Undefined variable: login_data in <b>/opt/lampp/htdocs/leads/worker/class/Robot.php</b> on line <b>397</b><br />
<br />
<b>Notice</b>:  Undefined variable: login_data in <b>/opt/lampp/htdocs/leads/worker/class/Robot.php</b> on line <b>397</b><br />
<br>
<br>
 ---------->Leads extracted and save successfully from profile 2231704038 na tabela leads<br>
<br>
<br>
<br>
 ---------->Leads extracted and save successfully from profile 734057641 na tabela leads<br>
<br>
 Client ---> m0r3n0  Campaing --> 3  Profile --> festa:  proccess correctly<br><br>

<br />
<b>Notice</b>:  Undefined variable: login_data in <b>/opt/lampp/htdocs/leads/worker/class/Robot.php</b> on line <b>397</b><br />
<br />
<b>Notice</b>:  Undefined variable: login_data in <b>/opt/lampp/htdocs/leads/worker/class/Robot.php</b> on line <b>397</b><br />
<br />
<b>Notice</b>:  Undefined variable: login_data in <b>/opt/lampp/htdocs/leads/worker/class/Robot.php</b> on line <b>397</b><br />
<br />
<b>Notice</b>:  Undefined variable: login_data in <b>/opt/lampp/htdocs/leads/worker/class/Robot.php</b> on line <b>397</b><br />
<br />
<b>Notice</b>:  Undefined variable: login_data in <b>/opt/lampp/htdocs/leads/worker/class/Robot.php</b> on line <b>397</b><br />
<br />
<b>Notice</b>:  Undefined variable: login_data in <b>/opt/lampp/htdocs/leads/worker/class/Robot.php</b> on line <b>397</b><br />
<br>
<br>
 ---------->Leads extracted and save successfully from profile 1287432209 na tabela leads<br>
<br>
 Client ---> m0r3n0  Campaing --> 3  Profile --> cerveija:  proccess correctly<br><br>

<br />
<b>Notice</b>:  Undefined variable: login_data in <b>/opt/lampp/htdocs/leads/worker/class/Robot.php</b> on line <b>397</b><br />
<br />
<b>Notice</b>:  Undefined variable: login_data in <b>/opt/lampp/htdocs/leads/worker/class/Robot.php</b> on line <b>397</b><br />
<br />
<b>Notice</b>:  Undefined variable: login_data in <b>/opt/lampp/htdocs/leads/worker/class/Robot.php</b> on line <b>397</b><br />
<br />
<b>Notice</b>:  Undefined variable: login_data in <b>/opt/lampp/htdocs/leads/worker/class/Robot.php</b> on line <b>397</b><br />
<br>
<br>
 ---------->Leads extracted and save successfully from profile 617547931 na tabela leads<br>
<br>
<br>
<br>
 ---------->Leads extracted and save successfully from profile 4113620099 na tabela leads<br>
<br>
<br>
<br>
 ---------->Leads extracted and save successfully from profile 1164639602 na tabela leads<br>
<br>
 Client ---> m0r3n0  Campaing --> 3  Profile --> festa:  proccess correctly<br><br>

array(1) {
  [0]=>
  string(45) "{"message": "rate limited", "status": "fail"}"
}
curl 'https://www.instagram.com/graphql/query/?query_hash=298b92c8d7cad703f7565aa892ede943&variables=%7B%22tag_name%22%3A%22cerveija%22%2C%22first%22%3A2%2C%22after%22%3A%22AQCGlxOC6cgLeeXS1mnLasv5W2mE656-v7f9ajy2dUH34o95qjfA3PDVkEehIGHudhfjJ5eMtyRdk-x08fbFmVTn3jiMkjF7tHfwFpptsUs89g%22%7D' -H 'Cookie: mid=WvuIHAABAAEzaFE0Mrr8TPMmfozH; sessionid=IGSC1aaf402b87025c7b2c0285cb174a7f6d2187a1c5a5b7bf9384afd5634c2cccdc%3Ad87eyjEqG7xLvK7VLM16C2udERN9zD4n%3A%7B%22_auth_user_id%22%3A7549886606%2C%22_auth_user_backend%22%3A%22accounts.backends.CaseInsensitiveModelBackend%22%2C%22_auth_user_hash%22%3A%22%22%2C%22_platform%22%3A1%2C%22_token_ver%22%3A2%2C%22_token%22%3A%227549886606%3AvUuVsfGq6SDEkUif2gYHk3m5HtYSuleV%3A18a56fc0fbfa13b2e37cac4aaa9ecfd0ab4f9dcdcb0be08642292e7bdd661847%22%2C%22last_refreshed%22%3A1526836455.186331749%7D; s_network=; ig_pr=1; ig_vw=1855; csrftoken=mQNIICJPdfxLK5TxQ6Wrh3EUXKp80PcG; ds_user_id=7549886606' -H 'X-CSRFToken: mQNIICJPdfxLK5TxQ6Wrh3EUXKp80PcG' -H 'Origin: https://www.instagram.com' -H 'Accept-Encoding: gzip, deflate' -H 'Accept-Language: pt-BR,pt;q=0.8,en-US;q=0.6,en;q=0.4' -H 'User-Agent: Mozilla/5.0 (X11; Ubuntu; Linux x86_64; rv:49.0) Gecko/20100101 Firefox/49.0' -H 'X-Requested-with: XMLHttpRequest' -H 'content-type: application/x-www-form-urlencoded' -H 'Accept: */*' -H 'Referer: https://www.instagram.com/' -H 'Authority: www.instagram.com' --compressed <br>n<br>
 Untrated error!!!<br>
<br>
<br />
<b>Fatal error</b>:  Uncaught Error: Class 'leads\cls\Exception' not found in /opt/lampp/htdocs/leads/worker/class/Robot.php:445
Stack trace:
#0 /opt/lampp/htdocs/leads/worker/class/Robot.php(391): leads\cls\Robot-&gt;get_insta_tagmedia(Object(stdClass), 'cerveija', 50, 'AQCGlxOC6cgLeeX...')
#1 /opt/lampp/htdocs/leads/worker/class/Robot.php(104): leads\cls\Robot-&gt;get_profiles_from_hastag('cerveija', Object(stdClass), 50, 'AQCGlxOC6cgLeeX...')
#2 /opt/lampp/htdocs/leads/worker/class/Worker.php(101): leads\cls\Robot-&gt;do_robot_extract_leads(Object(InstagramAPI\Instagram), Object(stdClass), 'false')
#3 /opt/lampp/htdocs/leads/worker/scripts/all/index-do.php(18): leads\cls\Worker-&gt;do_work()
#4 {main}
  thrown in <b>/opt/lampp/htdocs/leads/worker/class/Robot.php</b> on line <b>445</b><br />
