Worker-Robot Leads Inited...!<br>
2018-05-11 01:27:15amRobot1 initialized with robot_profile ricarba18<br>
<br>
<br>
<br>
 ---------->Leads extracted and save successfully from profile 1711204264 na tabela leads<br>
<br>
<br>
<br>
 ---------->Leads extracted and save successfully from profile 6037427700 na tabela leads<br>
<br>
<br>
<br>
 ---------->Leads extracted and save successfully from profile 1276021498 na tabela leads<br>
<br>
<br>
<br>
 ---------->Leads extracted and save successfully from profile 5793413338 na tabela leads<br>
<br>
<br>
<br>
 ---------->Leads extracted and save successfully from profile 3907462295 na tabela leads<br>
<br>
<br>
<br>
 ---------->Leads extracted and save successfully from profile 368940297 na tabela leads<br>
<br>
<br>
<br>
 ---------->Leads extracted and save successfully from profile 1924198890 na tabela leads<br>
<br>
<br>
<br>
 ---------->Leads extracted and save successfully from profile 4729122812 na tabela leads<br>
<br>
<br>
<br>
 ---------->Leads extracted and save successfully from profile 1759560826 na tabela leads<br>
<br>
<br>
<br>
 ---------->Leads extracted and save successfully from profile 3426802095 na tabela leads<br>
<br>
<br>
<br>
 ---------->Leads extracted and save successfully from profile 7438260349 na tabela leads<br>
<br>
<br>
<br>
 ---------->Leads extracted and save successfully from profile 4001538887 na tabela leads<br>
<br>
<br>
<br>
 ---------->Leads extracted and save successfully from profile 316270518 na tabela leads<br>
<br>
<br>
<br>
 ---------->Leads extracted and save successfully from profile 3003114436 na tabela leads<br>
<br>
<br>
<br>
 ---------->Leads extracted and save successfully from profile 512359524 na tabela leads<br>
<br>
<br>
<br>
 ---------->Leads extracted and save successfully from profile 1194222867 na tabela leads<br>
<br>
<br>
<br>
 ---------->Leads extracted and save successfully from profile 7681649263 na tabela leads<br>
<br>
<br>
<br>
 ---------->Leads extracted and save successfully from profile 197831321 na tabela leads<br>
<br>
<br>
<br>
 ---------->Leads extracted and save successfully from profile 800955060 na tabela leads<br>
<br>
<br>
<br>
 ---------->Leads extracted and save successfully from profile 317612942 na tabela leads<br>
<br>
<br>
<br>
 ---------->Leads extracted and save successfully from profile 4460216797 na tabela leads<br>
<br>
<br>
<br>
 ---------->Leads extracted and save successfully from profile 471877542 na tabela leads<br>
<br>
<br>
<br>
 ---------->Leads extracted and save successfully from profile 286307268 na tabela leads<br>
<br>
<br>
<br>
 ---------->Leads extracted and save successfully from profile 143931273 na tabela leads<br>
<br>
<br>
<br>
 ---------->Leads extracted and save successfully from profile 7710678176 na tabela leads<br>
<br>
<br>
<br>
 ---------->Leads extracted and save successfully from profile 7308793607 na tabela leads<br>
<br>
<br>
<br>
 ---------->Leads extracted and save successfully from profile 358096002 na tabela leads<br>
<br>
<br>
<br>
 ---------->Leads extracted and save successfully from profile 6819884353 na tabela leads<br>
<br>
<br>
<br>
 ---------->Leads extracted and save successfully from profile 7701179592 na tabela leads<br>
<br>
<br>
<br>
 ---------->Leads extracted and save successfully from profile 2284419924 na tabela leads<br>
<br>
<br>
<br>
 ---------->Leads extracted and save successfully from profile 3122067643 na tabela leads<br>
<br>
<br>
<br>
 ---------->Leads extracted and save successfully from profile 7664995823 na tabela leads<br>
<br>
<br>
<br>
 ---------->Leads extracted and save successfully from profile 535513911 na tabela leads<br>
<br>
<br>
<br>
 ---------->Leads extracted and save successfully from profile 3039931511 na tabela leads<br>
<br>
<br>
<br>
 ---------->Leads extracted and save successfully from profile 1448894248 na tabela leads<br>
<br>
 Client ---> pedropetti  Campaing --> 9  Profile --> btgpactualdigital:  proccess correctly<br><br>

<br />
<b>Notice</b>:  Undefined offset: 0 in <b>/opt/lampp/htdocs/leads/worker/class/Robot.php</b> on line <b>393</b><br />
array(0) {
}
curl 'https://www.instagram.com/graphql/query/?query_hash=298b92c8d7cad703f7565aa892ede943&variables=%7B%22tag_name%22%3A%22santandervangogh%22%2C%22first%22%3A2%2C%22after%22%3A%22%22%7D' -H 'Cookie: mid=WrseFgABAAHpI3WnYEA-_GmTL5ym; sessionid=IGSC3b4531647a02cf5460d95b0db8ffec6b7b9376d535997f192fb508820c920f9f%3AAfQ6O8I9mjysQmvQZmd23WuDWUYpNNOV%3A%7B%22_auth_user_id%22%3A7307005960%2C%22_auth_user_backend%22%3A%22accounts.backends.CaseInsensitiveModelBackend%22%2C%22_auth_user_hash%22%3A%22%22%2C%22_platform%22%3A1%2C%22_token_ver%22%3A2%2C%22_token%22%3A%227307005960%3AmL82N0gmYPTPO662G5XTCQ9QQGNAPfmW%3Af54a4d32d66d3a25817fb4ae73c104fa8e60b5c943cef13f283dd1bfc6c2a43a%22%2C%22last_refreshed%22%3A1524103395.8317873478%7D; s_network=; ig_pr=1; ig_vw=1855; csrftoken=b8ZIUh1kP3qdCpEBOu6BJJcyC4N3z9qM; ds_user_id=7307005960' -H 'X-CSRFToken: b8ZIUh1kP3qdCpEBOu6BJJcyC4N3z9qM' -H 'Origin: https://www.instagram.com' -H 'Accept-Encoding: gzip, deflate' -H 'Accept-Language: pt-BR,pt;q=0.8,en-US;q=0.6,en;q=0.4' -H 'User-Agent: Mozilla/5.0 (X11; Ubuntu; Linux x86_64; rv:49.0) Gecko/20100101 Firefox/49.0' -H 'X-Requested-with: XMLHttpRequest' -H 'content-type: application/x-www-form-urlencoded' -H 'Accept: */*' -H 'Referer: https://www.instagram.com/' -H 'Authority: www.instagram.com' --compressed <br>n<br>
 Untrated error!!!<br>
<br>
 Client ---> pedropetti  Campaing --> 4  Profile --> santandervangogh:  proccess correctly<br><br>

<br>
<br>
 ---------->Leads extracted and save successfully from profile 440070238 na tabela leads<br>
<br>
<br>
<br>
 ---------->Leads extracted and save successfully from profile 7324656044 na tabela leads<br>
<br>
<br>
<br>
 ---------->Leads extracted and save successfully from profile 5755215099 na tabela leads<br>
<br>
<br>
<br>
 ---------->Leads extracted and save successfully from profile 5894666347 na tabela leads<br>
<br>
<br>
<br>
 ---------->Leads extracted and save successfully from profile 1583429449 na tabela leads<br>
<br>
<br>
<br>
 ---------->Leads extracted and save successfully from profile 4804144720 na tabela leads<br>
<br>
<br>
<br>
 ---------->Leads extracted and save successfully from profile 345907635 na tabela leads<br>
<br>
<br>
<br>
 ---------->Leads extracted and save successfully from profile 420855269 na tabela leads<br>
<br>
<br>
<br>
 ---------->Leads extracted and save successfully from profile 1569883749 na tabela leads<br>
<br>
<br>
<br>
 ---------->Leads extracted and save successfully from profile 1450192372 na tabela leads<br>
<br>
<br>
<br>
 ---------->Leads extracted and save successfully from profile 2300666393 na tabela leads<br>
<br>
<br>
<br>
 ---------->Leads extracted and save successfully from profile 1759560826 na tabela leads<br>
<br>
<br>
<br>
 ---------->Leads extracted and save successfully from profile 4001538887 na tabela leads<br>
<br>
<br>
<br>
 ---------->Leads extracted and save successfully from profile 6256853955 na tabela leads<br>
<br>
<br>
<br>
 ---------->Leads extracted and save successfully from profile 5355312528 na tabela leads<br>
<br>
<br>
<br>
 ---------->Leads extracted and save successfully from profile 236279992 na tabela leads<br>
<br>
<br>
<br>
 ---------->Leads extracted and save successfully from profile 7524691923 na tabela leads<br>
<br>
<br>
<br>
 ---------->Leads extracted and save successfully from profile 2031172561 na tabela leads<br>
<br>
<br>
<br>
 ---------->Leads extracted and save successfully from profile 645996603 na tabela leads<br>
<br>
<br>
<br>
 ---------->Leads extracted and save successfully from profile 1260229923 na tabela leads<br>
<br>
<br>
<br>
 ---------->Leads extracted and save successfully from profile 7308793607 na tabela leads<br>
<br>
<br>
<br>
 ---------->Leads extracted and save successfully from profile 6320761861 na tabela leads<br>
<br>
<br>
<br>
 ---------->Leads extracted and save successfully from profile 568466931 na tabela leads<br>
<br>
<br>
<br>
 ---------->Leads extracted and save successfully from profile 6937620482 na tabe